[2024-07-02T17:06:04.002+0000] {processor.py:153} INFO - Started process (PID=7028) to work on /home/jacksonlmakl/data_flow_tool/airflow_home/airflow_venv/lib/python3.8/site-packages/airflow/example_dags/plugins/workday.py
[2024-07-02T17:06:04.003+0000] {processor.py:743} INFO - Processing file /home/jacksonlmakl/data_flow_tool/airflow_home/airflow_venv/lib/python3.8/site-packages/airflow/example_dags/plugins/workday.py for tasks to queue
[2024-07-02T17:06:04.004+0000] {logging_mixin.py:137} INFO - [2024-07-02T17:06:04.004+0000] {dagbag.py:538} INFO - Filling up the DagBag from /home/jacksonlmakl/data_flow_tool/airflow_home/airflow_venv/lib/python3.8/site-packages/airflow/example_dags/plugins/workday.py
[2024-07-02T17:06:04.008+0000] {processor.py:755} WARNING - No viable dags retrieved from /home/jacksonlmakl/data_flow_tool/airflow_home/airflow_venv/lib/python3.8/site-packages/airflow/example_dags/plugins/workday.py
[2024-07-02T17:06:04.027+0000] {processor.py:175} INFO - Processing /home/jacksonlmakl/data_flow_tool/airflow_home/airflow_venv/lib/python3.8/site-packages/airflow/example_dags/plugins/workday.py took 0.029 seconds
[2024-07-02T17:06:57.749+0000] {processor.py:153} INFO - Started process (PID=7119) to work on /home/jacksonlmakl/data_flow_tool/airflow_home/airflow_venv/lib/python3.8/site-packages/airflow/example_dags/plugins/workday.py
[2024-07-02T17:06:57.751+0000] {processor.py:743} INFO - Processing file /home/jacksonlmakl/data_flow_tool/airflow_home/airflow_venv/lib/python3.8/site-packages/airflow/example_dags/plugins/workday.py for tasks to queue
[2024-07-02T17:06:57.751+0000] {logging_mixin.py:137} INFO - [2024-07-02T17:06:57.751+0000] {dagbag.py:538} INFO - Filling up the DagBag from /home/jacksonlmakl/data_flow_tool/airflow_home/airflow_venv/lib/python3.8/site-packages/airflow/example_dags/plugins/workday.py
[2024-07-02T17:06:57.754+0000] {processor.py:755} WARNING - No viable dags retrieved from /home/jacksonlmakl/data_flow_tool/airflow_home/airflow_venv/lib/python3.8/site-packages/airflow/example_dags/plugins/workday.py
[2024-07-02T17:06:57.769+0000] {processor.py:175} INFO - Processing /home/jacksonlmakl/data_flow_tool/airflow_home/airflow_venv/lib/python3.8/site-packages/airflow/example_dags/plugins/workday.py took 0.024 seconds
[2024-07-02T17:07:55.462+0000] {processor.py:153} INFO - Started process (PID=7201) to work on /home/jacksonlmakl/data_flow_tool/airflow_home/airflow_venv/lib/python3.8/site-packages/airflow/example_dags/plugins/workday.py
[2024-07-02T17:07:55.464+0000] {processor.py:743} INFO - Processing file /home/jacksonlmakl/data_flow_tool/airflow_home/airflow_venv/lib/python3.8/site-packages/airflow/example_dags/plugins/workday.py for tasks to queue
[2024-07-02T17:07:55.465+0000] {logging_mixin.py:137} INFO - [2024-07-02T17:07:55.465+0000] {dagbag.py:538} INFO - Filling up the DagBag from /home/jacksonlmakl/data_flow_tool/airflow_home/airflow_venv/lib/python3.8/site-packages/airflow/example_dags/plugins/workday.py
[2024-07-02T17:07:55.467+0000] {processor.py:755} WARNING - No viable dags retrieved from /home/jacksonlmakl/data_flow_tool/airflow_home/airflow_venv/lib/python3.8/site-packages/airflow/example_dags/plugins/workday.py
[2024-07-02T17:07:55.483+0000] {processor.py:175} INFO - Processing /home/jacksonlmakl/data_flow_tool/airflow_home/airflow_venv/lib/python3.8/site-packages/airflow/example_dags/plugins/workday.py took 0.025 seconds
[2024-07-02T17:08:52.920+0000] {processor.py:153} INFO - Started process (PID=7257) to work on /home/jacksonlmakl/data_flow_tool/airflow_home/airflow_venv/lib/python3.8/site-packages/airflow/example_dags/plugins/workday.py
[2024-07-02T17:08:52.922+0000] {processor.py:743} INFO - Processing file /home/jacksonlmakl/data_flow_tool/airflow_home/airflow_venv/lib/python3.8/site-packages/airflow/example_dags/plugins/workday.py for tasks to queue
[2024-07-02T17:08:52.922+0000] {logging_mixin.py:137} INFO - [2024-07-02T17:08:52.922+0000] {dagbag.py:538} INFO - Filling up the DagBag from /home/jacksonlmakl/data_flow_tool/airflow_home/airflow_venv/lib/python3.8/site-packages/airflow/example_dags/plugins/workday.py
[2024-07-02T17:08:52.925+0000] {processor.py:755} WARNING - No viable dags retrieved from /home/jacksonlmakl/data_flow_tool/airflow_home/airflow_venv/lib/python3.8/site-packages/airflow/example_dags/plugins/workday.py
[2024-07-02T17:08:52.935+0000] {processor.py:175} INFO - Processing /home/jacksonlmakl/data_flow_tool/airflow_home/airflow_venv/lib/python3.8/site-packages/airflow/example_dags/plugins/workday.py took 0.019 seconds
[2024-07-02T17:09:29.447+0000] {processor.py:153} INFO - Started process (PID=7303) to work on /home/jacksonlmakl/data_flow_tool/airflow_home/airflow_venv/lib/python3.8/site-packages/airflow/example_dags/plugins/workday.py
[2024-07-02T17:09:29.449+0000] {processor.py:743} INFO - Processing file /home/jacksonlmakl/data_flow_tool/airflow_home/airflow_venv/lib/python3.8/site-packages/airflow/example_dags/plugins/workday.py for tasks to queue
[2024-07-02T17:09:29.449+0000] {logging_mixin.py:137} INFO - [2024-07-02T17:09:29.449+0000] {dagbag.py:538} INFO - Filling up the DagBag from /home/jacksonlmakl/data_flow_tool/airflow_home/airflow_venv/lib/python3.8/site-packages/airflow/example_dags/plugins/workday.py
[2024-07-02T17:09:29.451+0000] {processor.py:755} WARNING - No viable dags retrieved from /home/jacksonlmakl/data_flow_tool/airflow_home/airflow_venv/lib/python3.8/site-packages/airflow/example_dags/plugins/workday.py
[2024-07-02T17:09:29.463+0000] {processor.py:175} INFO - Processing /home/jacksonlmakl/data_flow_tool/airflow_home/airflow_venv/lib/python3.8/site-packages/airflow/example_dags/plugins/workday.py took 0.020 seconds
