[2024-07-02T17:06:00.139+0000] {processor.py:153} INFO - Started process (PID=7023) to work on /home/jacksonlmakl/data_flow_tool/airflow_home/dags/SNOWFLAKE_CORE_dag.py
[2024-07-02T17:06:00.141+0000] {processor.py:743} INFO - Processing file /home/jacksonlmakl/data_flow_tool/airflow_home/dags/SNOWFLAKE_CORE_dag.py for tasks to queue
[2024-07-02T17:06:00.141+0000] {logging_mixin.py:137} INFO - [2024-07-02T17:06:00.141+0000] {dagbag.py:538} INFO - Filling up the DagBag from /home/jacksonlmakl/data_flow_tool/airflow_home/dags/SNOWFLAKE_CORE_dag.py
[2024-07-02T17:06:00.169+0000] {processor.py:753} INFO - DAG(s) dict_keys(['SNOWFLAKE_CORE']) retrieved from /home/jacksonlmakl/data_flow_tool/airflow_home/dags/SNOWFLAKE_CORE_dag.py
[2024-07-02T17:06:00.279+0000] {logging_mixin.py:137} INFO - [2024-07-02T17:06:00.279+0000] {manager.py:504} INFO - Created Permission View: can delete on DAG:SNOWFLAKE_CORE
[2024-07-02T17:06:00.290+0000] {logging_mixin.py:137} INFO - [2024-07-02T17:06:00.290+0000] {manager.py:504} INFO - Created Permission View: can read on DAG:SNOWFLAKE_CORE
[2024-07-02T17:06:00.299+0000] {logging_mixin.py:137} INFO - [2024-07-02T17:06:00.299+0000] {manager.py:504} INFO - Created Permission View: can edit on DAG:SNOWFLAKE_CORE
[2024-07-02T17:06:00.299+0000] {logging_mixin.py:137} INFO - [2024-07-02T17:06:00.299+0000] {dag.py:2690} INFO - Sync 1 DAGs
[2024-07-02T17:06:00.310+0000] {logging_mixin.py:137} INFO - [2024-07-02T17:06:00.310+0000] {dag.py:2711} INFO - Creating ORM DAG for SNOWFLAKE_CORE
[2024-07-02T17:06:00.320+0000] {logging_mixin.py:137} INFO - [2024-07-02T17:06:00.320+0000] {dag.py:3437} INFO - Setting next_dagrun for SNOWFLAKE_CORE to 2024-07-02T00:00:00+00:00, run_after=2024-07-03T00:00:00+00:00
[2024-07-02T17:06:00.339+0000] {processor.py:175} INFO - Processing /home/jacksonlmakl/data_flow_tool/airflow_home/dags/SNOWFLAKE_CORE_dag.py took 0.206 seconds
[2024-07-02T17:06:54.084+0000] {processor.py:153} INFO - Started process (PID=7116) to work on /home/jacksonlmakl/data_flow_tool/airflow_home/dags/SNOWFLAKE_CORE_dag.py
[2024-07-02T17:06:54.088+0000] {processor.py:743} INFO - Processing file /home/jacksonlmakl/data_flow_tool/airflow_home/dags/SNOWFLAKE_CORE_dag.py for tasks to queue
[2024-07-02T17:06:54.089+0000] {logging_mixin.py:137} INFO - [2024-07-02T17:06:54.088+0000] {dagbag.py:538} INFO - Filling up the DagBag from /home/jacksonlmakl/data_flow_tool/airflow_home/dags/SNOWFLAKE_CORE_dag.py
[2024-07-02T17:06:54.114+0000] {processor.py:753} INFO - DAG(s) dict_keys(['SNOWFLAKE_CORE']) retrieved from /home/jacksonlmakl/data_flow_tool/airflow_home/dags/SNOWFLAKE_CORE_dag.py
[2024-07-02T17:06:54.133+0000] {logging_mixin.py:137} INFO - [2024-07-02T17:06:54.132+0000] {dag.py:2690} INFO - Sync 1 DAGs
[2024-07-02T17:06:54.155+0000] {logging_mixin.py:137} INFO - [2024-07-02T17:06:54.155+0000] {dag.py:3437} INFO - Setting next_dagrun for SNOWFLAKE_CORE to 2024-07-02T00:00:00+00:00, run_after=2024-07-03T00:00:00+00:00
[2024-07-02T17:06:54.177+0000] {processor.py:175} INFO - Processing /home/jacksonlmakl/data_flow_tool/airflow_home/dags/SNOWFLAKE_CORE_dag.py took 0.097 seconds
[2024-07-02T17:07:51.797+0000] {processor.py:153} INFO - Started process (PID=7198) to work on /home/jacksonlmakl/data_flow_tool/airflow_home/dags/SNOWFLAKE_CORE_dag.py
[2024-07-02T17:07:51.807+0000] {processor.py:743} INFO - Processing file /home/jacksonlmakl/data_flow_tool/airflow_home/dags/SNOWFLAKE_CORE_dag.py for tasks to queue
[2024-07-02T17:07:51.808+0000] {logging_mixin.py:137} INFO - [2024-07-02T17:07:51.808+0000] {dagbag.py:538} INFO - Filling up the DagBag from /home/jacksonlmakl/data_flow_tool/airflow_home/dags/SNOWFLAKE_CORE_dag.py
[2024-07-02T17:07:51.834+0000] {processor.py:753} INFO - DAG(s) dict_keys(['SNOWFLAKE_CORE']) retrieved from /home/jacksonlmakl/data_flow_tool/airflow_home/dags/SNOWFLAKE_CORE_dag.py
[2024-07-02T17:07:51.852+0000] {logging_mixin.py:137} INFO - [2024-07-02T17:07:51.852+0000] {dag.py:2690} INFO - Sync 1 DAGs
[2024-07-02T17:07:51.874+0000] {logging_mixin.py:137} INFO - [2024-07-02T17:07:51.874+0000] {dag.py:3437} INFO - Setting next_dagrun for SNOWFLAKE_CORE to 2024-07-02T00:00:00+00:00, run_after=2024-07-03T00:00:00+00:00
[2024-07-02T17:07:51.896+0000] {processor.py:175} INFO - Processing /home/jacksonlmakl/data_flow_tool/airflow_home/dags/SNOWFLAKE_CORE_dag.py took 0.103 seconds
[2024-07-02T17:08:49.939+0000] {processor.py:153} INFO - Started process (PID=7254) to work on /home/jacksonlmakl/data_flow_tool/airflow_home/dags/SNOWFLAKE_CORE_dag.py
[2024-07-02T17:08:49.941+0000] {processor.py:743} INFO - Processing file /home/jacksonlmakl/data_flow_tool/airflow_home/dags/SNOWFLAKE_CORE_dag.py for tasks to queue
[2024-07-02T17:08:49.941+0000] {logging_mixin.py:137} INFO - [2024-07-02T17:08:49.941+0000] {dagbag.py:538} INFO - Filling up the DagBag from /home/jacksonlmakl/data_flow_tool/airflow_home/dags/SNOWFLAKE_CORE_dag.py
[2024-07-02T17:08:49.963+0000] {processor.py:753} INFO - DAG(s) dict_keys(['SNOWFLAKE_CORE']) retrieved from /home/jacksonlmakl/data_flow_tool/airflow_home/dags/SNOWFLAKE_CORE_dag.py
[2024-07-02T17:08:49.983+0000] {logging_mixin.py:137} INFO - [2024-07-02T17:08:49.983+0000] {dag.py:2690} INFO - Sync 1 DAGs
[2024-07-02T17:08:50.005+0000] {logging_mixin.py:137} INFO - [2024-07-02T17:08:50.004+0000] {dag.py:3437} INFO - Setting next_dagrun for SNOWFLAKE_CORE to 2024-07-02T00:00:00+00:00, run_after=2024-07-03T00:00:00+00:00
[2024-07-02T17:08:50.026+0000] {processor.py:175} INFO - Processing /home/jacksonlmakl/data_flow_tool/airflow_home/dags/SNOWFLAKE_CORE_dag.py took 0.093 seconds
[2024-07-02T17:09:26.004+0000] {processor.py:153} INFO - Started process (PID=7300) to work on /home/jacksonlmakl/data_flow_tool/airflow_home/dags/SNOWFLAKE_CORE_dag.py
[2024-07-02T17:09:26.005+0000] {processor.py:743} INFO - Processing file /home/jacksonlmakl/data_flow_tool/airflow_home/dags/SNOWFLAKE_CORE_dag.py for tasks to queue
[2024-07-02T17:09:26.006+0000] {logging_mixin.py:137} INFO - [2024-07-02T17:09:26.006+0000] {dagbag.py:538} INFO - Filling up the DagBag from /home/jacksonlmakl/data_flow_tool/airflow_home/dags/SNOWFLAKE_CORE_dag.py
[2024-07-02T17:09:26.028+0000] {processor.py:753} INFO - DAG(s) dict_keys(['SNOWFLAKE_CORE']) retrieved from /home/jacksonlmakl/data_flow_tool/airflow_home/dags/SNOWFLAKE_CORE_dag.py
[2024-07-02T17:09:26.048+0000] {logging_mixin.py:137} INFO - [2024-07-02T17:09:26.048+0000] {dag.py:2690} INFO - Sync 1 DAGs
[2024-07-02T17:09:26.071+0000] {logging_mixin.py:137} INFO - [2024-07-02T17:09:26.071+0000] {dag.py:3437} INFO - Setting next_dagrun for SNOWFLAKE_CORE to 2024-07-02T00:00:00+00:00, run_after=2024-07-03T00:00:00+00:00
[2024-07-02T17:09:26.092+0000] {processor.py:175} INFO - Processing /home/jacksonlmakl/data_flow_tool/airflow_home/dags/SNOWFLAKE_CORE_dag.py took 0.092 seconds
