[2024-07-02T17:06:01.519+0000] {processor.py:153} INFO - Started process (PID=7024) to work on /home/jacksonlmakl/data_flow_tool/airflow_home/dags/SNOWFLAKE_RAW_dag.py
[2024-07-02T17:06:01.521+0000] {processor.py:743} INFO - Processing file /home/jacksonlmakl/data_flow_tool/airflow_home/dags/SNOWFLAKE_RAW_dag.py for tasks to queue
[2024-07-02T17:06:01.522+0000] {logging_mixin.py:137} INFO - [2024-07-02T17:06:01.521+0000] {dagbag.py:538} INFO - Filling up the DagBag from /home/jacksonlmakl/data_flow_tool/airflow_home/dags/SNOWFLAKE_RAW_dag.py
[2024-07-02T17:06:01.550+0000] {processor.py:753} INFO - DAG(s) dict_keys(['SNOWFLAKE_RAW']) retrieved from /home/jacksonlmakl/data_flow_tool/airflow_home/dags/SNOWFLAKE_RAW_dag.py
[2024-07-02T17:06:01.657+0000] {logging_mixin.py:137} INFO - [2024-07-02T17:06:01.657+0000] {manager.py:504} INFO - Created Permission View: can delete on DAG:SNOWFLAKE_RAW
[2024-07-02T17:06:01.668+0000] {logging_mixin.py:137} INFO - [2024-07-02T17:06:01.668+0000] {manager.py:504} INFO - Created Permission View: can read on DAG:SNOWFLAKE_RAW
[2024-07-02T17:06:01.677+0000] {logging_mixin.py:137} INFO - [2024-07-02T17:06:01.676+0000] {manager.py:504} INFO - Created Permission View: can edit on DAG:SNOWFLAKE_RAW
[2024-07-02T17:06:01.677+0000] {logging_mixin.py:137} INFO - [2024-07-02T17:06:01.677+0000] {dag.py:2690} INFO - Sync 1 DAGs
[2024-07-02T17:06:01.688+0000] {logging_mixin.py:137} INFO - [2024-07-02T17:06:01.688+0000] {dag.py:2711} INFO - Creating ORM DAG for SNOWFLAKE_RAW
[2024-07-02T17:06:01.700+0000] {logging_mixin.py:137} INFO - [2024-07-02T17:06:01.700+0000] {dag.py:3437} INFO - Setting next_dagrun for SNOWFLAKE_RAW to 2024-07-01T00:00:00+00:00, run_after=2024-07-02T00:00:00+00:00
[2024-07-02T17:06:01.720+0000] {processor.py:175} INFO - Processing /home/jacksonlmakl/data_flow_tool/airflow_home/dags/SNOWFLAKE_RAW_dag.py took 0.204 seconds
[2024-07-02T17:06:55.366+0000] {processor.py:153} INFO - Started process (PID=7117) to work on /home/jacksonlmakl/data_flow_tool/airflow_home/dags/SNOWFLAKE_RAW_dag.py
[2024-07-02T17:06:55.374+0000] {processor.py:743} INFO - Processing file /home/jacksonlmakl/data_flow_tool/airflow_home/dags/SNOWFLAKE_RAW_dag.py for tasks to queue
[2024-07-02T17:06:55.375+0000] {logging_mixin.py:137} INFO - [2024-07-02T17:06:55.375+0000] {dagbag.py:538} INFO - Filling up the DagBag from /home/jacksonlmakl/data_flow_tool/airflow_home/dags/SNOWFLAKE_RAW_dag.py
[2024-07-02T17:06:55.401+0000] {processor.py:753} INFO - DAG(s) dict_keys(['SNOWFLAKE_RAW']) retrieved from /home/jacksonlmakl/data_flow_tool/airflow_home/dags/SNOWFLAKE_RAW_dag.py
[2024-07-02T17:06:55.449+0000] {logging_mixin.py:137} INFO - [2024-07-02T17:06:55.449+0000] {dag.py:2690} INFO - Sync 1 DAGs
[2024-07-02T17:06:55.470+0000] {logging_mixin.py:137} INFO - [2024-07-02T17:06:55.470+0000] {dag.py:3437} INFO - Setting next_dagrun for SNOWFLAKE_RAW to 2024-07-01T00:00:00+00:00, run_after=2024-07-02T00:00:00+00:00
[2024-07-02T17:06:55.492+0000] {processor.py:175} INFO - Processing /home/jacksonlmakl/data_flow_tool/airflow_home/dags/SNOWFLAKE_RAW_dag.py took 0.130 seconds
[2024-07-02T17:07:53.077+0000] {processor.py:153} INFO - Started process (PID=7199) to work on /home/jacksonlmakl/data_flow_tool/airflow_home/dags/SNOWFLAKE_RAW_dag.py
[2024-07-02T17:07:53.082+0000] {processor.py:743} INFO - Processing file /home/jacksonlmakl/data_flow_tool/airflow_home/dags/SNOWFLAKE_RAW_dag.py for tasks to queue
[2024-07-02T17:07:53.083+0000] {logging_mixin.py:137} INFO - [2024-07-02T17:07:53.083+0000] {dagbag.py:538} INFO - Filling up the DagBag from /home/jacksonlmakl/data_flow_tool/airflow_home/dags/SNOWFLAKE_RAW_dag.py
[2024-07-02T17:07:53.112+0000] {processor.py:753} INFO - DAG(s) dict_keys(['SNOWFLAKE_RAW']) retrieved from /home/jacksonlmakl/data_flow_tool/airflow_home/dags/SNOWFLAKE_RAW_dag.py
[2024-07-02T17:07:53.132+0000] {logging_mixin.py:137} INFO - [2024-07-02T17:07:53.132+0000] {dag.py:2690} INFO - Sync 1 DAGs
[2024-07-02T17:07:53.157+0000] {logging_mixin.py:137} INFO - [2024-07-02T17:07:53.157+0000] {dag.py:3437} INFO - Setting next_dagrun for SNOWFLAKE_RAW to 2024-07-02T00:00:00+00:00, run_after=2024-07-03T00:00:00+00:00
[2024-07-02T17:07:53.179+0000] {processor.py:175} INFO - Processing /home/jacksonlmakl/data_flow_tool/airflow_home/dags/SNOWFLAKE_RAW_dag.py took 0.107 seconds
[2024-07-02T17:08:51.094+0000] {processor.py:153} INFO - Started process (PID=7255) to work on /home/jacksonlmakl/data_flow_tool/airflow_home/dags/SNOWFLAKE_RAW_dag.py
[2024-07-02T17:08:51.096+0000] {processor.py:743} INFO - Processing file /home/jacksonlmakl/data_flow_tool/airflow_home/dags/SNOWFLAKE_RAW_dag.py for tasks to queue
[2024-07-02T17:08:51.097+0000] {logging_mixin.py:137} INFO - [2024-07-02T17:08:51.097+0000] {dagbag.py:538} INFO - Filling up the DagBag from /home/jacksonlmakl/data_flow_tool/airflow_home/dags/SNOWFLAKE_RAW_dag.py
[2024-07-02T17:08:51.123+0000] {processor.py:753} INFO - DAG(s) dict_keys(['SNOWFLAKE_RAW']) retrieved from /home/jacksonlmakl/data_flow_tool/airflow_home/dags/SNOWFLAKE_RAW_dag.py
[2024-07-02T17:08:51.142+0000] {logging_mixin.py:137} INFO - [2024-07-02T17:08:51.141+0000] {dag.py:2690} INFO - Sync 1 DAGs
[2024-07-02T17:08:51.166+0000] {logging_mixin.py:137} INFO - [2024-07-02T17:08:51.166+0000] {dag.py:3437} INFO - Setting next_dagrun for SNOWFLAKE_RAW to 2024-07-02T00:00:00+00:00, run_after=2024-07-03T00:00:00+00:00
[2024-07-02T17:08:51.207+0000] {processor.py:175} INFO - Processing /home/jacksonlmakl/data_flow_tool/airflow_home/dags/SNOWFLAKE_RAW_dag.py took 0.118 seconds
[2024-07-02T17:09:27.162+0000] {processor.py:153} INFO - Started process (PID=7301) to work on /home/jacksonlmakl/data_flow_tool/airflow_home/dags/SNOWFLAKE_RAW_dag.py
[2024-07-02T17:09:27.164+0000] {processor.py:743} INFO - Processing file /home/jacksonlmakl/data_flow_tool/airflow_home/dags/SNOWFLAKE_RAW_dag.py for tasks to queue
[2024-07-02T17:09:27.164+0000] {logging_mixin.py:137} INFO - [2024-07-02T17:09:27.164+0000] {dagbag.py:538} INFO - Filling up the DagBag from /home/jacksonlmakl/data_flow_tool/airflow_home/dags/SNOWFLAKE_RAW_dag.py
[2024-07-02T17:09:27.186+0000] {processor.py:753} INFO - DAG(s) dict_keys(['SNOWFLAKE_RAW']) retrieved from /home/jacksonlmakl/data_flow_tool/airflow_home/dags/SNOWFLAKE_RAW_dag.py
[2024-07-02T17:09:27.204+0000] {logging_mixin.py:137} INFO - [2024-07-02T17:09:27.204+0000] {dag.py:2690} INFO - Sync 1 DAGs
[2024-07-02T17:09:27.228+0000] {logging_mixin.py:137} INFO - [2024-07-02T17:09:27.228+0000] {dag.py:3437} INFO - Setting next_dagrun for SNOWFLAKE_RAW to 2024-07-02T00:00:00+00:00, run_after=2024-07-03T00:00:00+00:00
[2024-07-02T17:09:27.248+0000] {processor.py:175} INFO - Processing /home/jacksonlmakl/data_flow_tool/airflow_home/dags/SNOWFLAKE_RAW_dag.py took 0.091 seconds
