[2024-07-02T17:08:22.071+0000] {taskinstance.py:1083} INFO - Dependencies all met for <TaskInstance: SNOWFLAKE_RAW.pokemon_raw manual__2024-07-02T17:08:19.664872+00:00 [queued]>
[2024-07-02T17:08:22.077+0000] {taskinstance.py:1083} INFO - Dependencies all met for <TaskInstance: SNOWFLAKE_RAW.pokemon_raw manual__2024-07-02T17:08:19.664872+00:00 [queued]>
[2024-07-02T17:08:22.077+0000] {taskinstance.py:1279} INFO - 
--------------------------------------------------------------------------------
[2024-07-02T17:08:22.077+0000] {taskinstance.py:1280} INFO - Starting attempt 1 of 2
[2024-07-02T17:08:22.078+0000] {taskinstance.py:1281} INFO - 
--------------------------------------------------------------------------------
[2024-07-02T17:08:22.092+0000] {taskinstance.py:1300} INFO - Executing <Task(PythonOperator): pokemon_raw> on 2024-07-02 17:08:19.664872+00:00
[2024-07-02T17:08:22.094+0000] {standard_task_runner.py:55} INFO - Started process 7231 to run task
[2024-07-02T17:08:22.098+0000] {standard_task_runner.py:82} INFO - Running: ['airflow', 'tasks', 'run', 'SNOWFLAKE_RAW', 'pokemon_raw', 'manual__2024-07-02T17:08:19.664872+00:00', '--job-id', '6', '--raw', '--subdir', 'DAGS_FOLDER/SNOWFLAKE_RAW_dag.py', '--cfg-path', '/tmp/tmp27u1v94c']
[2024-07-02T17:08:22.099+0000] {standard_task_runner.py:83} INFO - Job 6: Subtask pokemon_raw
[2024-07-02T17:08:22.146+0000] {task_command.py:388} INFO - Running <TaskInstance: SNOWFLAKE_RAW.pokemon_raw manual__2024-07-02T17:08:19.664872+00:00 [running]> on host data-flow-tol.us-central1-b.c.our-velocity-427103-n8.internal
[2024-07-02T17:08:22.192+0000] {taskinstance.py:1507} INFO - Exporting the following env vars:
AIRFLOW_CTX_DAG_OWNER=airflow
AIRFLOW_CTX_DAG_ID=SNOWFLAKE_RAW
AIRFLOW_CTX_TASK_ID=pokemon_raw
AIRFLOW_CTX_EXECUTION_DATE=2024-07-02T17:08:19.664872+00:00
AIRFLOW_CTX_TRY_NUMBER=1
AIRFLOW_CTX_DAG_RUN_ID=manual__2024-07-02T17:08:19.664872+00:00
[2024-07-02T17:08:22.326+0000] {logging_mixin.py:137} INFO - Connection to Snowflake
[2024-07-02T17:08:22.328+0000] {connection.py:408} INFO - Snowflake Connector for Python Version: 3.11.0, Python Version: 3.8.10, Platform: Linux-5.15.0-1062-gcp-x86_64-with-glibc2.29
[2024-07-02T17:08:22.329+0000] {connection.py:1258} INFO - This connection is in OCSP Fail Open Mode. TLS Certificates would be checked for validity and revocation status. Any other Certificate Revocation related exceptions or OCSP Responder failures would be disregarded in favor of connectivity.
[2024-07-02T17:08:23.266+0000] {cursor.py:1149} INFO - Number of results in first chunk: 1
[2024-07-02T17:08:23.267+0000] {logging_mixin.py:137} INFO - Pulling Data From API
[2024-07-02T17:08:23.413+0000] {logging_mixin.py:137} INFO - Inserting Data To Snowflake
[2024-07-02T17:08:23.504+0000] {logging_mixin.py:137} INFO - 
    INSERT INTO RAW.POKEMON.POKEMON  (id, name, base_experience, height, weight)
    VALUES (1, 'bulbasaur', 64,
            7, 69)
    
[2024-07-02T17:08:25.129+0000] {logging_mixin.py:137} INFO - 
    INSERT INTO RAW.POKEMON.POKEMON  (id, name, base_experience, height, weight)
    VALUES (2, 'ivysaur', 142,
            10, 130)
    
[2024-07-02T17:08:26.226+0000] {logging_mixin.py:137} INFO - 
    INSERT INTO RAW.POKEMON.POKEMON  (id, name, base_experience, height, weight)
    VALUES (3, 'venusaur', 263,
            20, 1000)
    
[2024-07-02T17:08:27.808+0000] {logging_mixin.py:137} INFO - 
    INSERT INTO RAW.POKEMON.POKEMON  (id, name, base_experience, height, weight)
    VALUES (4, 'charmander', 62,
            6, 85)
    
[2024-07-02T17:08:28.906+0000] {logging_mixin.py:137} INFO - 
    INSERT INTO RAW.POKEMON.POKEMON  (id, name, base_experience, height, weight)
    VALUES (5, 'charmeleon', 142,
            11, 190)
    
[2024-07-02T17:08:29.581+0000] {logging_mixin.py:137} INFO - 
    INSERT INTO RAW.POKEMON.POKEMON  (id, name, base_experience, height, weight)
    VALUES (6, 'charizard', 267,
            17, 905)
    
[2024-07-02T17:08:30.184+0000] {logging_mixin.py:137} INFO - 
    INSERT INTO RAW.POKEMON.POKEMON  (id, name, base_experience, height, weight)
    VALUES (7, 'squirtle', 63,
            5, 90)
    
[2024-07-02T17:08:30.825+0000] {logging_mixin.py:137} INFO - 
    INSERT INTO RAW.POKEMON.POKEMON  (id, name, base_experience, height, weight)
    VALUES (8, 'wartortle', 142,
            10, 225)
    
[2024-07-02T17:08:31.561+0000] {logging_mixin.py:137} INFO - 
    INSERT INTO RAW.POKEMON.POKEMON  (id, name, base_experience, height, weight)
    VALUES (9, 'blastoise', 265,
            16, 855)
    
[2024-07-02T17:08:32.083+0000] {logging_mixin.py:137} INFO - 
    INSERT INTO RAW.POKEMON.POKEMON  (id, name, base_experience, height, weight)
    VALUES (10, 'caterpie', 39,
            3, 29)
    
[2024-07-02T17:08:32.663+0000] {cursor.py:1149} INFO - Number of results in first chunk: 1
[2024-07-02T17:08:32.663+0000] {connection.py:773} INFO - closed
[2024-07-02T17:08:32.712+0000] {connection.py:779} INFO - No async queries seem to be running, deleting session
[2024-07-02T17:08:32.766+0000] {logging_mixin.py:137} INFO - Data inserted successfully.
[2024-07-02T17:08:32.767+0000] {python.py:177} INFO - Done. Returned value was: None
[2024-07-02T17:08:32.772+0000] {taskinstance.py:1318} INFO - Marking task as SUCCESS. dag_id=SNOWFLAKE_RAW, task_id=pokemon_raw, execution_date=20240702T170819, start_date=20240702T170822, end_date=20240702T170832
[2024-07-02T17:08:32.807+0000] {local_task_job.py:208} INFO - Task exited with return code 0
[2024-07-02T17:08:32.817+0000] {taskinstance.py:2578} INFO - 0 downstream tasks scheduled from follow-on schedule check
