[2024-07-02T17:09:02.159+0000] {taskinstance.py:1083} INFO - Dependencies all met for <TaskInstance: SNOWFLAKE_CORE.run_dbt manual__2024-07-02T17:08:58.157532+00:00 [queued]>
[2024-07-02T17:09:02.174+0000] {taskinstance.py:1083} INFO - Dependencies all met for <TaskInstance: SNOWFLAKE_CORE.run_dbt manual__2024-07-02T17:08:58.157532+00:00 [queued]>
[2024-07-02T17:09:02.174+0000] {taskinstance.py:1279} INFO - 
--------------------------------------------------------------------------------
[2024-07-02T17:09:02.174+0000] {taskinstance.py:1280} INFO - Starting attempt 1 of 2
[2024-07-02T17:09:02.174+0000] {taskinstance.py:1281} INFO - 
--------------------------------------------------------------------------------
[2024-07-02T17:09:02.189+0000] {taskinstance.py:1300} INFO - Executing <Task(PythonOperator): run_dbt> on 2024-07-02 17:08:58.157532+00:00
[2024-07-02T17:09:02.192+0000] {standard_task_runner.py:55} INFO - Started process 7268 to run task
[2024-07-02T17:09:02.197+0000] {standard_task_runner.py:82} INFO - Running: ['airflow', 'tasks', 'run', 'SNOWFLAKE_CORE', 'run_dbt', 'manual__2024-07-02T17:08:58.157532+00:00', '--job-id', '7', '--raw', '--subdir', 'DAGS_FOLDER/SNOWFLAKE_CORE_dag.py', '--cfg-path', '/tmp/tmpjs5pubaz']
[2024-07-02T17:09:02.197+0000] {standard_task_runner.py:83} INFO - Job 7: Subtask run_dbt
[2024-07-02T17:09:02.245+0000] {task_command.py:388} INFO - Running <TaskInstance: SNOWFLAKE_CORE.run_dbt manual__2024-07-02T17:08:58.157532+00:00 [running]> on host data-flow-tol.us-central1-b.c.our-velocity-427103-n8.internal
[2024-07-02T17:09:02.291+0000] {taskinstance.py:1507} INFO - Exporting the following env vars:
AIRFLOW_CTX_DAG_OWNER=airflow
AIRFLOW_CTX_DAG_ID=SNOWFLAKE_CORE
AIRFLOW_CTX_TASK_ID=run_dbt
AIRFLOW_CTX_EXECUTION_DATE=2024-07-02T17:08:58.157532+00:00
AIRFLOW_CTX_TRY_NUMBER=1
AIRFLOW_CTX_DAG_RUN_ID=manual__2024-07-02T17:08:58.157532+00:00
[2024-07-02T17:09:10.307+0000] {python.py:177} INFO - Done. Returned value was: None
[2024-07-02T17:09:10.316+0000] {taskinstance.py:1318} INFO - Marking task as SUCCESS. dag_id=SNOWFLAKE_CORE, task_id=run_dbt, execution_date=20240702T170858, start_date=20240702T170902, end_date=20240702T170910
[2024-07-02T17:09:10.346+0000] {local_task_job.py:208} INFO - Task exited with return code 0
[2024-07-02T17:09:10.356+0000] {taskinstance.py:2578} INFO - 0 downstream tasks scheduled from follow-on schedule check
