[2024-07-02T17:07:22.799+0000] {processor.py:153} INFO - Started process (PID=7148) to work on /home/jacksonlmakl/data_flow_tool/airflow_home/airflow_venv/lib/python3.8/site-packages/airflow/example_dags/example_trigger_controller_dag.py
[2024-07-02T17:07:22.800+0000] {processor.py:743} INFO - Processing file /home/jacksonlmakl/data_flow_tool/airflow_home/airflow_venv/lib/python3.8/site-packages/airflow/example_dags/example_trigger_controller_dag.py for tasks to queue
[2024-07-02T17:07:22.801+0000] {logging_mixin.py:137} INFO - [2024-07-02T17:07:22.801+0000] {dagbag.py:538} INFO - Filling up the DagBag from /home/jacksonlmakl/data_flow_tool/airflow_home/airflow_venv/lib/python3.8/site-packages/airflow/example_dags/example_trigger_controller_dag.py
[2024-07-02T17:07:22.815+0000] {processor.py:753} INFO - DAG(s) dict_keys(['example_trigger_controller_dag']) retrieved from /home/jacksonlmakl/data_flow_tool/airflow_home/airflow_venv/lib/python3.8/site-packages/airflow/example_dags/example_trigger_controller_dag.py
[2024-07-02T17:07:22.920+0000] {logging_mixin.py:137} INFO - [2024-07-02T17:07:22.920+0000] {manager.py:504} INFO - Created Permission View: can read on DAG:example_trigger_controller_dag
[2024-07-02T17:07:22.931+0000] {logging_mixin.py:137} INFO - [2024-07-02T17:07:22.931+0000] {manager.py:504} INFO - Created Permission View: can delete on DAG:example_trigger_controller_dag
[2024-07-02T17:07:22.940+0000] {logging_mixin.py:137} INFO - [2024-07-02T17:07:22.939+0000] {manager.py:504} INFO - Created Permission View: can edit on DAG:example_trigger_controller_dag
[2024-07-02T17:07:22.940+0000] {logging_mixin.py:137} INFO - [2024-07-02T17:07:22.940+0000] {dag.py:2690} INFO - Sync 1 DAGs
[2024-07-02T17:07:22.951+0000] {logging_mixin.py:137} INFO - [2024-07-02T17:07:22.951+0000] {dag.py:2711} INFO - Creating ORM DAG for example_trigger_controller_dag
[2024-07-02T17:07:22.960+0000] {logging_mixin.py:137} INFO - [2024-07-02T17:07:22.960+0000] {dag.py:3437} INFO - Setting next_dagrun for example_trigger_controller_dag to 2021-01-01T00:00:00+00:00, run_after=2021-01-01T00:00:00+00:00
[2024-07-02T17:07:22.984+0000] {processor.py:175} INFO - Processing /home/jacksonlmakl/data_flow_tool/airflow_home/airflow_venv/lib/python3.8/site-packages/airflow/example_dags/example_trigger_controller_dag.py took 0.189 seconds
[2024-07-02T17:08:15.870+0000] {processor.py:153} INFO - Started process (PID=7224) to work on /home/jacksonlmakl/data_flow_tool/airflow_home/airflow_venv/lib/python3.8/site-packages/airflow/example_dags/example_trigger_controller_dag.py
[2024-07-02T17:08:15.872+0000] {processor.py:743} INFO - Processing file /home/jacksonlmakl/data_flow_tool/airflow_home/airflow_venv/lib/python3.8/site-packages/airflow/example_dags/example_trigger_controller_dag.py for tasks to queue
[2024-07-02T17:08:15.873+0000] {logging_mixin.py:137} INFO - [2024-07-02T17:08:15.873+0000] {dagbag.py:538} INFO - Filling up the DagBag from /home/jacksonlmakl/data_flow_tool/airflow_home/airflow_venv/lib/python3.8/site-packages/airflow/example_dags/example_trigger_controller_dag.py
[2024-07-02T17:08:15.887+0000] {processor.py:753} INFO - DAG(s) dict_keys(['example_trigger_controller_dag']) retrieved from /home/jacksonlmakl/data_flow_tool/airflow_home/airflow_venv/lib/python3.8/site-packages/airflow/example_dags/example_trigger_controller_dag.py
[2024-07-02T17:08:15.907+0000] {logging_mixin.py:137} INFO - [2024-07-02T17:08:15.906+0000] {dag.py:2690} INFO - Sync 1 DAGs
[2024-07-02T17:08:15.927+0000] {logging_mixin.py:137} INFO - [2024-07-02T17:08:15.927+0000] {dag.py:3437} INFO - Setting next_dagrun for example_trigger_controller_dag to 2021-01-01T00:00:00+00:00, run_after=2021-01-01T00:00:00+00:00
[2024-07-02T17:08:15.948+0000] {processor.py:175} INFO - Processing /home/jacksonlmakl/data_flow_tool/airflow_home/airflow_venv/lib/python3.8/site-packages/airflow/example_dags/example_trigger_controller_dag.py took 0.081 seconds
[2024-07-02T17:09:22.006+0000] {processor.py:153} INFO - Started process (PID=7296) to work on /home/jacksonlmakl/data_flow_tool/airflow_home/airflow_venv/lib/python3.8/site-packages/airflow/example_dags/example_trigger_controller_dag.py
[2024-07-02T17:09:22.012+0000] {processor.py:743} INFO - Processing file /home/jacksonlmakl/data_flow_tool/airflow_home/airflow_venv/lib/python3.8/site-packages/airflow/example_dags/example_trigger_controller_dag.py for tasks to queue
[2024-07-02T17:09:22.012+0000] {logging_mixin.py:137} INFO - [2024-07-02T17:09:22.012+0000] {dagbag.py:538} INFO - Filling up the DagBag from /home/jacksonlmakl/data_flow_tool/airflow_home/airflow_venv/lib/python3.8/site-packages/airflow/example_dags/example_trigger_controller_dag.py
[2024-07-02T17:09:22.026+0000] {processor.py:753} INFO - DAG(s) dict_keys(['example_trigger_controller_dag']) retrieved from /home/jacksonlmakl/data_flow_tool/airflow_home/airflow_venv/lib/python3.8/site-packages/airflow/example_dags/example_trigger_controller_dag.py
[2024-07-02T17:09:22.046+0000] {logging_mixin.py:137} INFO - [2024-07-02T17:09:22.046+0000] {dag.py:2690} INFO - Sync 1 DAGs
[2024-07-02T17:09:22.067+0000] {logging_mixin.py:137} INFO - [2024-07-02T17:09:22.067+0000] {dag.py:3437} INFO - Setting next_dagrun for example_trigger_controller_dag to 2021-01-01T00:00:00+00:00, run_after=2021-01-01T00:00:00+00:00
[2024-07-02T17:09:22.089+0000] {processor.py:175} INFO - Processing /home/jacksonlmakl/data_flow_tool/airflow_home/airflow_venv/lib/python3.8/site-packages/airflow/example_dags/example_trigger_controller_dag.py took 0.087 seconds
