[2024-07-02T17:06:07.600+0000] {processor.py:153} INFO - Started process (PID=7035) to work on /home/jacksonlmakl/data_flow_tool/airflow_home/airflow_venv/lib/python3.8/site-packages/airflow/example_dags/example_xcomargs.py
[2024-07-02T17:06:07.601+0000] {processor.py:743} INFO - Processing file /home/jacksonlmakl/data_flow_tool/airflow_home/airflow_venv/lib/python3.8/site-packages/airflow/example_dags/example_xcomargs.py for tasks to queue
[2024-07-02T17:06:07.602+0000] {logging_mixin.py:137} INFO - [2024-07-02T17:06:07.602+0000] {dagbag.py:538} INFO - Filling up the DagBag from /home/jacksonlmakl/data_flow_tool/airflow_home/airflow_venv/lib/python3.8/site-packages/airflow/example_dags/example_xcomargs.py
[2024-07-02T17:06:07.636+0000] {processor.py:753} INFO - DAG(s) dict_keys(['example_xcom_args', 'example_xcom_args_with_operators']) retrieved from /home/jacksonlmakl/data_flow_tool/airflow_home/airflow_venv/lib/python3.8/site-packages/airflow/example_dags/example_xcomargs.py
[2024-07-02T17:06:07.744+0000] {logging_mixin.py:137} INFO - [2024-07-02T17:06:07.744+0000] {manager.py:504} INFO - Created Permission View: can delete on DAG:example_xcom_args
[2024-07-02T17:06:07.756+0000] {logging_mixin.py:137} INFO - [2024-07-02T17:06:07.755+0000] {manager.py:504} INFO - Created Permission View: can read on DAG:example_xcom_args
[2024-07-02T17:06:07.765+0000] {logging_mixin.py:137} INFO - [2024-07-02T17:06:07.765+0000] {manager.py:504} INFO - Created Permission View: can edit on DAG:example_xcom_args
[2024-07-02T17:06:07.787+0000] {logging_mixin.py:137} INFO - [2024-07-02T17:06:07.786+0000] {manager.py:504} INFO - Created Permission View: can delete on DAG:example_xcom_args_with_operators
[2024-07-02T17:06:07.796+0000] {logging_mixin.py:137} INFO - [2024-07-02T17:06:07.796+0000] {manager.py:504} INFO - Created Permission View: can read on DAG:example_xcom_args_with_operators
[2024-07-02T17:06:07.806+0000] {logging_mixin.py:137} INFO - [2024-07-02T17:06:07.805+0000] {manager.py:504} INFO - Created Permission View: can edit on DAG:example_xcom_args_with_operators
[2024-07-02T17:06:07.806+0000] {logging_mixin.py:137} INFO - [2024-07-02T17:06:07.806+0000] {dag.py:2690} INFO - Sync 2 DAGs
[2024-07-02T17:06:07.817+0000] {logging_mixin.py:137} INFO - [2024-07-02T17:06:07.817+0000] {dag.py:2711} INFO - Creating ORM DAG for example_xcom_args_with_operators
[2024-07-02T17:06:07.818+0000] {logging_mixin.py:137} INFO - [2024-07-02T17:06:07.818+0000] {dag.py:2711} INFO - Creating ORM DAG for example_xcom_args
[2024-07-02T17:06:07.829+0000] {logging_mixin.py:137} INFO - [2024-07-02T17:06:07.829+0000] {dag.py:3437} INFO - Setting next_dagrun for example_xcom_args to None, run_after=None
[2024-07-02T17:06:07.829+0000] {logging_mixin.py:137} INFO - [2024-07-02T17:06:07.829+0000] {dag.py:3437} INFO - Setting next_dagrun for example_xcom_args_with_operators to None, run_after=None
[2024-07-02T17:06:07.853+0000] {processor.py:175} INFO - Processing /home/jacksonlmakl/data_flow_tool/airflow_home/airflow_venv/lib/python3.8/site-packages/airflow/example_dags/example_xcomargs.py took 0.257 seconds
[2024-07-02T17:07:01.287+0000] {processor.py:153} INFO - Started process (PID=7126) to work on /home/jacksonlmakl/data_flow_tool/airflow_home/airflow_venv/lib/python3.8/site-packages/airflow/example_dags/example_xcomargs.py
[2024-07-02T17:07:01.289+0000] {processor.py:743} INFO - Processing file /home/jacksonlmakl/data_flow_tool/airflow_home/airflow_venv/lib/python3.8/site-packages/airflow/example_dags/example_xcomargs.py for tasks to queue
[2024-07-02T17:07:01.290+0000] {logging_mixin.py:137} INFO - [2024-07-02T17:07:01.290+0000] {dagbag.py:538} INFO - Filling up the DagBag from /home/jacksonlmakl/data_flow_tool/airflow_home/airflow_venv/lib/python3.8/site-packages/airflow/example_dags/example_xcomargs.py
[2024-07-02T17:07:01.323+0000] {processor.py:753} INFO - DAG(s) dict_keys(['example_xcom_args', 'example_xcom_args_with_operators']) retrieved from /home/jacksonlmakl/data_flow_tool/airflow_home/airflow_venv/lib/python3.8/site-packages/airflow/example_dags/example_xcomargs.py
[2024-07-02T17:07:01.346+0000] {logging_mixin.py:137} INFO - [2024-07-02T17:07:01.345+0000] {dag.py:2690} INFO - Sync 2 DAGs
[2024-07-02T17:07:01.366+0000] {logging_mixin.py:137} INFO - [2024-07-02T17:07:01.366+0000] {dag.py:3437} INFO - Setting next_dagrun for example_xcom_args to None, run_after=None
[2024-07-02T17:07:01.371+0000] {logging_mixin.py:137} INFO - [2024-07-02T17:07:01.371+0000] {dag.py:3437} INFO - Setting next_dagrun for example_xcom_args_with_operators to None, run_after=None
[2024-07-02T17:07:01.390+0000] {processor.py:175} INFO - Processing /home/jacksonlmakl/data_flow_tool/airflow_home/airflow_venv/lib/python3.8/site-packages/airflow/example_dags/example_xcomargs.py took 0.107 seconds
[2024-07-02T17:07:59.019+0000] {processor.py:153} INFO - Started process (PID=7208) to work on /home/jacksonlmakl/data_flow_tool/airflow_home/airflow_venv/lib/python3.8/site-packages/airflow/example_dags/example_xcomargs.py
[2024-07-02T17:07:59.022+0000] {processor.py:743} INFO - Processing file /home/jacksonlmakl/data_flow_tool/airflow_home/airflow_venv/lib/python3.8/site-packages/airflow/example_dags/example_xcomargs.py for tasks to queue
[2024-07-02T17:07:59.022+0000] {logging_mixin.py:137} INFO - [2024-07-02T17:07:59.022+0000] {dagbag.py:538} INFO - Filling up the DagBag from /home/jacksonlmakl/data_flow_tool/airflow_home/airflow_venv/lib/python3.8/site-packages/airflow/example_dags/example_xcomargs.py
[2024-07-02T17:07:59.055+0000] {processor.py:753} INFO - DAG(s) dict_keys(['example_xcom_args_with_operators', 'example_xcom_args']) retrieved from /home/jacksonlmakl/data_flow_tool/airflow_home/airflow_venv/lib/python3.8/site-packages/airflow/example_dags/example_xcomargs.py
[2024-07-02T17:07:59.076+0000] {logging_mixin.py:137} INFO - [2024-07-02T17:07:59.076+0000] {dag.py:2690} INFO - Sync 2 DAGs
[2024-07-02T17:07:59.097+0000] {logging_mixin.py:137} INFO - [2024-07-02T17:07:59.097+0000] {dag.py:3437} INFO - Setting next_dagrun for example_xcom_args to None, run_after=None
[2024-07-02T17:07:59.100+0000] {logging_mixin.py:137} INFO - [2024-07-02T17:07:59.100+0000] {dag.py:3437} INFO - Setting next_dagrun for example_xcom_args_with_operators to None, run_after=None
[2024-07-02T17:07:59.121+0000] {processor.py:175} INFO - Processing /home/jacksonlmakl/data_flow_tool/airflow_home/airflow_venv/lib/python3.8/site-packages/airflow/example_dags/example_xcomargs.py took 0.106 seconds
[2024-07-02T17:08:55.099+0000] {processor.py:153} INFO - Started process (PID=7260) to work on /home/jacksonlmakl/data_flow_tool/airflow_home/airflow_venv/lib/python3.8/site-packages/airflow/example_dags/example_xcomargs.py
[2024-07-02T17:08:55.101+0000] {processor.py:743} INFO - Processing file /home/jacksonlmakl/data_flow_tool/airflow_home/airflow_venv/lib/python3.8/site-packages/airflow/example_dags/example_xcomargs.py for tasks to queue
[2024-07-02T17:08:55.102+0000] {logging_mixin.py:137} INFO - [2024-07-02T17:08:55.102+0000] {dagbag.py:538} INFO - Filling up the DagBag from /home/jacksonlmakl/data_flow_tool/airflow_home/airflow_venv/lib/python3.8/site-packages/airflow/example_dags/example_xcomargs.py
[2024-07-02T17:08:55.131+0000] {processor.py:753} INFO - DAG(s) dict_keys(['example_xcom_args', 'example_xcom_args_with_operators']) retrieved from /home/jacksonlmakl/data_flow_tool/airflow_home/airflow_venv/lib/python3.8/site-packages/airflow/example_dags/example_xcomargs.py
[2024-07-02T17:08:55.154+0000] {logging_mixin.py:137} INFO - [2024-07-02T17:08:55.154+0000] {dag.py:2690} INFO - Sync 2 DAGs
[2024-07-02T17:08:55.176+0000] {logging_mixin.py:137} INFO - [2024-07-02T17:08:55.176+0000] {dag.py:3437} INFO - Setting next_dagrun for example_xcom_args to None, run_after=None
[2024-07-02T17:08:55.179+0000] {logging_mixin.py:137} INFO - [2024-07-02T17:08:55.179+0000] {dag.py:3437} INFO - Setting next_dagrun for example_xcom_args_with_operators to None, run_after=None
[2024-07-02T17:08:55.198+0000] {processor.py:175} INFO - Processing /home/jacksonlmakl/data_flow_tool/airflow_home/airflow_venv/lib/python3.8/site-packages/airflow/example_dags/example_xcomargs.py took 0.102 seconds
[2024-07-02T17:09:31.160+0000] {processor.py:153} INFO - Started process (PID=7306) to work on /home/jacksonlmakl/data_flow_tool/airflow_home/airflow_venv/lib/python3.8/site-packages/airflow/example_dags/example_xcomargs.py
[2024-07-02T17:09:31.162+0000] {processor.py:743} INFO - Processing file /home/jacksonlmakl/data_flow_tool/airflow_home/airflow_venv/lib/python3.8/site-packages/airflow/example_dags/example_xcomargs.py for tasks to queue
[2024-07-02T17:09:31.163+0000] {logging_mixin.py:137} INFO - [2024-07-02T17:09:31.162+0000] {dagbag.py:538} INFO - Filling up the DagBag from /home/jacksonlmakl/data_flow_tool/airflow_home/airflow_venv/lib/python3.8/site-packages/airflow/example_dags/example_xcomargs.py
[2024-07-02T17:09:31.196+0000] {processor.py:753} INFO - DAG(s) dict_keys(['example_xcom_args_with_operators', 'example_xcom_args']) retrieved from /home/jacksonlmakl/data_flow_tool/airflow_home/airflow_venv/lib/python3.8/site-packages/airflow/example_dags/example_xcomargs.py
[2024-07-02T17:09:31.219+0000] {logging_mixin.py:137} INFO - [2024-07-02T17:09:31.219+0000] {dag.py:2690} INFO - Sync 2 DAGs
[2024-07-02T17:09:31.242+0000] {logging_mixin.py:137} INFO - [2024-07-02T17:09:31.241+0000] {dag.py:3437} INFO - Setting next_dagrun for example_xcom_args to None, run_after=None
[2024-07-02T17:09:31.245+0000] {logging_mixin.py:137} INFO - [2024-07-02T17:09:31.244+0000] {dag.py:3437} INFO - Setting next_dagrun for example_xcom_args_with_operators to None, run_after=None
[2024-07-02T17:09:31.263+0000] {processor.py:175} INFO - Processing /home/jacksonlmakl/data_flow_tool/airflow_home/airflow_venv/lib/python3.8/site-packages/airflow/example_dags/example_xcomargs.py took 0.107 seconds
