[2024-07-02T17:06:15.108+0000] {processor.py:153} INFO - Started process (PID=7042) to work on /home/jacksonlmakl/data_flow_tool/airflow_home/airflow_venv/lib/python3.8/site-packages/airflow/example_dags/example_time_delta_sensor_async.py
[2024-07-02T17:06:15.109+0000] {processor.py:743} INFO - Processing file /home/jacksonlmakl/data_flow_tool/airflow_home/airflow_venv/lib/python3.8/site-packages/airflow/example_dags/example_time_delta_sensor_async.py for tasks to queue
[2024-07-02T17:06:15.110+0000] {logging_mixin.py:137} INFO - [2024-07-02T17:06:15.109+0000] {dagbag.py:538} INFO - Filling up the DagBag from /home/jacksonlmakl/data_flow_tool/airflow_home/airflow_venv/lib/python3.8/site-packages/airflow/example_dags/example_time_delta_sensor_async.py
[2024-07-02T17:06:15.125+0000] {processor.py:753} INFO - DAG(s) dict_keys(['example_time_delta_sensor_async']) retrieved from /home/jacksonlmakl/data_flow_tool/airflow_home/airflow_venv/lib/python3.8/site-packages/airflow/example_dags/example_time_delta_sensor_async.py
[2024-07-02T17:06:15.231+0000] {logging_mixin.py:137} INFO - [2024-07-02T17:06:15.231+0000] {manager.py:504} INFO - Created Permission View: can delete on DAG:example_time_delta_sensor_async
[2024-07-02T17:06:15.241+0000] {logging_mixin.py:137} INFO - [2024-07-02T17:06:15.241+0000] {manager.py:504} INFO - Created Permission View: can read on DAG:example_time_delta_sensor_async
[2024-07-02T17:06:15.250+0000] {logging_mixin.py:137} INFO - [2024-07-02T17:06:15.249+0000] {manager.py:504} INFO - Created Permission View: can edit on DAG:example_time_delta_sensor_async
[2024-07-02T17:06:15.250+0000] {logging_mixin.py:137} INFO - [2024-07-02T17:06:15.250+0000] {dag.py:2690} INFO - Sync 1 DAGs
[2024-07-02T17:06:15.260+0000] {logging_mixin.py:137} INFO - [2024-07-02T17:06:15.260+0000] {dag.py:2711} INFO - Creating ORM DAG for example_time_delta_sensor_async
[2024-07-02T17:06:15.268+0000] {logging_mixin.py:137} INFO - [2024-07-02T17:06:15.268+0000] {dag.py:3437} INFO - Setting next_dagrun for example_time_delta_sensor_async to None, run_after=None
[2024-07-02T17:06:15.290+0000] {processor.py:175} INFO - Processing /home/jacksonlmakl/data_flow_tool/airflow_home/airflow_venv/lib/python3.8/site-packages/airflow/example_dags/example_time_delta_sensor_async.py took 0.186 seconds
[2024-07-02T17:07:08.839+0000] {processor.py:153} INFO - Started process (PID=7133) to work on /home/jacksonlmakl/data_flow_tool/airflow_home/airflow_venv/lib/python3.8/site-packages/airflow/example_dags/example_time_delta_sensor_async.py
[2024-07-02T17:07:08.841+0000] {processor.py:743} INFO - Processing file /home/jacksonlmakl/data_flow_tool/airflow_home/airflow_venv/lib/python3.8/site-packages/airflow/example_dags/example_time_delta_sensor_async.py for tasks to queue
[2024-07-02T17:07:08.841+0000] {logging_mixin.py:137} INFO - [2024-07-02T17:07:08.841+0000] {dagbag.py:538} INFO - Filling up the DagBag from /home/jacksonlmakl/data_flow_tool/airflow_home/airflow_venv/lib/python3.8/site-packages/airflow/example_dags/example_time_delta_sensor_async.py
[2024-07-02T17:07:08.857+0000] {processor.py:753} INFO - DAG(s) dict_keys(['example_time_delta_sensor_async']) retrieved from /home/jacksonlmakl/data_flow_tool/airflow_home/airflow_venv/lib/python3.8/site-packages/airflow/example_dags/example_time_delta_sensor_async.py
[2024-07-02T17:07:08.877+0000] {logging_mixin.py:137} INFO - [2024-07-02T17:07:08.877+0000] {dag.py:2690} INFO - Sync 1 DAGs
[2024-07-02T17:07:08.899+0000] {logging_mixin.py:137} INFO - [2024-07-02T17:07:08.899+0000] {dag.py:3437} INFO - Setting next_dagrun for example_time_delta_sensor_async to None, run_after=None
[2024-07-02T17:07:08.921+0000] {processor.py:175} INFO - Processing /home/jacksonlmakl/data_flow_tool/airflow_home/airflow_venv/lib/python3.8/site-packages/airflow/example_dags/example_time_delta_sensor_async.py took 0.086 seconds
[2024-07-02T17:08:06.708+0000] {processor.py:153} INFO - Started process (PID=7215) to work on /home/jacksonlmakl/data_flow_tool/airflow_home/airflow_venv/lib/python3.8/site-packages/airflow/example_dags/example_time_delta_sensor_async.py
[2024-07-02T17:08:06.710+0000] {processor.py:743} INFO - Processing file /home/jacksonlmakl/data_flow_tool/airflow_home/airflow_venv/lib/python3.8/site-packages/airflow/example_dags/example_time_delta_sensor_async.py for tasks to queue
[2024-07-02T17:08:06.711+0000] {logging_mixin.py:137} INFO - [2024-07-02T17:08:06.711+0000] {dagbag.py:538} INFO - Filling up the DagBag from /home/jacksonlmakl/data_flow_tool/airflow_home/airflow_venv/lib/python3.8/site-packages/airflow/example_dags/example_time_delta_sensor_async.py
[2024-07-02T17:08:06.726+0000] {processor.py:753} INFO - DAG(s) dict_keys(['example_time_delta_sensor_async']) retrieved from /home/jacksonlmakl/data_flow_tool/airflow_home/airflow_venv/lib/python3.8/site-packages/airflow/example_dags/example_time_delta_sensor_async.py
[2024-07-02T17:08:06.746+0000] {logging_mixin.py:137} INFO - [2024-07-02T17:08:06.746+0000] {dag.py:2690} INFO - Sync 1 DAGs
[2024-07-02T17:08:06.768+0000] {logging_mixin.py:137} INFO - [2024-07-02T17:08:06.767+0000] {dag.py:3437} INFO - Setting next_dagrun for example_time_delta_sensor_async to None, run_after=None
[2024-07-02T17:08:06.788+0000] {processor.py:175} INFO - Processing /home/jacksonlmakl/data_flow_tool/airflow_home/airflow_venv/lib/python3.8/site-packages/airflow/example_dags/example_time_delta_sensor_async.py took 0.084 seconds
[2024-07-02T17:09:12.020+0000] {processor.py:153} INFO - Started process (PID=7287) to work on /home/jacksonlmakl/data_flow_tool/airflow_home/airflow_venv/lib/python3.8/site-packages/airflow/example_dags/example_time_delta_sensor_async.py
[2024-07-02T17:09:12.022+0000] {processor.py:743} INFO - Processing file /home/jacksonlmakl/data_flow_tool/airflow_home/airflow_venv/lib/python3.8/site-packages/airflow/example_dags/example_time_delta_sensor_async.py for tasks to queue
[2024-07-02T17:09:12.023+0000] {logging_mixin.py:137} INFO - [2024-07-02T17:09:12.022+0000] {dagbag.py:538} INFO - Filling up the DagBag from /home/jacksonlmakl/data_flow_tool/airflow_home/airflow_venv/lib/python3.8/site-packages/airflow/example_dags/example_time_delta_sensor_async.py
[2024-07-02T17:09:12.038+0000] {processor.py:753} INFO - DAG(s) dict_keys(['example_time_delta_sensor_async']) retrieved from /home/jacksonlmakl/data_flow_tool/airflow_home/airflow_venv/lib/python3.8/site-packages/airflow/example_dags/example_time_delta_sensor_async.py
[2024-07-02T17:09:12.058+0000] {logging_mixin.py:137} INFO - [2024-07-02T17:09:12.058+0000] {dag.py:2690} INFO - Sync 1 DAGs
[2024-07-02T17:09:12.080+0000] {logging_mixin.py:137} INFO - [2024-07-02T17:09:12.080+0000] {dag.py:3437} INFO - Setting next_dagrun for example_time_delta_sensor_async to None, run_after=None
[2024-07-02T17:09:12.105+0000] {processor.py:175} INFO - Processing /home/jacksonlmakl/data_flow_tool/airflow_home/airflow_venv/lib/python3.8/site-packages/airflow/example_dags/example_time_delta_sensor_async.py took 0.089 seconds
