[2024-07-02T17:06:10.461+0000] {processor.py:153} INFO - Started process (PID=7038) to work on /home/jacksonlmakl/data_flow_tool/airflow_home/airflow_venv/lib/python3.8/site-packages/airflow/example_dags/example_short_circuit_operator.py
[2024-07-02T17:06:10.462+0000] {processor.py:743} INFO - Processing file /home/jacksonlmakl/data_flow_tool/airflow_home/airflow_venv/lib/python3.8/site-packages/airflow/example_dags/example_short_circuit_operator.py for tasks to queue
[2024-07-02T17:06:10.462+0000] {logging_mixin.py:137} INFO - [2024-07-02T17:06:10.462+0000] {dagbag.py:538} INFO - Filling up the DagBag from /home/jacksonlmakl/data_flow_tool/airflow_home/airflow_venv/lib/python3.8/site-packages/airflow/example_dags/example_short_circuit_operator.py
[2024-07-02T17:06:10.481+0000] {processor.py:753} INFO - DAG(s) dict_keys(['example_short_circuit_operator']) retrieved from /home/jacksonlmakl/data_flow_tool/airflow_home/airflow_venv/lib/python3.8/site-packages/airflow/example_dags/example_short_circuit_operator.py
[2024-07-02T17:06:10.588+0000] {logging_mixin.py:137} INFO - [2024-07-02T17:06:10.588+0000] {manager.py:504} INFO - Created Permission View: can delete on DAG:example_short_circuit_operator
[2024-07-02T17:06:10.598+0000] {logging_mixin.py:137} INFO - [2024-07-02T17:06:10.598+0000] {manager.py:504} INFO - Created Permission View: can read on DAG:example_short_circuit_operator
[2024-07-02T17:06:10.606+0000] {logging_mixin.py:137} INFO - [2024-07-02T17:06:10.606+0000] {manager.py:504} INFO - Created Permission View: can edit on DAG:example_short_circuit_operator
[2024-07-02T17:06:10.606+0000] {logging_mixin.py:137} INFO - [2024-07-02T17:06:10.606+0000] {dag.py:2690} INFO - Sync 1 DAGs
[2024-07-02T17:06:10.617+0000] {logging_mixin.py:137} INFO - [2024-07-02T17:06:10.617+0000] {dag.py:2711} INFO - Creating ORM DAG for example_short_circuit_operator
[2024-07-02T17:06:10.626+0000] {logging_mixin.py:137} INFO - [2024-07-02T17:06:10.626+0000] {dag.py:3437} INFO - Setting next_dagrun for example_short_circuit_operator to 2024-07-01T17:06:10.626400+00:00, run_after=2024-07-02T17:06:10.626400+00:00
[2024-07-02T17:06:10.650+0000] {processor.py:175} INFO - Processing /home/jacksonlmakl/data_flow_tool/airflow_home/airflow_venv/lib/python3.8/site-packages/airflow/example_dags/example_short_circuit_operator.py took 0.193 seconds
[2024-07-02T17:07:04.045+0000] {processor.py:153} INFO - Started process (PID=7129) to work on /home/jacksonlmakl/data_flow_tool/airflow_home/airflow_venv/lib/python3.8/site-packages/airflow/example_dags/example_short_circuit_operator.py
[2024-07-02T17:07:04.047+0000] {processor.py:743} INFO - Processing file /home/jacksonlmakl/data_flow_tool/airflow_home/airflow_venv/lib/python3.8/site-packages/airflow/example_dags/example_short_circuit_operator.py for tasks to queue
[2024-07-02T17:07:04.048+0000] {logging_mixin.py:137} INFO - [2024-07-02T17:07:04.048+0000] {dagbag.py:538} INFO - Filling up the DagBag from /home/jacksonlmakl/data_flow_tool/airflow_home/airflow_venv/lib/python3.8/site-packages/airflow/example_dags/example_short_circuit_operator.py
[2024-07-02T17:07:04.066+0000] {processor.py:753} INFO - DAG(s) dict_keys(['example_short_circuit_operator']) retrieved from /home/jacksonlmakl/data_flow_tool/airflow_home/airflow_venv/lib/python3.8/site-packages/airflow/example_dags/example_short_circuit_operator.py
[2024-07-02T17:07:04.086+0000] {logging_mixin.py:137} INFO - [2024-07-02T17:07:04.086+0000] {dag.py:2690} INFO - Sync 1 DAGs
[2024-07-02T17:07:04.107+0000] {logging_mixin.py:137} INFO - [2024-07-02T17:07:04.107+0000] {dag.py:3437} INFO - Setting next_dagrun for example_short_circuit_operator to 2024-07-01T17:07:04.107406+00:00, run_after=2024-07-02T17:07:04.107406+00:00
[2024-07-02T17:07:04.131+0000] {processor.py:175} INFO - Processing /home/jacksonlmakl/data_flow_tool/airflow_home/airflow_venv/lib/python3.8/site-packages/airflow/example_dags/example_short_circuit_operator.py took 0.090 seconds
[2024-07-02T17:08:01.776+0000] {processor.py:153} INFO - Started process (PID=7211) to work on /home/jacksonlmakl/data_flow_tool/airflow_home/airflow_venv/lib/python3.8/site-packages/airflow/example_dags/example_short_circuit_operator.py
[2024-07-02T17:08:01.778+0000] {processor.py:743} INFO - Processing file /home/jacksonlmakl/data_flow_tool/airflow_home/airflow_venv/lib/python3.8/site-packages/airflow/example_dags/example_short_circuit_operator.py for tasks to queue
[2024-07-02T17:08:01.779+0000] {logging_mixin.py:137} INFO - [2024-07-02T17:08:01.779+0000] {dagbag.py:538} INFO - Filling up the DagBag from /home/jacksonlmakl/data_flow_tool/airflow_home/airflow_venv/lib/python3.8/site-packages/airflow/example_dags/example_short_circuit_operator.py
[2024-07-02T17:08:01.797+0000] {processor.py:753} INFO - DAG(s) dict_keys(['example_short_circuit_operator']) retrieved from /home/jacksonlmakl/data_flow_tool/airflow_home/airflow_venv/lib/python3.8/site-packages/airflow/example_dags/example_short_circuit_operator.py
[2024-07-02T17:08:01.817+0000] {logging_mixin.py:137} INFO - [2024-07-02T17:08:01.817+0000] {dag.py:2690} INFO - Sync 1 DAGs
[2024-07-02T17:08:01.838+0000] {logging_mixin.py:137} INFO - [2024-07-02T17:08:01.838+0000] {dag.py:3437} INFO - Setting next_dagrun for example_short_circuit_operator to 2024-07-01T17:08:01.837923+00:00, run_after=2024-07-02T17:08:01.837923+00:00
[2024-07-02T17:08:01.861+0000] {processor.py:175} INFO - Processing /home/jacksonlmakl/data_flow_tool/airflow_home/airflow_venv/lib/python3.8/site-packages/airflow/example_dags/example_short_circuit_operator.py took 0.094 seconds
[2024-07-02T17:08:58.728+0000] {processor.py:153} INFO - Started process (PID=7263) to work on /home/jacksonlmakl/data_flow_tool/airflow_home/airflow_venv/lib/python3.8/site-packages/airflow/example_dags/example_short_circuit_operator.py
[2024-07-02T17:08:58.730+0000] {processor.py:743} INFO - Processing file /home/jacksonlmakl/data_flow_tool/airflow_home/airflow_venv/lib/python3.8/site-packages/airflow/example_dags/example_short_circuit_operator.py for tasks to queue
[2024-07-02T17:08:58.731+0000] {logging_mixin.py:137} INFO - [2024-07-02T17:08:58.731+0000] {dagbag.py:538} INFO - Filling up the DagBag from /home/jacksonlmakl/data_flow_tool/airflow_home/airflow_venv/lib/python3.8/site-packages/airflow/example_dags/example_short_circuit_operator.py
[2024-07-02T17:08:58.751+0000] {processor.py:753} INFO - DAG(s) dict_keys(['example_short_circuit_operator']) retrieved from /home/jacksonlmakl/data_flow_tool/airflow_home/airflow_venv/lib/python3.8/site-packages/airflow/example_dags/example_short_circuit_operator.py
[2024-07-02T17:08:58.775+0000] {logging_mixin.py:137} INFO - [2024-07-02T17:08:58.775+0000] {dag.py:2690} INFO - Sync 1 DAGs
[2024-07-02T17:08:58.798+0000] {logging_mixin.py:137} INFO - [2024-07-02T17:08:58.797+0000] {dag.py:3437} INFO - Setting next_dagrun for example_short_circuit_operator to 2024-07-01T17:08:58.797529+00:00, run_after=2024-07-02T17:08:58.797529+00:00
[2024-07-02T17:08:58.849+0000] {processor.py:175} INFO - Processing /home/jacksonlmakl/data_flow_tool/airflow_home/airflow_venv/lib/python3.8/site-packages/airflow/example_dags/example_short_circuit_operator.py took 0.124 seconds
