[2024-07-02T17:07:20.087+0000] {processor.py:153} INFO - Started process (PID=7146) to work on /home/jacksonlmakl/data_flow_tool/airflow_home/airflow_venv/lib/python3.8/site-packages/airflow/example_dags/example_skip_dag.py
[2024-07-02T17:07:20.089+0000] {processor.py:743} INFO - Processing file /home/jacksonlmakl/data_flow_tool/airflow_home/airflow_venv/lib/python3.8/site-packages/airflow/example_dags/example_skip_dag.py for tasks to queue
[2024-07-02T17:07:20.089+0000] {logging_mixin.py:137} INFO - [2024-07-02T17:07:20.089+0000] {dagbag.py:538} INFO - Filling up the DagBag from /home/jacksonlmakl/data_flow_tool/airflow_home/airflow_venv/lib/python3.8/site-packages/airflow/example_dags/example_skip_dag.py
[2024-07-02T17:07:20.106+0000] {processor.py:753} INFO - DAG(s) dict_keys(['example_skip_dag']) retrieved from /home/jacksonlmakl/data_flow_tool/airflow_home/airflow_venv/lib/python3.8/site-packages/airflow/example_dags/example_skip_dag.py
[2024-07-02T17:07:20.215+0000] {logging_mixin.py:137} INFO - [2024-07-02T17:07:20.215+0000] {manager.py:504} INFO - Created Permission View: can read on DAG:example_skip_dag
[2024-07-02T17:07:20.226+0000] {logging_mixin.py:137} INFO - [2024-07-02T17:07:20.226+0000] {manager.py:504} INFO - Created Permission View: can delete on DAG:example_skip_dag
[2024-07-02T17:07:20.237+0000] {logging_mixin.py:137} INFO - [2024-07-02T17:07:20.237+0000] {manager.py:504} INFO - Created Permission View: can edit on DAG:example_skip_dag
[2024-07-02T17:07:20.237+0000] {logging_mixin.py:137} INFO - [2024-07-02T17:07:20.237+0000] {dag.py:2690} INFO - Sync 1 DAGs
[2024-07-02T17:07:20.248+0000] {logging_mixin.py:137} INFO - [2024-07-02T17:07:20.248+0000] {dag.py:2711} INFO - Creating ORM DAG for example_skip_dag
[2024-07-02T17:07:20.257+0000] {logging_mixin.py:137} INFO - [2024-07-02T17:07:20.257+0000] {dag.py:3437} INFO - Setting next_dagrun for example_skip_dag to 2024-07-01T17:07:20.257466+00:00, run_after=2024-07-02T17:07:20.257466+00:00
[2024-07-02T17:07:20.285+0000] {processor.py:175} INFO - Processing /home/jacksonlmakl/data_flow_tool/airflow_home/airflow_venv/lib/python3.8/site-packages/airflow/example_dags/example_skip_dag.py took 0.202 seconds
[2024-07-02T17:08:13.489+0000] {processor.py:153} INFO - Started process (PID=7222) to work on /home/jacksonlmakl/data_flow_tool/airflow_home/airflow_venv/lib/python3.8/site-packages/airflow/example_dags/example_skip_dag.py
[2024-07-02T17:08:13.491+0000] {processor.py:743} INFO - Processing file /home/jacksonlmakl/data_flow_tool/airflow_home/airflow_venv/lib/python3.8/site-packages/airflow/example_dags/example_skip_dag.py for tasks to queue
[2024-07-02T17:08:13.492+0000] {logging_mixin.py:137} INFO - [2024-07-02T17:08:13.492+0000] {dagbag.py:538} INFO - Filling up the DagBag from /home/jacksonlmakl/data_flow_tool/airflow_home/airflow_venv/lib/python3.8/site-packages/airflow/example_dags/example_skip_dag.py
[2024-07-02T17:08:13.508+0000] {processor.py:753} INFO - DAG(s) dict_keys(['example_skip_dag']) retrieved from /home/jacksonlmakl/data_flow_tool/airflow_home/airflow_venv/lib/python3.8/site-packages/airflow/example_dags/example_skip_dag.py
[2024-07-02T17:08:13.527+0000] {logging_mixin.py:137} INFO - [2024-07-02T17:08:13.527+0000] {dag.py:2690} INFO - Sync 1 DAGs
[2024-07-02T17:08:13.549+0000] {logging_mixin.py:137} INFO - [2024-07-02T17:08:13.549+0000] {dag.py:3437} INFO - Setting next_dagrun for example_skip_dag to 2024-07-01T17:08:13.548907+00:00, run_after=2024-07-02T17:08:13.548907+00:00
[2024-07-02T17:08:13.572+0000] {processor.py:175} INFO - Processing /home/jacksonlmakl/data_flow_tool/airflow_home/airflow_venv/lib/python3.8/site-packages/airflow/example_dags/example_skip_dag.py took 0.087 seconds
[2024-07-02T17:09:20.525+0000] {processor.py:153} INFO - Started process (PID=7294) to work on /home/jacksonlmakl/data_flow_tool/airflow_home/airflow_venv/lib/python3.8/site-packages/airflow/example_dags/example_skip_dag.py
[2024-07-02T17:09:20.527+0000] {processor.py:743} INFO - Processing file /home/jacksonlmakl/data_flow_tool/airflow_home/airflow_venv/lib/python3.8/site-packages/airflow/example_dags/example_skip_dag.py for tasks to queue
[2024-07-02T17:09:20.528+0000] {logging_mixin.py:137} INFO - [2024-07-02T17:09:20.527+0000] {dagbag.py:538} INFO - Filling up the DagBag from /home/jacksonlmakl/data_flow_tool/airflow_home/airflow_venv/lib/python3.8/site-packages/airflow/example_dags/example_skip_dag.py
[2024-07-02T17:09:20.545+0000] {processor.py:753} INFO - DAG(s) dict_keys(['example_skip_dag']) retrieved from /home/jacksonlmakl/data_flow_tool/airflow_home/airflow_venv/lib/python3.8/site-packages/airflow/example_dags/example_skip_dag.py
[2024-07-02T17:09:20.565+0000] {logging_mixin.py:137} INFO - [2024-07-02T17:09:20.565+0000] {dag.py:2690} INFO - Sync 1 DAGs
[2024-07-02T17:09:20.589+0000] {logging_mixin.py:137} INFO - [2024-07-02T17:09:20.589+0000] {dag.py:3437} INFO - Setting next_dagrun for example_skip_dag to 2024-07-01T17:09:20.589468+00:00, run_after=2024-07-02T17:09:20.589468+00:00
[2024-07-02T17:09:20.612+0000] {processor.py:175} INFO - Processing /home/jacksonlmakl/data_flow_tool/airflow_home/airflow_venv/lib/python3.8/site-packages/airflow/example_dags/example_skip_dag.py took 0.092 seconds
