[2024-07-02T17:06:18.320+0000] {processor.py:153} INFO - Started process (PID=7045) to work on /home/jacksonlmakl/data_flow_tool/airflow_home/airflow_venv/lib/python3.8/site-packages/airflow/example_dags/example_nested_branch_dag.py
[2024-07-02T17:06:18.321+0000] {processor.py:743} INFO - Processing file /home/jacksonlmakl/data_flow_tool/airflow_home/airflow_venv/lib/python3.8/site-packages/airflow/example_dags/example_nested_branch_dag.py for tasks to queue
[2024-07-02T17:06:18.322+0000] {logging_mixin.py:137} INFO - [2024-07-02T17:06:18.322+0000] {dagbag.py:538} INFO - Filling up the DagBag from /home/jacksonlmakl/data_flow_tool/airflow_home/airflow_venv/lib/python3.8/site-packages/airflow/example_dags/example_nested_branch_dag.py
[2024-07-02T17:06:18.352+0000] {processor.py:753} INFO - DAG(s) dict_keys(['example_nested_branch_dag']) retrieved from /home/jacksonlmakl/data_flow_tool/airflow_home/airflow_venv/lib/python3.8/site-packages/airflow/example_dags/example_nested_branch_dag.py
[2024-07-02T17:06:18.456+0000] {logging_mixin.py:137} INFO - [2024-07-02T17:06:18.456+0000] {manager.py:504} INFO - Created Permission View: can delete on DAG:example_nested_branch_dag
[2024-07-02T17:06:18.468+0000] {logging_mixin.py:137} INFO - [2024-07-02T17:06:18.468+0000] {manager.py:504} INFO - Created Permission View: can read on DAG:example_nested_branch_dag
[2024-07-02T17:06:18.477+0000] {logging_mixin.py:137} INFO - [2024-07-02T17:06:18.477+0000] {manager.py:504} INFO - Created Permission View: can edit on DAG:example_nested_branch_dag
[2024-07-02T17:06:18.478+0000] {logging_mixin.py:137} INFO - [2024-07-02T17:06:18.478+0000] {dag.py:2690} INFO - Sync 1 DAGs
[2024-07-02T17:06:18.488+0000] {logging_mixin.py:137} INFO - [2024-07-02T17:06:18.488+0000] {dag.py:2711} INFO - Creating ORM DAG for example_nested_branch_dag
[2024-07-02T17:06:18.500+0000] {logging_mixin.py:137} INFO - [2024-07-02T17:06:18.500+0000] {dag.py:3437} INFO - Setting next_dagrun for example_nested_branch_dag to 2024-07-01T00:00:00+00:00, run_after=2024-07-02T00:00:00+00:00
[2024-07-02T17:06:18.521+0000] {processor.py:175} INFO - Processing /home/jacksonlmakl/data_flow_tool/airflow_home/airflow_venv/lib/python3.8/site-packages/airflow/example_dags/example_nested_branch_dag.py took 0.205 seconds
[2024-07-02T17:07:15.087+0000] {processor.py:153} INFO - Started process (PID=7142) to work on /home/jacksonlmakl/data_flow_tool/airflow_home/airflow_venv/lib/python3.8/site-packages/airflow/example_dags/example_nested_branch_dag.py
[2024-07-02T17:07:15.089+0000] {processor.py:743} INFO - Processing file /home/jacksonlmakl/data_flow_tool/airflow_home/airflow_venv/lib/python3.8/site-packages/airflow/example_dags/example_nested_branch_dag.py for tasks to queue
[2024-07-02T17:07:15.090+0000] {logging_mixin.py:137} INFO - [2024-07-02T17:07:15.090+0000] {dagbag.py:538} INFO - Filling up the DagBag from /home/jacksonlmakl/data_flow_tool/airflow_home/airflow_venv/lib/python3.8/site-packages/airflow/example_dags/example_nested_branch_dag.py
[2024-07-02T17:07:15.123+0000] {processor.py:753} INFO - DAG(s) dict_keys(['example_nested_branch_dag']) retrieved from /home/jacksonlmakl/data_flow_tool/airflow_home/airflow_venv/lib/python3.8/site-packages/airflow/example_dags/example_nested_branch_dag.py
[2024-07-02T17:07:15.142+0000] {logging_mixin.py:137} INFO - [2024-07-02T17:07:15.142+0000] {dag.py:2690} INFO - Sync 1 DAGs
[2024-07-02T17:07:15.166+0000] {logging_mixin.py:137} INFO - [2024-07-02T17:07:15.166+0000] {dag.py:3437} INFO - Setting next_dagrun for example_nested_branch_dag to 2024-07-01T00:00:00+00:00, run_after=2024-07-02T00:00:00+00:00
[2024-07-02T17:07:15.189+0000] {processor.py:175} INFO - Processing /home/jacksonlmakl/data_flow_tool/airflow_home/airflow_venv/lib/python3.8/site-packages/airflow/example_dags/example_nested_branch_dag.py took 0.106 seconds
[2024-07-02T17:08:09.473+0000] {processor.py:153} INFO - Started process (PID=7218) to work on /home/jacksonlmakl/data_flow_tool/airflow_home/airflow_venv/lib/python3.8/site-packages/airflow/example_dags/example_nested_branch_dag.py
[2024-07-02T17:08:09.475+0000] {processor.py:743} INFO - Processing file /home/jacksonlmakl/data_flow_tool/airflow_home/airflow_venv/lib/python3.8/site-packages/airflow/example_dags/example_nested_branch_dag.py for tasks to queue
[2024-07-02T17:08:09.476+0000] {logging_mixin.py:137} INFO - [2024-07-02T17:08:09.475+0000] {dagbag.py:538} INFO - Filling up the DagBag from /home/jacksonlmakl/data_flow_tool/airflow_home/airflow_venv/lib/python3.8/site-packages/airflow/example_dags/example_nested_branch_dag.py
[2024-07-02T17:08:09.505+0000] {processor.py:753} INFO - DAG(s) dict_keys(['example_nested_branch_dag']) retrieved from /home/jacksonlmakl/data_flow_tool/airflow_home/airflow_venv/lib/python3.8/site-packages/airflow/example_dags/example_nested_branch_dag.py
[2024-07-02T17:08:09.525+0000] {logging_mixin.py:137} INFO - [2024-07-02T17:08:09.524+0000] {dag.py:2690} INFO - Sync 1 DAGs
[2024-07-02T17:08:09.548+0000] {logging_mixin.py:137} INFO - [2024-07-02T17:08:09.548+0000] {dag.py:3437} INFO - Setting next_dagrun for example_nested_branch_dag to 2024-07-01T00:00:00+00:00, run_after=2024-07-02T00:00:00+00:00
[2024-07-02T17:08:09.570+0000] {processor.py:175} INFO - Processing /home/jacksonlmakl/data_flow_tool/airflow_home/airflow_venv/lib/python3.8/site-packages/airflow/example_dags/example_nested_branch_dag.py took 0.101 seconds
[2024-07-02T17:09:15.545+0000] {processor.py:153} INFO - Started process (PID=7290) to work on /home/jacksonlmakl/data_flow_tool/airflow_home/airflow_venv/lib/python3.8/site-packages/airflow/example_dags/example_nested_branch_dag.py
[2024-07-02T17:09:15.547+0000] {processor.py:743} INFO - Processing file /home/jacksonlmakl/data_flow_tool/airflow_home/airflow_venv/lib/python3.8/site-packages/airflow/example_dags/example_nested_branch_dag.py for tasks to queue
[2024-07-02T17:09:15.547+0000] {logging_mixin.py:137} INFO - [2024-07-02T17:09:15.547+0000] {dagbag.py:538} INFO - Filling up the DagBag from /home/jacksonlmakl/data_flow_tool/airflow_home/airflow_venv/lib/python3.8/site-packages/airflow/example_dags/example_nested_branch_dag.py
[2024-07-02T17:09:15.578+0000] {processor.py:753} INFO - DAG(s) dict_keys(['example_nested_branch_dag']) retrieved from /home/jacksonlmakl/data_flow_tool/airflow_home/airflow_venv/lib/python3.8/site-packages/airflow/example_dags/example_nested_branch_dag.py
[2024-07-02T17:09:15.598+0000] {logging_mixin.py:137} INFO - [2024-07-02T17:09:15.598+0000] {dag.py:2690} INFO - Sync 1 DAGs
[2024-07-02T17:09:15.623+0000] {logging_mixin.py:137} INFO - [2024-07-02T17:09:15.623+0000] {dag.py:3437} INFO - Setting next_dagrun for example_nested_branch_dag to 2024-07-01T00:00:00+00:00, run_after=2024-07-02T00:00:00+00:00
[2024-07-02T17:09:15.646+0000] {processor.py:175} INFO - Processing /home/jacksonlmakl/data_flow_tool/airflow_home/airflow_venv/lib/python3.8/site-packages/airflow/example_dags/example_nested_branch_dag.py took 0.105 seconds
