[2024-07-02T17:06:14.408+0000] {processor.py:153} INFO - Started process (PID=7041) to work on /home/jacksonlmakl/data_flow_tool/airflow_home/airflow_venv/lib/python3.8/site-packages/airflow/example_dags/example_task_group_decorator.py
[2024-07-02T17:06:14.409+0000] {processor.py:743} INFO - Processing file /home/jacksonlmakl/data_flow_tool/airflow_home/airflow_venv/lib/python3.8/site-packages/airflow/example_dags/example_task_group_decorator.py for tasks to queue
[2024-07-02T17:06:14.410+0000] {logging_mixin.py:137} INFO - [2024-07-02T17:06:14.410+0000] {dagbag.py:538} INFO - Filling up the DagBag from /home/jacksonlmakl/data_flow_tool/airflow_home/airflow_venv/lib/python3.8/site-packages/airflow/example_dags/example_task_group_decorator.py
[2024-07-02T17:06:14.447+0000] {processor.py:753} INFO - DAG(s) dict_keys(['example_task_group_decorator']) retrieved from /home/jacksonlmakl/data_flow_tool/airflow_home/airflow_venv/lib/python3.8/site-packages/airflow/example_dags/example_task_group_decorator.py
[2024-07-02T17:06:14.559+0000] {logging_mixin.py:137} INFO - [2024-07-02T17:06:14.559+0000] {manager.py:504} INFO - Created Permission View: can delete on DAG:example_task_group_decorator
[2024-07-02T17:06:14.569+0000] {logging_mixin.py:137} INFO - [2024-07-02T17:06:14.569+0000] {manager.py:504} INFO - Created Permission View: can read on DAG:example_task_group_decorator
[2024-07-02T17:06:14.577+0000] {logging_mixin.py:137} INFO - [2024-07-02T17:06:14.577+0000] {manager.py:504} INFO - Created Permission View: can edit on DAG:example_task_group_decorator
[2024-07-02T17:06:14.577+0000] {logging_mixin.py:137} INFO - [2024-07-02T17:06:14.577+0000] {dag.py:2690} INFO - Sync 1 DAGs
[2024-07-02T17:06:14.588+0000] {logging_mixin.py:137} INFO - [2024-07-02T17:06:14.588+0000] {dag.py:2711} INFO - Creating ORM DAG for example_task_group_decorator
[2024-07-02T17:06:14.598+0000] {logging_mixin.py:137} INFO - [2024-07-02T17:06:14.598+0000] {dag.py:3437} INFO - Setting next_dagrun for example_task_group_decorator to 2024-07-01T17:06:14.598139+00:00, run_after=2024-07-02T17:06:14.598139+00:00
[2024-07-02T17:06:14.619+0000] {processor.py:175} INFO - Processing /home/jacksonlmakl/data_flow_tool/airflow_home/airflow_venv/lib/python3.8/site-packages/airflow/example_dags/example_task_group_decorator.py took 0.216 seconds
[2024-07-02T17:07:07.598+0000] {processor.py:153} INFO - Started process (PID=7132) to work on /home/jacksonlmakl/data_flow_tool/airflow_home/airflow_venv/lib/python3.8/site-packages/airflow/example_dags/example_task_group_decorator.py
[2024-07-02T17:07:07.600+0000] {processor.py:743} INFO - Processing file /home/jacksonlmakl/data_flow_tool/airflow_home/airflow_venv/lib/python3.8/site-packages/airflow/example_dags/example_task_group_decorator.py for tasks to queue
[2024-07-02T17:07:07.600+0000] {logging_mixin.py:137} INFO - [2024-07-02T17:07:07.600+0000] {dagbag.py:538} INFO - Filling up the DagBag from /home/jacksonlmakl/data_flow_tool/airflow_home/airflow_venv/lib/python3.8/site-packages/airflow/example_dags/example_task_group_decorator.py
[2024-07-02T17:07:07.633+0000] {processor.py:753} INFO - DAG(s) dict_keys(['example_task_group_decorator']) retrieved from /home/jacksonlmakl/data_flow_tool/airflow_home/airflow_venv/lib/python3.8/site-packages/airflow/example_dags/example_task_group_decorator.py
[2024-07-02T17:07:07.655+0000] {logging_mixin.py:137} INFO - [2024-07-02T17:07:07.654+0000] {dag.py:2690} INFO - Sync 1 DAGs
[2024-07-02T17:07:07.677+0000] {logging_mixin.py:137} INFO - [2024-07-02T17:07:07.677+0000] {dag.py:3437} INFO - Setting next_dagrun for example_task_group_decorator to 2024-07-01T17:07:07.676866+00:00, run_after=2024-07-02T17:07:07.676866+00:00
[2024-07-02T17:07:07.699+0000] {processor.py:175} INFO - Processing /home/jacksonlmakl/data_flow_tool/airflow_home/airflow_venv/lib/python3.8/site-packages/airflow/example_dags/example_task_group_decorator.py took 0.105 seconds
[2024-07-02T17:08:05.467+0000] {processor.py:153} INFO - Started process (PID=7214) to work on /home/jacksonlmakl/data_flow_tool/airflow_home/airflow_venv/lib/python3.8/site-packages/airflow/example_dags/example_task_group_decorator.py
[2024-07-02T17:08:05.469+0000] {processor.py:743} INFO - Processing file /home/jacksonlmakl/data_flow_tool/airflow_home/airflow_venv/lib/python3.8/site-packages/airflow/example_dags/example_task_group_decorator.py for tasks to queue
[2024-07-02T17:08:05.470+0000] {logging_mixin.py:137} INFO - [2024-07-02T17:08:05.470+0000] {dagbag.py:538} INFO - Filling up the DagBag from /home/jacksonlmakl/data_flow_tool/airflow_home/airflow_venv/lib/python3.8/site-packages/airflow/example_dags/example_task_group_decorator.py
[2024-07-02T17:08:05.504+0000] {processor.py:753} INFO - DAG(s) dict_keys(['example_task_group_decorator']) retrieved from /home/jacksonlmakl/data_flow_tool/airflow_home/airflow_venv/lib/python3.8/site-packages/airflow/example_dags/example_task_group_decorator.py
[2024-07-02T17:08:05.525+0000] {logging_mixin.py:137} INFO - [2024-07-02T17:08:05.525+0000] {dag.py:2690} INFO - Sync 1 DAGs
[2024-07-02T17:08:05.548+0000] {logging_mixin.py:137} INFO - [2024-07-02T17:08:05.548+0000] {dag.py:3437} INFO - Setting next_dagrun for example_task_group_decorator to 2024-07-01T17:08:05.547705+00:00, run_after=2024-07-02T17:08:05.547705+00:00
[2024-07-02T17:08:05.569+0000] {processor.py:175} INFO - Processing /home/jacksonlmakl/data_flow_tool/airflow_home/airflow_venv/lib/python3.8/site-packages/airflow/example_dags/example_task_group_decorator.py took 0.106 seconds
[2024-07-02T17:09:10.752+0000] {processor.py:153} INFO - Started process (PID=7286) to work on /home/jacksonlmakl/data_flow_tool/airflow_home/airflow_venv/lib/python3.8/site-packages/airflow/example_dags/example_task_group_decorator.py
[2024-07-02T17:09:10.754+0000] {processor.py:743} INFO - Processing file /home/jacksonlmakl/data_flow_tool/airflow_home/airflow_venv/lib/python3.8/site-packages/airflow/example_dags/example_task_group_decorator.py for tasks to queue
[2024-07-02T17:09:10.754+0000] {logging_mixin.py:137} INFO - [2024-07-02T17:09:10.754+0000] {dagbag.py:538} INFO - Filling up the DagBag from /home/jacksonlmakl/data_flow_tool/airflow_home/airflow_venv/lib/python3.8/site-packages/airflow/example_dags/example_task_group_decorator.py
[2024-07-02T17:09:10.787+0000] {processor.py:753} INFO - DAG(s) dict_keys(['example_task_group_decorator']) retrieved from /home/jacksonlmakl/data_flow_tool/airflow_home/airflow_venv/lib/python3.8/site-packages/airflow/example_dags/example_task_group_decorator.py
[2024-07-02T17:09:10.809+0000] {logging_mixin.py:137} INFO - [2024-07-02T17:09:10.808+0000] {dag.py:2690} INFO - Sync 1 DAGs
[2024-07-02T17:09:10.832+0000] {logging_mixin.py:137} INFO - [2024-07-02T17:09:10.832+0000] {dag.py:3437} INFO - Setting next_dagrun for example_task_group_decorator to 2024-07-01T17:09:10.831961+00:00, run_after=2024-07-02T17:09:10.831961+00:00
[2024-07-02T17:09:10.853+0000] {processor.py:175} INFO - Processing /home/jacksonlmakl/data_flow_tool/airflow_home/airflow_venv/lib/python3.8/site-packages/airflow/example_dags/example_task_group_decorator.py took 0.105 seconds
