[2024-07-02T17:06:19.661+0000] {processor.py:153} INFO - Started process (PID=7046) to work on /home/jacksonlmakl/data_flow_tool/airflow_home/airflow_venv/lib/python3.8/site-packages/airflow/example_dags/example_xcom.py
[2024-07-02T17:06:19.662+0000] {processor.py:743} INFO - Processing file /home/jacksonlmakl/data_flow_tool/airflow_home/airflow_venv/lib/python3.8/site-packages/airflow/example_dags/example_xcom.py for tasks to queue
[2024-07-02T17:06:19.663+0000] {logging_mixin.py:137} INFO - [2024-07-02T17:06:19.663+0000] {dagbag.py:538} INFO - Filling up the DagBag from /home/jacksonlmakl/data_flow_tool/airflow_home/airflow_venv/lib/python3.8/site-packages/airflow/example_dags/example_xcom.py
[2024-07-02T17:06:19.691+0000] {processor.py:753} INFO - DAG(s) dict_keys(['example_xcom']) retrieved from /home/jacksonlmakl/data_flow_tool/airflow_home/airflow_venv/lib/python3.8/site-packages/airflow/example_dags/example_xcom.py
[2024-07-02T17:06:19.796+0000] {logging_mixin.py:137} INFO - [2024-07-02T17:06:19.796+0000] {manager.py:504} INFO - Created Permission View: can delete on DAG:example_xcom
[2024-07-02T17:06:19.807+0000] {logging_mixin.py:137} INFO - [2024-07-02T17:06:19.807+0000] {manager.py:504} INFO - Created Permission View: can read on DAG:example_xcom
[2024-07-02T17:06:19.816+0000] {logging_mixin.py:137} INFO - [2024-07-02T17:06:19.816+0000] {manager.py:504} INFO - Created Permission View: can edit on DAG:example_xcom
[2024-07-02T17:06:19.817+0000] {logging_mixin.py:137} INFO - [2024-07-02T17:06:19.817+0000] {dag.py:2690} INFO - Sync 1 DAGs
[2024-07-02T17:06:19.827+0000] {logging_mixin.py:137} INFO - [2024-07-02T17:06:19.827+0000] {dag.py:2711} INFO - Creating ORM DAG for example_xcom
[2024-07-02T17:06:19.837+0000] {logging_mixin.py:137} INFO - [2024-07-02T17:06:19.837+0000] {dag.py:3437} INFO - Setting next_dagrun for example_xcom to 2021-01-01T00:00:00+00:00, run_after=2021-01-01T00:00:00+00:00
[2024-07-02T17:06:19.858+0000] {processor.py:175} INFO - Processing /home/jacksonlmakl/data_flow_tool/airflow_home/airflow_venv/lib/python3.8/site-packages/airflow/example_dags/example_xcom.py took 0.201 seconds
[2024-07-02T17:07:16.346+0000] {processor.py:153} INFO - Started process (PID=7143) to work on /home/jacksonlmakl/data_flow_tool/airflow_home/airflow_venv/lib/python3.8/site-packages/airflow/example_dags/example_xcom.py
[2024-07-02T17:07:16.348+0000] {processor.py:743} INFO - Processing file /home/jacksonlmakl/data_flow_tool/airflow_home/airflow_venv/lib/python3.8/site-packages/airflow/example_dags/example_xcom.py for tasks to queue
[2024-07-02T17:07:16.349+0000] {logging_mixin.py:137} INFO - [2024-07-02T17:07:16.349+0000] {dagbag.py:538} INFO - Filling up the DagBag from /home/jacksonlmakl/data_flow_tool/airflow_home/airflow_venv/lib/python3.8/site-packages/airflow/example_dags/example_xcom.py
[2024-07-02T17:07:16.377+0000] {processor.py:753} INFO - DAG(s) dict_keys(['example_xcom']) retrieved from /home/jacksonlmakl/data_flow_tool/airflow_home/airflow_venv/lib/python3.8/site-packages/airflow/example_dags/example_xcom.py
[2024-07-02T17:07:16.397+0000] {logging_mixin.py:137} INFO - [2024-07-02T17:07:16.397+0000] {dag.py:2690} INFO - Sync 1 DAGs
[2024-07-02T17:07:16.419+0000] {logging_mixin.py:137} INFO - [2024-07-02T17:07:16.419+0000] {dag.py:3437} INFO - Setting next_dagrun for example_xcom to 2021-01-01T00:00:00+00:00, run_after=2021-01-01T00:00:00+00:00
[2024-07-02T17:07:16.441+0000] {processor.py:175} INFO - Processing /home/jacksonlmakl/data_flow_tool/airflow_home/airflow_venv/lib/python3.8/site-packages/airflow/example_dags/example_xcom.py took 0.098 seconds
[2024-07-02T17:08:10.713+0000] {processor.py:153} INFO - Started process (PID=7219) to work on /home/jacksonlmakl/data_flow_tool/airflow_home/airflow_venv/lib/python3.8/site-packages/airflow/example_dags/example_xcom.py
[2024-07-02T17:08:10.715+0000] {processor.py:743} INFO - Processing file /home/jacksonlmakl/data_flow_tool/airflow_home/airflow_venv/lib/python3.8/site-packages/airflow/example_dags/example_xcom.py for tasks to queue
[2024-07-02T17:08:10.716+0000] {logging_mixin.py:137} INFO - [2024-07-02T17:08:10.716+0000] {dagbag.py:538} INFO - Filling up the DagBag from /home/jacksonlmakl/data_flow_tool/airflow_home/airflow_venv/lib/python3.8/site-packages/airflow/example_dags/example_xcom.py
[2024-07-02T17:08:10.743+0000] {processor.py:753} INFO - DAG(s) dict_keys(['example_xcom']) retrieved from /home/jacksonlmakl/data_flow_tool/airflow_home/airflow_venv/lib/python3.8/site-packages/airflow/example_dags/example_xcom.py
[2024-07-02T17:08:10.763+0000] {logging_mixin.py:137} INFO - [2024-07-02T17:08:10.763+0000] {dag.py:2690} INFO - Sync 1 DAGs
[2024-07-02T17:08:10.785+0000] {logging_mixin.py:137} INFO - [2024-07-02T17:08:10.784+0000] {dag.py:3437} INFO - Setting next_dagrun for example_xcom to 2021-01-01T00:00:00+00:00, run_after=2021-01-01T00:00:00+00:00
[2024-07-02T17:08:10.806+0000] {processor.py:175} INFO - Processing /home/jacksonlmakl/data_flow_tool/airflow_home/airflow_venv/lib/python3.8/site-packages/airflow/example_dags/example_xcom.py took 0.096 seconds
[2024-07-02T17:09:16.799+0000] {processor.py:153} INFO - Started process (PID=7291) to work on /home/jacksonlmakl/data_flow_tool/airflow_home/airflow_venv/lib/python3.8/site-packages/airflow/example_dags/example_xcom.py
[2024-07-02T17:09:16.801+0000] {processor.py:743} INFO - Processing file /home/jacksonlmakl/data_flow_tool/airflow_home/airflow_venv/lib/python3.8/site-packages/airflow/example_dags/example_xcom.py for tasks to queue
[2024-07-02T17:09:16.803+0000] {logging_mixin.py:137} INFO - [2024-07-02T17:09:16.803+0000] {dagbag.py:538} INFO - Filling up the DagBag from /home/jacksonlmakl/data_flow_tool/airflow_home/airflow_venv/lib/python3.8/site-packages/airflow/example_dags/example_xcom.py
[2024-07-02T17:09:16.831+0000] {processor.py:753} INFO - DAG(s) dict_keys(['example_xcom']) retrieved from /home/jacksonlmakl/data_flow_tool/airflow_home/airflow_venv/lib/python3.8/site-packages/airflow/example_dags/example_xcom.py
[2024-07-02T17:09:16.852+0000] {logging_mixin.py:137} INFO - [2024-07-02T17:09:16.852+0000] {dag.py:2690} INFO - Sync 1 DAGs
[2024-07-02T17:09:16.875+0000] {logging_mixin.py:137} INFO - [2024-07-02T17:09:16.875+0000] {dag.py:3437} INFO - Setting next_dagrun for example_xcom to 2021-01-01T00:00:00+00:00, run_after=2021-01-01T00:00:00+00:00
[2024-07-02T17:09:16.898+0000] {processor.py:175} INFO - Processing /home/jacksonlmakl/data_flow_tool/airflow_home/airflow_venv/lib/python3.8/site-packages/airflow/example_dags/example_xcom.py took 0.103 seconds
