[2024-07-02T17:07:18.858+0000] {processor.py:153} INFO - Started process (PID=7145) to work on /home/jacksonlmakl/data_flow_tool/airflow_home/airflow_venv/lib/python3.8/site-packages/airflow/example_dags/example_sensor_decorator.py
[2024-07-02T17:07:18.859+0000] {processor.py:743} INFO - Processing file /home/jacksonlmakl/data_flow_tool/airflow_home/airflow_venv/lib/python3.8/site-packages/airflow/example_dags/example_sensor_decorator.py for tasks to queue
[2024-07-02T17:07:18.860+0000] {logging_mixin.py:137} INFO - [2024-07-02T17:07:18.860+0000] {dagbag.py:538} INFO - Filling up the DagBag from /home/jacksonlmakl/data_flow_tool/airflow_home/airflow_venv/lib/python3.8/site-packages/airflow/example_dags/example_sensor_decorator.py
[2024-07-02T17:07:18.886+0000] {processor.py:753} INFO - DAG(s) dict_keys(['example_sensor_decorator']) retrieved from /home/jacksonlmakl/data_flow_tool/airflow_home/airflow_venv/lib/python3.8/site-packages/airflow/example_dags/example_sensor_decorator.py
[2024-07-02T17:07:18.989+0000] {logging_mixin.py:137} INFO - [2024-07-02T17:07:18.989+0000] {manager.py:504} INFO - Created Permission View: can read on DAG:example_sensor_decorator
[2024-07-02T17:07:18.999+0000] {logging_mixin.py:137} INFO - [2024-07-02T17:07:18.999+0000] {manager.py:504} INFO - Created Permission View: can delete on DAG:example_sensor_decorator
[2024-07-02T17:07:19.008+0000] {logging_mixin.py:137} INFO - [2024-07-02T17:07:19.007+0000] {manager.py:504} INFO - Created Permission View: can edit on DAG:example_sensor_decorator
[2024-07-02T17:07:19.008+0000] {logging_mixin.py:137} INFO - [2024-07-02T17:07:19.008+0000] {dag.py:2690} INFO - Sync 1 DAGs
[2024-07-02T17:07:19.018+0000] {logging_mixin.py:137} INFO - [2024-07-02T17:07:19.018+0000] {dag.py:2711} INFO - Creating ORM DAG for example_sensor_decorator
[2024-07-02T17:07:19.029+0000] {logging_mixin.py:137} INFO - [2024-07-02T17:07:19.028+0000] {dag.py:3437} INFO - Setting next_dagrun for example_sensor_decorator to None, run_after=None
[2024-07-02T17:07:19.048+0000] {processor.py:175} INFO - Processing /home/jacksonlmakl/data_flow_tool/airflow_home/airflow_venv/lib/python3.8/site-packages/airflow/example_dags/example_sensor_decorator.py took 0.194 seconds
[2024-07-02T17:08:12.332+0000] {processor.py:153} INFO - Started process (PID=7221) to work on /home/jacksonlmakl/data_flow_tool/airflow_home/airflow_venv/lib/python3.8/site-packages/airflow/example_dags/example_sensor_decorator.py
[2024-07-02T17:08:12.334+0000] {processor.py:743} INFO - Processing file /home/jacksonlmakl/data_flow_tool/airflow_home/airflow_venv/lib/python3.8/site-packages/airflow/example_dags/example_sensor_decorator.py for tasks to queue
[2024-07-02T17:08:12.335+0000] {logging_mixin.py:137} INFO - [2024-07-02T17:08:12.335+0000] {dagbag.py:538} INFO - Filling up the DagBag from /home/jacksonlmakl/data_flow_tool/airflow_home/airflow_venv/lib/python3.8/site-packages/airflow/example_dags/example_sensor_decorator.py
[2024-07-02T17:08:12.361+0000] {processor.py:753} INFO - DAG(s) dict_keys(['example_sensor_decorator']) retrieved from /home/jacksonlmakl/data_flow_tool/airflow_home/airflow_venv/lib/python3.8/site-packages/airflow/example_dags/example_sensor_decorator.py
[2024-07-02T17:08:12.379+0000] {logging_mixin.py:137} INFO - [2024-07-02T17:08:12.379+0000] {dag.py:2690} INFO - Sync 1 DAGs
[2024-07-02T17:08:12.400+0000] {logging_mixin.py:137} INFO - [2024-07-02T17:08:12.400+0000] {dag.py:3437} INFO - Setting next_dagrun for example_sensor_decorator to None, run_after=None
[2024-07-02T17:08:12.422+0000] {processor.py:175} INFO - Processing /home/jacksonlmakl/data_flow_tool/airflow_home/airflow_venv/lib/python3.8/site-packages/airflow/example_dags/example_sensor_decorator.py took 0.094 seconds
[2024-07-02T17:09:19.283+0000] {processor.py:153} INFO - Started process (PID=7293) to work on /home/jacksonlmakl/data_flow_tool/airflow_home/airflow_venv/lib/python3.8/site-packages/airflow/example_dags/example_sensor_decorator.py
[2024-07-02T17:09:19.285+0000] {processor.py:743} INFO - Processing file /home/jacksonlmakl/data_flow_tool/airflow_home/airflow_venv/lib/python3.8/site-packages/airflow/example_dags/example_sensor_decorator.py for tasks to queue
[2024-07-02T17:09:19.286+0000] {logging_mixin.py:137} INFO - [2024-07-02T17:09:19.286+0000] {dagbag.py:538} INFO - Filling up the DagBag from /home/jacksonlmakl/data_flow_tool/airflow_home/airflow_venv/lib/python3.8/site-packages/airflow/example_dags/example_sensor_decorator.py
[2024-07-02T17:09:19.313+0000] {processor.py:753} INFO - DAG(s) dict_keys(['example_sensor_decorator']) retrieved from /home/jacksonlmakl/data_flow_tool/airflow_home/airflow_venv/lib/python3.8/site-packages/airflow/example_dags/example_sensor_decorator.py
[2024-07-02T17:09:19.332+0000] {logging_mixin.py:137} INFO - [2024-07-02T17:09:19.331+0000] {dag.py:2690} INFO - Sync 1 DAGs
[2024-07-02T17:09:19.353+0000] {logging_mixin.py:137} INFO - [2024-07-02T17:09:19.353+0000] {dag.py:3437} INFO - Setting next_dagrun for example_sensor_decorator to None, run_after=None
[2024-07-02T17:09:19.375+0000] {processor.py:175} INFO - Processing /home/jacksonlmakl/data_flow_tool/airflow_home/airflow_venv/lib/python3.8/site-packages/airflow/example_dags/example_sensor_decorator.py took 0.096 seconds
