[2024-07-02T17:06:05.108+0000] {processor.py:153} INFO - Started process (PID=7033) to work on /home/jacksonlmakl/data_flow_tool/airflow_home/airflow_venv/lib/python3.8/site-packages/airflow/example_dags/example_sensors.py
[2024-07-02T17:06:05.110+0000] {processor.py:743} INFO - Processing file /home/jacksonlmakl/data_flow_tool/airflow_home/airflow_venv/lib/python3.8/site-packages/airflow/example_dags/example_sensors.py for tasks to queue
[2024-07-02T17:06:05.110+0000] {logging_mixin.py:137} INFO - [2024-07-02T17:06:05.110+0000] {dagbag.py:538} INFO - Filling up the DagBag from /home/jacksonlmakl/data_flow_tool/airflow_home/airflow_venv/lib/python3.8/site-packages/airflow/example_dags/example_sensors.py
[2024-07-02T17:06:05.140+0000] {processor.py:753} INFO - DAG(s) dict_keys(['example_sensors']) retrieved from /home/jacksonlmakl/data_flow_tool/airflow_home/airflow_venv/lib/python3.8/site-packages/airflow/example_dags/example_sensors.py
[2024-07-02T17:06:05.251+0000] {logging_mixin.py:137} INFO - [2024-07-02T17:06:05.251+0000] {manager.py:504} INFO - Created Permission View: can delete on DAG:example_sensors
[2024-07-02T17:06:05.261+0000] {logging_mixin.py:137} INFO - [2024-07-02T17:06:05.261+0000] {manager.py:504} INFO - Created Permission View: can read on DAG:example_sensors
[2024-07-02T17:06:05.269+0000] {logging_mixin.py:137} INFO - [2024-07-02T17:06:05.269+0000] {manager.py:504} INFO - Created Permission View: can edit on DAG:example_sensors
[2024-07-02T17:06:05.269+0000] {logging_mixin.py:137} INFO - [2024-07-02T17:06:05.269+0000] {dag.py:2690} INFO - Sync 1 DAGs
[2024-07-02T17:06:05.280+0000] {logging_mixin.py:137} INFO - [2024-07-02T17:06:05.280+0000] {dag.py:2711} INFO - Creating ORM DAG for example_sensors
[2024-07-02T17:06:05.289+0000] {logging_mixin.py:137} INFO - [2024-07-02T17:06:05.289+0000] {dag.py:3437} INFO - Setting next_dagrun for example_sensors to None, run_after=None
[2024-07-02T17:06:05.312+0000] {processor.py:175} INFO - Processing /home/jacksonlmakl/data_flow_tool/airflow_home/airflow_venv/lib/python3.8/site-packages/airflow/example_dags/example_sensors.py took 0.208 seconds
[2024-07-02T17:06:58.892+0000] {processor.py:153} INFO - Started process (PID=7124) to work on /home/jacksonlmakl/data_flow_tool/airflow_home/airflow_venv/lib/python3.8/site-packages/airflow/example_dags/example_sensors.py
[2024-07-02T17:06:58.895+0000] {processor.py:743} INFO - Processing file /home/jacksonlmakl/data_flow_tool/airflow_home/airflow_venv/lib/python3.8/site-packages/airflow/example_dags/example_sensors.py for tasks to queue
[2024-07-02T17:06:58.896+0000] {logging_mixin.py:137} INFO - [2024-07-02T17:06:58.896+0000] {dagbag.py:538} INFO - Filling up the DagBag from /home/jacksonlmakl/data_flow_tool/airflow_home/airflow_venv/lib/python3.8/site-packages/airflow/example_dags/example_sensors.py
[2024-07-02T17:06:58.923+0000] {processor.py:753} INFO - DAG(s) dict_keys(['example_sensors']) retrieved from /home/jacksonlmakl/data_flow_tool/airflow_home/airflow_venv/lib/python3.8/site-packages/airflow/example_dags/example_sensors.py
[2024-07-02T17:06:58.943+0000] {logging_mixin.py:137} INFO - [2024-07-02T17:06:58.943+0000] {dag.py:2690} INFO - Sync 1 DAGs
[2024-07-02T17:06:58.964+0000] {logging_mixin.py:137} INFO - [2024-07-02T17:06:58.964+0000] {dag.py:3437} INFO - Setting next_dagrun for example_sensors to None, run_after=None
[2024-07-02T17:06:58.986+0000] {processor.py:175} INFO - Processing /home/jacksonlmakl/data_flow_tool/airflow_home/airflow_venv/lib/python3.8/site-packages/airflow/example_dags/example_sensors.py took 0.098 seconds
[2024-07-02T17:07:56.622+0000] {processor.py:153} INFO - Started process (PID=7206) to work on /home/jacksonlmakl/data_flow_tool/airflow_home/airflow_venv/lib/python3.8/site-packages/airflow/example_dags/example_sensors.py
[2024-07-02T17:07:56.624+0000] {processor.py:743} INFO - Processing file /home/jacksonlmakl/data_flow_tool/airflow_home/airflow_venv/lib/python3.8/site-packages/airflow/example_dags/example_sensors.py for tasks to queue
[2024-07-02T17:07:56.625+0000] {logging_mixin.py:137} INFO - [2024-07-02T17:07:56.625+0000] {dagbag.py:538} INFO - Filling up the DagBag from /home/jacksonlmakl/data_flow_tool/airflow_home/airflow_venv/lib/python3.8/site-packages/airflow/example_dags/example_sensors.py
[2024-07-02T17:07:56.656+0000] {processor.py:753} INFO - DAG(s) dict_keys(['example_sensors']) retrieved from /home/jacksonlmakl/data_flow_tool/airflow_home/airflow_venv/lib/python3.8/site-packages/airflow/example_dags/example_sensors.py
[2024-07-02T17:07:56.682+0000] {logging_mixin.py:137} INFO - [2024-07-02T17:07:56.682+0000] {dag.py:2690} INFO - Sync 1 DAGs
[2024-07-02T17:07:56.703+0000] {logging_mixin.py:137} INFO - [2024-07-02T17:07:56.703+0000] {dag.py:3437} INFO - Setting next_dagrun for example_sensors to None, run_after=None
[2024-07-02T17:07:56.726+0000] {processor.py:175} INFO - Processing /home/jacksonlmakl/data_flow_tool/airflow_home/airflow_venv/lib/python3.8/site-packages/airflow/example_dags/example_sensors.py took 0.108 seconds
[2024-07-02T17:08:53.686+0000] {processor.py:153} INFO - Started process (PID=7258) to work on /home/jacksonlmakl/data_flow_tool/airflow_home/airflow_venv/lib/python3.8/site-packages/airflow/example_dags/example_sensors.py
[2024-07-02T17:08:53.688+0000] {processor.py:743} INFO - Processing file /home/jacksonlmakl/data_flow_tool/airflow_home/airflow_venv/lib/python3.8/site-packages/airflow/example_dags/example_sensors.py for tasks to queue
[2024-07-02T17:08:53.688+0000] {logging_mixin.py:137} INFO - [2024-07-02T17:08:53.688+0000] {dagbag.py:538} INFO - Filling up the DagBag from /home/jacksonlmakl/data_flow_tool/airflow_home/airflow_venv/lib/python3.8/site-packages/airflow/example_dags/example_sensors.py
[2024-07-02T17:08:53.712+0000] {processor.py:753} INFO - DAG(s) dict_keys(['example_sensors']) retrieved from /home/jacksonlmakl/data_flow_tool/airflow_home/airflow_venv/lib/python3.8/site-packages/airflow/example_dags/example_sensors.py
[2024-07-02T17:08:53.739+0000] {logging_mixin.py:137} INFO - [2024-07-02T17:08:53.738+0000] {dag.py:2690} INFO - Sync 1 DAGs
[2024-07-02T17:08:53.765+0000] {logging_mixin.py:137} INFO - [2024-07-02T17:08:53.764+0000] {dag.py:3437} INFO - Setting next_dagrun for example_sensors to None, run_after=None
[2024-07-02T17:08:53.787+0000] {processor.py:175} INFO - Processing /home/jacksonlmakl/data_flow_tool/airflow_home/airflow_venv/lib/python3.8/site-packages/airflow/example_dags/example_sensors.py took 0.105 seconds
[2024-07-02T17:09:30.588+0000] {processor.py:153} INFO - Started process (PID=7304) to work on /home/jacksonlmakl/data_flow_tool/airflow_home/airflow_venv/lib/python3.8/site-packages/airflow/example_dags/example_sensors.py
[2024-07-02T17:09:30.589+0000] {processor.py:743} INFO - Processing file /home/jacksonlmakl/data_flow_tool/airflow_home/airflow_venv/lib/python3.8/site-packages/airflow/example_dags/example_sensors.py for tasks to queue
[2024-07-02T17:09:30.590+0000] {logging_mixin.py:137} INFO - [2024-07-02T17:09:30.590+0000] {dagbag.py:538} INFO - Filling up the DagBag from /home/jacksonlmakl/data_flow_tool/airflow_home/airflow_venv/lib/python3.8/site-packages/airflow/example_dags/example_sensors.py
[2024-07-02T17:09:30.614+0000] {processor.py:753} INFO - DAG(s) dict_keys(['example_sensors']) retrieved from /home/jacksonlmakl/data_flow_tool/airflow_home/airflow_venv/lib/python3.8/site-packages/airflow/example_dags/example_sensors.py
[2024-07-02T17:09:30.636+0000] {logging_mixin.py:137} INFO - [2024-07-02T17:09:30.636+0000] {dag.py:2690} INFO - Sync 1 DAGs
[2024-07-02T17:09:30.658+0000] {logging_mixin.py:137} INFO - [2024-07-02T17:09:30.658+0000] {dag.py:3437} INFO - Setting next_dagrun for example_sensors to None, run_after=None
[2024-07-02T17:09:30.681+0000] {processor.py:175} INFO - Processing /home/jacksonlmakl/data_flow_tool/airflow_home/airflow_venv/lib/python3.8/site-packages/airflow/example_dags/example_sensors.py took 0.097 seconds
