[2024-07-02T17:07:28.154+0000] {processor.py:153} INFO - Started process (PID=7153) to work on /home/jacksonlmakl/data_flow_tool/airflow_home/airflow_venv/lib/python3.8/site-packages/airflow/example_dags/example_external_task_marker_dag.py
[2024-07-02T17:07:28.155+0000] {processor.py:743} INFO - Processing file /home/jacksonlmakl/data_flow_tool/airflow_home/airflow_venv/lib/python3.8/site-packages/airflow/example_dags/example_external_task_marker_dag.py for tasks to queue
[2024-07-02T17:07:28.156+0000] {logging_mixin.py:137} INFO - [2024-07-02T17:07:28.156+0000] {dagbag.py:538} INFO - Filling up the DagBag from /home/jacksonlmakl/data_flow_tool/airflow_home/airflow_venv/lib/python3.8/site-packages/airflow/example_dags/example_external_task_marker_dag.py
[2024-07-02T17:07:28.173+0000] {processor.py:753} INFO - DAG(s) dict_keys(['example_external_task_marker_parent', 'example_external_task_marker_child']) retrieved from /home/jacksonlmakl/data_flow_tool/airflow_home/airflow_venv/lib/python3.8/site-packages/airflow/example_dags/example_external_task_marker_dag.py
[2024-07-02T17:07:28.279+0000] {logging_mixin.py:137} INFO - [2024-07-02T17:07:28.278+0000] {manager.py:504} INFO - Created Permission View: can read on DAG:example_external_task_marker_parent
[2024-07-02T17:07:28.289+0000] {logging_mixin.py:137} INFO - [2024-07-02T17:07:28.289+0000] {manager.py:504} INFO - Created Permission View: can delete on DAG:example_external_task_marker_parent
[2024-07-02T17:07:28.299+0000] {logging_mixin.py:137} INFO - [2024-07-02T17:07:28.298+0000] {manager.py:504} INFO - Created Permission View: can edit on DAG:example_external_task_marker_parent
[2024-07-02T17:07:28.320+0000] {logging_mixin.py:137} INFO - [2024-07-02T17:07:28.320+0000] {manager.py:504} INFO - Created Permission View: can read on DAG:example_external_task_marker_child
[2024-07-02T17:07:28.329+0000] {logging_mixin.py:137} INFO - [2024-07-02T17:07:28.329+0000] {manager.py:504} INFO - Created Permission View: can delete on DAG:example_external_task_marker_child
[2024-07-02T17:07:28.338+0000] {logging_mixin.py:137} INFO - [2024-07-02T17:07:28.337+0000] {manager.py:504} INFO - Created Permission View: can edit on DAG:example_external_task_marker_child
[2024-07-02T17:07:28.338+0000] {logging_mixin.py:137} INFO - [2024-07-02T17:07:28.338+0000] {dag.py:2690} INFO - Sync 2 DAGs
[2024-07-02T17:07:28.349+0000] {logging_mixin.py:137} INFO - [2024-07-02T17:07:28.349+0000] {dag.py:2711} INFO - Creating ORM DAG for example_external_task_marker_parent
[2024-07-02T17:07:28.350+0000] {logging_mixin.py:137} INFO - [2024-07-02T17:07:28.350+0000] {dag.py:2711} INFO - Creating ORM DAG for example_external_task_marker_child
[2024-07-02T17:07:28.359+0000] {logging_mixin.py:137} INFO - [2024-07-02T17:07:28.359+0000] {dag.py:3437} INFO - Setting next_dagrun for example_external_task_marker_child to None, run_after=None
[2024-07-02T17:07:28.360+0000] {logging_mixin.py:137} INFO - [2024-07-02T17:07:28.360+0000] {dag.py:3437} INFO - Setting next_dagrun for example_external_task_marker_parent to None, run_after=None
[2024-07-02T17:07:28.383+0000] {processor.py:175} INFO - Processing /home/jacksonlmakl/data_flow_tool/airflow_home/airflow_venv/lib/python3.8/site-packages/airflow/example_dags/example_external_task_marker_dag.py took 0.233 seconds
[2024-07-02T17:08:33.229+0000] {processor.py:153} INFO - Started process (PID=7232) to work on /home/jacksonlmakl/data_flow_tool/airflow_home/airflow_venv/lib/python3.8/site-packages/airflow/example_dags/example_external_task_marker_dag.py
[2024-07-02T17:08:33.232+0000] {processor.py:743} INFO - Processing file /home/jacksonlmakl/data_flow_tool/airflow_home/airflow_venv/lib/python3.8/site-packages/airflow/example_dags/example_external_task_marker_dag.py for tasks to queue
[2024-07-02T17:08:33.232+0000] {logging_mixin.py:137} INFO - [2024-07-02T17:08:33.232+0000] {dagbag.py:538} INFO - Filling up the DagBag from /home/jacksonlmakl/data_flow_tool/airflow_home/airflow_venv/lib/python3.8/site-packages/airflow/example_dags/example_external_task_marker_dag.py
[2024-07-02T17:08:33.249+0000] {processor.py:753} INFO - DAG(s) dict_keys(['example_external_task_marker_child', 'example_external_task_marker_parent']) retrieved from /home/jacksonlmakl/data_flow_tool/airflow_home/airflow_venv/lib/python3.8/site-packages/airflow/example_dags/example_external_task_marker_dag.py
[2024-07-02T17:08:33.299+0000] {logging_mixin.py:137} INFO - [2024-07-02T17:08:33.299+0000] {dag.py:2690} INFO - Sync 2 DAGs
[2024-07-02T17:08:33.319+0000] {logging_mixin.py:137} INFO - [2024-07-02T17:08:33.319+0000] {dag.py:3437} INFO - Setting next_dagrun for example_external_task_marker_child to None, run_after=None
[2024-07-02T17:08:33.322+0000] {logging_mixin.py:137} INFO - [2024-07-02T17:08:33.321+0000] {dag.py:3437} INFO - Setting next_dagrun for example_external_task_marker_parent to None, run_after=None
[2024-07-02T17:08:33.342+0000] {processor.py:175} INFO - Processing /home/jacksonlmakl/data_flow_tool/airflow_home/airflow_venv/lib/python3.8/site-packages/airflow/example_dags/example_external_task_marker_dag.py took 0.117 seconds
[2024-07-02T17:09:33.655+0000] {processor.py:153} INFO - Started process (PID=7308) to work on /home/jacksonlmakl/data_flow_tool/airflow_home/airflow_venv/lib/python3.8/site-packages/airflow/example_dags/example_external_task_marker_dag.py
[2024-07-02T17:09:33.657+0000] {processor.py:743} INFO - Processing file /home/jacksonlmakl/data_flow_tool/airflow_home/airflow_venv/lib/python3.8/site-packages/airflow/example_dags/example_external_task_marker_dag.py for tasks to queue
[2024-07-02T17:09:33.658+0000] {logging_mixin.py:137} INFO - [2024-07-02T17:09:33.657+0000] {dagbag.py:538} INFO - Filling up the DagBag from /home/jacksonlmakl/data_flow_tool/airflow_home/airflow_venv/lib/python3.8/site-packages/airflow/example_dags/example_external_task_marker_dag.py
[2024-07-02T17:09:33.675+0000] {processor.py:753} INFO - DAG(s) dict_keys(['example_external_task_marker_parent', 'example_external_task_marker_child']) retrieved from /home/jacksonlmakl/data_flow_tool/airflow_home/airflow_venv/lib/python3.8/site-packages/airflow/example_dags/example_external_task_marker_dag.py
[2024-07-02T17:09:33.697+0000] {logging_mixin.py:137} INFO - [2024-07-02T17:09:33.697+0000] {dag.py:2690} INFO - Sync 2 DAGs
[2024-07-02T17:09:33.719+0000] {logging_mixin.py:137} INFO - [2024-07-02T17:09:33.719+0000] {dag.py:3437} INFO - Setting next_dagrun for example_external_task_marker_child to None, run_after=None
[2024-07-02T17:09:33.722+0000] {logging_mixin.py:137} INFO - [2024-07-02T17:09:33.722+0000] {dag.py:3437} INFO - Setting next_dagrun for example_external_task_marker_parent to None, run_after=None
[2024-07-02T17:09:33.741+0000] {processor.py:175} INFO - Processing /home/jacksonlmakl/data_flow_tool/airflow_home/airflow_venv/lib/python3.8/site-packages/airflow/example_dags/example_external_task_marker_dag.py took 0.090 seconds
