[2024-07-02T17:07:26.813+0000] {processor.py:153} INFO - Started process (PID=7152) to work on /home/jacksonlmakl/data_flow_tool/airflow_home/airflow_venv/lib/python3.8/site-packages/airflow/example_dags/example_dag_decorator.py
[2024-07-02T17:07:26.814+0000] {processor.py:743} INFO - Processing file /home/jacksonlmakl/data_flow_tool/airflow_home/airflow_venv/lib/python3.8/site-packages/airflow/example_dags/example_dag_decorator.py for tasks to queue
[2024-07-02T17:07:26.815+0000] {logging_mixin.py:137} INFO - [2024-07-02T17:07:26.815+0000] {dagbag.py:538} INFO - Filling up the DagBag from /home/jacksonlmakl/data_flow_tool/airflow_home/airflow_venv/lib/python3.8/site-packages/airflow/example_dags/example_dag_decorator.py
[2024-07-02T17:07:26.836+0000] {logging_mixin.py:137} INFO - [2024-07-02T17:07:26.836+0000] {taskmixin.py:205} WARNING - Dependency <Task(_PythonDecoratedOperator): prepare_email>, send_email already registered for DAG: example_dag_decorator
[2024-07-02T17:07:26.836+0000] {logging_mixin.py:137} INFO - [2024-07-02T17:07:26.836+0000] {taskmixin.py:205} WARNING - Dependency <Task(EmailOperator): send_email>, prepare_email already registered for DAG: example_dag_decorator
[2024-07-02T17:07:26.847+0000] {processor.py:753} INFO - DAG(s) dict_keys(['example_dag_decorator']) retrieved from /home/jacksonlmakl/data_flow_tool/airflow_home/airflow_venv/lib/python3.8/site-packages/airflow/example_dags/example_dag_decorator.py
[2024-07-02T17:07:26.953+0000] {logging_mixin.py:137} INFO - [2024-07-02T17:07:26.953+0000] {manager.py:504} INFO - Created Permission View: can read on DAG:example_dag_decorator
[2024-07-02T17:07:26.963+0000] {logging_mixin.py:137} INFO - [2024-07-02T17:07:26.963+0000] {manager.py:504} INFO - Created Permission View: can delete on DAG:example_dag_decorator
[2024-07-02T17:07:26.971+0000] {logging_mixin.py:137} INFO - [2024-07-02T17:07:26.971+0000] {manager.py:504} INFO - Created Permission View: can edit on DAG:example_dag_decorator
[2024-07-02T17:07:26.972+0000] {logging_mixin.py:137} INFO - [2024-07-02T17:07:26.972+0000] {dag.py:2690} INFO - Sync 1 DAGs
[2024-07-02T17:07:26.984+0000] {logging_mixin.py:137} INFO - [2024-07-02T17:07:26.983+0000] {dag.py:2711} INFO - Creating ORM DAG for example_dag_decorator
[2024-07-02T17:07:26.992+0000] {logging_mixin.py:137} INFO - [2024-07-02T17:07:26.992+0000] {dag.py:3437} INFO - Setting next_dagrun for example_dag_decorator to None, run_after=None
[2024-07-02T17:07:27.013+0000] {processor.py:175} INFO - Processing /home/jacksonlmakl/data_flow_tool/airflow_home/airflow_venv/lib/python3.8/site-packages/airflow/example_dags/example_dag_decorator.py took 0.204 seconds
[2024-07-02T17:08:19.984+0000] {processor.py:153} INFO - Started process (PID=7228) to work on /home/jacksonlmakl/data_flow_tool/airflow_home/airflow_venv/lib/python3.8/site-packages/airflow/example_dags/example_dag_decorator.py
[2024-07-02T17:08:19.986+0000] {processor.py:743} INFO - Processing file /home/jacksonlmakl/data_flow_tool/airflow_home/airflow_venv/lib/python3.8/site-packages/airflow/example_dags/example_dag_decorator.py for tasks to queue
[2024-07-02T17:08:19.987+0000] {logging_mixin.py:137} INFO - [2024-07-02T17:08:19.987+0000] {dagbag.py:538} INFO - Filling up the DagBag from /home/jacksonlmakl/data_flow_tool/airflow_home/airflow_venv/lib/python3.8/site-packages/airflow/example_dags/example_dag_decorator.py
[2024-07-02T17:08:20.013+0000] {logging_mixin.py:137} INFO - [2024-07-02T17:08:20.013+0000] {taskmixin.py:205} WARNING - Dependency <Task(_PythonDecoratedOperator): prepare_email>, send_email already registered for DAG: example_dag_decorator
[2024-07-02T17:08:20.013+0000] {logging_mixin.py:137} INFO - [2024-07-02T17:08:20.013+0000] {taskmixin.py:205} WARNING - Dependency <Task(EmailOperator): send_email>, prepare_email already registered for DAG: example_dag_decorator
[2024-07-02T17:08:20.027+0000] {processor.py:753} INFO - DAG(s) dict_keys(['example_dag_decorator']) retrieved from /home/jacksonlmakl/data_flow_tool/airflow_home/airflow_venv/lib/python3.8/site-packages/airflow/example_dags/example_dag_decorator.py
[2024-07-02T17:08:20.081+0000] {logging_mixin.py:137} INFO - [2024-07-02T17:08:20.080+0000] {dag.py:2690} INFO - Sync 1 DAGs
[2024-07-02T17:08:20.099+0000] {logging_mixin.py:137} INFO - [2024-07-02T17:08:20.099+0000] {dag.py:3437} INFO - Setting next_dagrun for example_dag_decorator to None, run_after=None
[2024-07-02T17:08:20.151+0000] {processor.py:175} INFO - Processing /home/jacksonlmakl/data_flow_tool/airflow_home/airflow_venv/lib/python3.8/site-packages/airflow/example_dags/example_dag_decorator.py took 0.171 seconds
[2024-07-02T17:09:32.414+0000] {processor.py:153} INFO - Started process (PID=7307) to work on /home/jacksonlmakl/data_flow_tool/airflow_home/airflow_venv/lib/python3.8/site-packages/airflow/example_dags/example_dag_decorator.py
[2024-07-02T17:09:32.417+0000] {processor.py:743} INFO - Processing file /home/jacksonlmakl/data_flow_tool/airflow_home/airflow_venv/lib/python3.8/site-packages/airflow/example_dags/example_dag_decorator.py for tasks to queue
[2024-07-02T17:09:32.418+0000] {logging_mixin.py:137} INFO - [2024-07-02T17:09:32.418+0000] {dagbag.py:538} INFO - Filling up the DagBag from /home/jacksonlmakl/data_flow_tool/airflow_home/airflow_venv/lib/python3.8/site-packages/airflow/example_dags/example_dag_decorator.py
[2024-07-02T17:09:32.440+0000] {logging_mixin.py:137} INFO - [2024-07-02T17:09:32.439+0000] {taskmixin.py:205} WARNING - Dependency <Task(_PythonDecoratedOperator): prepare_email>, send_email already registered for DAG: example_dag_decorator
[2024-07-02T17:09:32.440+0000] {logging_mixin.py:137} INFO - [2024-07-02T17:09:32.440+0000] {taskmixin.py:205} WARNING - Dependency <Task(EmailOperator): send_email>, prepare_email already registered for DAG: example_dag_decorator
[2024-07-02T17:09:32.451+0000] {processor.py:753} INFO - DAG(s) dict_keys(['example_dag_decorator']) retrieved from /home/jacksonlmakl/data_flow_tool/airflow_home/airflow_venv/lib/python3.8/site-packages/airflow/example_dags/example_dag_decorator.py
[2024-07-02T17:09:32.502+0000] {logging_mixin.py:137} INFO - [2024-07-02T17:09:32.502+0000] {dag.py:2690} INFO - Sync 1 DAGs
[2024-07-02T17:09:32.520+0000] {logging_mixin.py:137} INFO - [2024-07-02T17:09:32.519+0000] {dag.py:3437} INFO - Setting next_dagrun for example_dag_decorator to None, run_after=None
[2024-07-02T17:09:32.541+0000] {processor.py:175} INFO - Processing /home/jacksonlmakl/data_flow_tool/airflow_home/airflow_venv/lib/python3.8/site-packages/airflow/example_dags/example_dag_decorator.py took 0.131 seconds
