[2024-07-02T17:06:15.720+0000] {processor.py:153} INFO - Started process (PID=7043) to work on /home/jacksonlmakl/data_flow_tool/airflow_home/airflow_venv/lib/python3.8/site-packages/airflow/example_dags/example_short_circuit_decorator.py
[2024-07-02T17:06:15.721+0000] {processor.py:743} INFO - Processing file /home/jacksonlmakl/data_flow_tool/airflow_home/airflow_venv/lib/python3.8/site-packages/airflow/example_dags/example_short_circuit_decorator.py for tasks to queue
[2024-07-02T17:06:15.722+0000] {logging_mixin.py:137} INFO - [2024-07-02T17:06:15.722+0000] {dagbag.py:538} INFO - Filling up the DagBag from /home/jacksonlmakl/data_flow_tool/airflow_home/airflow_venv/lib/python3.8/site-packages/airflow/example_dags/example_short_circuit_decorator.py
[2024-07-02T17:06:15.752+0000] {processor.py:753} INFO - DAG(s) dict_keys(['example_short_circuit_decorator']) retrieved from /home/jacksonlmakl/data_flow_tool/airflow_home/airflow_venv/lib/python3.8/site-packages/airflow/example_dags/example_short_circuit_decorator.py
[2024-07-02T17:06:15.876+0000] {logging_mixin.py:137} INFO - [2024-07-02T17:06:15.876+0000] {manager.py:504} INFO - Created Permission View: can delete on DAG:example_short_circuit_decorator
[2024-07-02T17:06:15.890+0000] {logging_mixin.py:137} INFO - [2024-07-02T17:06:15.889+0000] {manager.py:504} INFO - Created Permission View: can read on DAG:example_short_circuit_decorator
[2024-07-02T17:06:15.898+0000] {logging_mixin.py:137} INFO - [2024-07-02T17:06:15.898+0000] {manager.py:504} INFO - Created Permission View: can edit on DAG:example_short_circuit_decorator
[2024-07-02T17:06:15.899+0000] {logging_mixin.py:137} INFO - [2024-07-02T17:06:15.899+0000] {dag.py:2690} INFO - Sync 1 DAGs
[2024-07-02T17:06:15.909+0000] {logging_mixin.py:137} INFO - [2024-07-02T17:06:15.909+0000] {dag.py:2711} INFO - Creating ORM DAG for example_short_circuit_decorator
[2024-07-02T17:06:15.921+0000] {logging_mixin.py:137} INFO - [2024-07-02T17:06:15.921+0000] {dag.py:3437} INFO - Setting next_dagrun for example_short_circuit_decorator to 2024-07-01T17:06:15.920985+00:00, run_after=2024-07-02T17:06:15.920985+00:00
[2024-07-02T17:06:15.944+0000] {processor.py:175} INFO - Processing /home/jacksonlmakl/data_flow_tool/airflow_home/airflow_venv/lib/python3.8/site-packages/airflow/example_dags/example_short_circuit_decorator.py took 0.228 seconds
[2024-07-02T17:07:09.042+0000] {processor.py:153} INFO - Started process (PID=7134) to work on /home/jacksonlmakl/data_flow_tool/airflow_home/airflow_venv/lib/python3.8/site-packages/airflow/example_dags/example_short_circuit_decorator.py
[2024-07-02T17:07:09.045+0000] {processor.py:743} INFO - Processing file /home/jacksonlmakl/data_flow_tool/airflow_home/airflow_venv/lib/python3.8/site-packages/airflow/example_dags/example_short_circuit_decorator.py for tasks to queue
[2024-07-02T17:07:09.046+0000] {logging_mixin.py:137} INFO - [2024-07-02T17:07:09.046+0000] {dagbag.py:538} INFO - Filling up the DagBag from /home/jacksonlmakl/data_flow_tool/airflow_home/airflow_venv/lib/python3.8/site-packages/airflow/example_dags/example_short_circuit_decorator.py
[2024-07-02T17:07:09.075+0000] {processor.py:753} INFO - DAG(s) dict_keys(['example_short_circuit_decorator']) retrieved from /home/jacksonlmakl/data_flow_tool/airflow_home/airflow_venv/lib/python3.8/site-packages/airflow/example_dags/example_short_circuit_decorator.py
[2024-07-02T17:07:09.094+0000] {logging_mixin.py:137} INFO - [2024-07-02T17:07:09.094+0000] {dag.py:2690} INFO - Sync 1 DAGs
[2024-07-02T17:07:09.116+0000] {logging_mixin.py:137} INFO - [2024-07-02T17:07:09.116+0000] {dag.py:3437} INFO - Setting next_dagrun for example_short_circuit_decorator to 2024-07-01T17:07:09.116444+00:00, run_after=2024-07-02T17:07:09.116444+00:00
[2024-07-02T17:07:09.140+0000] {processor.py:175} INFO - Processing /home/jacksonlmakl/data_flow_tool/airflow_home/airflow_venv/lib/python3.8/site-packages/airflow/example_dags/example_short_circuit_decorator.py took 0.101 seconds
[2024-07-02T17:08:07.082+0000] {processor.py:153} INFO - Started process (PID=7216) to work on /home/jacksonlmakl/data_flow_tool/airflow_home/airflow_venv/lib/python3.8/site-packages/airflow/example_dags/example_short_circuit_decorator.py
[2024-07-02T17:08:07.084+0000] {processor.py:743} INFO - Processing file /home/jacksonlmakl/data_flow_tool/airflow_home/airflow_venv/lib/python3.8/site-packages/airflow/example_dags/example_short_circuit_decorator.py for tasks to queue
[2024-07-02T17:08:07.085+0000] {logging_mixin.py:137} INFO - [2024-07-02T17:08:07.084+0000] {dagbag.py:538} INFO - Filling up the DagBag from /home/jacksonlmakl/data_flow_tool/airflow_home/airflow_venv/lib/python3.8/site-packages/airflow/example_dags/example_short_circuit_decorator.py
[2024-07-02T17:08:07.114+0000] {processor.py:753} INFO - DAG(s) dict_keys(['example_short_circuit_decorator']) retrieved from /home/jacksonlmakl/data_flow_tool/airflow_home/airflow_venv/lib/python3.8/site-packages/airflow/example_dags/example_short_circuit_decorator.py
[2024-07-02T17:08:07.133+0000] {logging_mixin.py:137} INFO - [2024-07-02T17:08:07.132+0000] {dag.py:2690} INFO - Sync 1 DAGs
[2024-07-02T17:08:07.154+0000] {logging_mixin.py:137} INFO - [2024-07-02T17:08:07.153+0000] {dag.py:3437} INFO - Setting next_dagrun for example_short_circuit_decorator to 2024-07-01T17:08:07.153586+00:00, run_after=2024-07-02T17:08:07.153586+00:00
[2024-07-02T17:08:07.176+0000] {processor.py:175} INFO - Processing /home/jacksonlmakl/data_flow_tool/airflow_home/airflow_venv/lib/python3.8/site-packages/airflow/example_dags/example_short_circuit_decorator.py took 0.098 seconds
[2024-07-02T17:09:13.165+0000] {processor.py:153} INFO - Started process (PID=7288) to work on /home/jacksonlmakl/data_flow_tool/airflow_home/airflow_venv/lib/python3.8/site-packages/airflow/example_dags/example_short_circuit_decorator.py
[2024-07-02T17:09:13.167+0000] {processor.py:743} INFO - Processing file /home/jacksonlmakl/data_flow_tool/airflow_home/airflow_venv/lib/python3.8/site-packages/airflow/example_dags/example_short_circuit_decorator.py for tasks to queue
[2024-07-02T17:09:13.167+0000] {logging_mixin.py:137} INFO - [2024-07-02T17:09:13.167+0000] {dagbag.py:538} INFO - Filling up the DagBag from /home/jacksonlmakl/data_flow_tool/airflow_home/airflow_venv/lib/python3.8/site-packages/airflow/example_dags/example_short_circuit_decorator.py
[2024-07-02T17:09:13.196+0000] {processor.py:753} INFO - DAG(s) dict_keys(['example_short_circuit_decorator']) retrieved from /home/jacksonlmakl/data_flow_tool/airflow_home/airflow_venv/lib/python3.8/site-packages/airflow/example_dags/example_short_circuit_decorator.py
[2024-07-02T17:09:13.215+0000] {logging_mixin.py:137} INFO - [2024-07-02T17:09:13.215+0000] {dag.py:2690} INFO - Sync 1 DAGs
[2024-07-02T17:09:13.237+0000] {logging_mixin.py:137} INFO - [2024-07-02T17:09:13.237+0000] {dag.py:3437} INFO - Setting next_dagrun for example_short_circuit_decorator to 2024-07-01T17:09:13.236916+00:00, run_after=2024-07-02T17:09:13.236916+00:00
[2024-07-02T17:09:13.257+0000] {processor.py:175} INFO - Processing /home/jacksonlmakl/data_flow_tool/airflow_home/airflow_venv/lib/python3.8/site-packages/airflow/example_dags/example_short_circuit_decorator.py took 0.097 seconds
