[2024-07-02T17:06:13.064+0000] {processor.py:153} INFO - Started process (PID=7040) to work on /home/jacksonlmakl/data_flow_tool/airflow_home/airflow_venv/lib/python3.8/site-packages/airflow/example_dags/example_task_group.py
[2024-07-02T17:06:13.066+0000] {processor.py:743} INFO - Processing file /home/jacksonlmakl/data_flow_tool/airflow_home/airflow_venv/lib/python3.8/site-packages/airflow/example_dags/example_task_group.py for tasks to queue
[2024-07-02T17:06:13.066+0000] {logging_mixin.py:137} INFO - [2024-07-02T17:06:13.066+0000] {dagbag.py:538} INFO - Filling up the DagBag from /home/jacksonlmakl/data_flow_tool/airflow_home/airflow_venv/lib/python3.8/site-packages/airflow/example_dags/example_task_group.py
[2024-07-02T17:06:13.085+0000] {processor.py:753} INFO - DAG(s) dict_keys(['example_task_group']) retrieved from /home/jacksonlmakl/data_flow_tool/airflow_home/airflow_venv/lib/python3.8/site-packages/airflow/example_dags/example_task_group.py
[2024-07-02T17:06:13.200+0000] {logging_mixin.py:137} INFO - [2024-07-02T17:06:13.200+0000] {manager.py:504} INFO - Created Permission View: can delete on DAG:example_task_group
[2024-07-02T17:06:13.214+0000] {logging_mixin.py:137} INFO - [2024-07-02T17:06:13.214+0000] {manager.py:504} INFO - Created Permission View: can read on DAG:example_task_group
[2024-07-02T17:06:13.225+0000] {logging_mixin.py:137} INFO - [2024-07-02T17:06:13.225+0000] {manager.py:504} INFO - Created Permission View: can edit on DAG:example_task_group
[2024-07-02T17:06:13.225+0000] {logging_mixin.py:137} INFO - [2024-07-02T17:06:13.225+0000] {dag.py:2690} INFO - Sync 1 DAGs
[2024-07-02T17:06:13.236+0000] {logging_mixin.py:137} INFO - [2024-07-02T17:06:13.236+0000] {dag.py:2711} INFO - Creating ORM DAG for example_task_group
[2024-07-02T17:06:13.247+0000] {logging_mixin.py:137} INFO - [2024-07-02T17:06:13.247+0000] {dag.py:3437} INFO - Setting next_dagrun for example_task_group to 2024-07-01T17:06:13.247080+00:00, run_after=2024-07-02T17:06:13.247080+00:00
[2024-07-02T17:06:13.285+0000] {processor.py:175} INFO - Processing /home/jacksonlmakl/data_flow_tool/airflow_home/airflow_venv/lib/python3.8/site-packages/airflow/example_dags/example_task_group.py took 0.225 seconds
[2024-07-02T17:07:06.350+0000] {processor.py:153} INFO - Started process (PID=7131) to work on /home/jacksonlmakl/data_flow_tool/airflow_home/airflow_venv/lib/python3.8/site-packages/airflow/example_dags/example_task_group.py
[2024-07-02T17:07:06.352+0000] {processor.py:743} INFO - Processing file /home/jacksonlmakl/data_flow_tool/airflow_home/airflow_venv/lib/python3.8/site-packages/airflow/example_dags/example_task_group.py for tasks to queue
[2024-07-02T17:07:06.352+0000] {logging_mixin.py:137} INFO - [2024-07-02T17:07:06.352+0000] {dagbag.py:538} INFO - Filling up the DagBag from /home/jacksonlmakl/data_flow_tool/airflow_home/airflow_venv/lib/python3.8/site-packages/airflow/example_dags/example_task_group.py
[2024-07-02T17:07:06.377+0000] {processor.py:753} INFO - DAG(s) dict_keys(['example_task_group']) retrieved from /home/jacksonlmakl/data_flow_tool/airflow_home/airflow_venv/lib/python3.8/site-packages/airflow/example_dags/example_task_group.py
[2024-07-02T17:07:06.397+0000] {logging_mixin.py:137} INFO - [2024-07-02T17:07:06.397+0000] {dag.py:2690} INFO - Sync 1 DAGs
[2024-07-02T17:07:06.422+0000] {logging_mixin.py:137} INFO - [2024-07-02T17:07:06.422+0000] {dag.py:3437} INFO - Setting next_dagrun for example_task_group to 2024-07-01T17:07:06.422248+00:00, run_after=2024-07-02T17:07:06.422248+00:00
[2024-07-02T17:07:06.450+0000] {processor.py:175} INFO - Processing /home/jacksonlmakl/data_flow_tool/airflow_home/airflow_venv/lib/python3.8/site-packages/airflow/example_dags/example_task_group.py took 0.104 seconds
[2024-07-02T17:08:04.228+0000] {processor.py:153} INFO - Started process (PID=7213) to work on /home/jacksonlmakl/data_flow_tool/airflow_home/airflow_venv/lib/python3.8/site-packages/airflow/example_dags/example_task_group.py
[2024-07-02T17:08:04.232+0000] {processor.py:743} INFO - Processing file /home/jacksonlmakl/data_flow_tool/airflow_home/airflow_venv/lib/python3.8/site-packages/airflow/example_dags/example_task_group.py for tasks to queue
[2024-07-02T17:08:04.233+0000] {logging_mixin.py:137} INFO - [2024-07-02T17:08:04.233+0000] {dagbag.py:538} INFO - Filling up the DagBag from /home/jacksonlmakl/data_flow_tool/airflow_home/airflow_venv/lib/python3.8/site-packages/airflow/example_dags/example_task_group.py
[2024-07-02T17:08:04.252+0000] {processor.py:753} INFO - DAG(s) dict_keys(['example_task_group']) retrieved from /home/jacksonlmakl/data_flow_tool/airflow_home/airflow_venv/lib/python3.8/site-packages/airflow/example_dags/example_task_group.py
[2024-07-02T17:08:04.271+0000] {logging_mixin.py:137} INFO - [2024-07-02T17:08:04.271+0000] {dag.py:2690} INFO - Sync 1 DAGs
[2024-07-02T17:08:04.293+0000] {logging_mixin.py:137} INFO - [2024-07-02T17:08:04.293+0000] {dag.py:3437} INFO - Setting next_dagrun for example_task_group to 2024-07-01T17:08:04.292903+00:00, run_after=2024-07-02T17:08:04.292903+00:00
[2024-07-02T17:08:04.317+0000] {processor.py:175} INFO - Processing /home/jacksonlmakl/data_flow_tool/airflow_home/airflow_venv/lib/python3.8/site-packages/airflow/example_dags/example_task_group.py took 0.093 seconds
[2024-07-02T17:09:00.281+0000] {processor.py:153} INFO - Started process (PID=7265) to work on /home/jacksonlmakl/data_flow_tool/airflow_home/airflow_venv/lib/python3.8/site-packages/airflow/example_dags/example_task_group.py
[2024-07-02T17:09:00.283+0000] {processor.py:743} INFO - Processing file /home/jacksonlmakl/data_flow_tool/airflow_home/airflow_venv/lib/python3.8/site-packages/airflow/example_dags/example_task_group.py for tasks to queue
[2024-07-02T17:09:00.284+0000] {logging_mixin.py:137} INFO - [2024-07-02T17:09:00.283+0000] {dagbag.py:538} INFO - Filling up the DagBag from /home/jacksonlmakl/data_flow_tool/airflow_home/airflow_venv/lib/python3.8/site-packages/airflow/example_dags/example_task_group.py
[2024-07-02T17:09:00.302+0000] {processor.py:753} INFO - DAG(s) dict_keys(['example_task_group']) retrieved from /home/jacksonlmakl/data_flow_tool/airflow_home/airflow_venv/lib/python3.8/site-packages/airflow/example_dags/example_task_group.py
[2024-07-02T17:09:00.321+0000] {logging_mixin.py:137} INFO - [2024-07-02T17:09:00.321+0000] {dag.py:2690} INFO - Sync 1 DAGs
[2024-07-02T17:09:00.344+0000] {logging_mixin.py:137} INFO - [2024-07-02T17:09:00.343+0000] {dag.py:3437} INFO - Setting next_dagrun for example_task_group to 2024-07-01T17:09:00.343570+00:00, run_after=2024-07-02T17:09:00.343570+00:00
[2024-07-02T17:09:00.365+0000] {processor.py:175} INFO - Processing /home/jacksonlmakl/data_flow_tool/airflow_home/airflow_venv/lib/python3.8/site-packages/airflow/example_dags/example_task_group.py took 0.088 seconds
