[2024-07-02T17:08:38.231+0000] {processor.py:153} INFO - Started process (PID=7238) to work on /home/jacksonlmakl/data_flow_tool/airflow_home/airflow_venv/lib/python3.8/site-packages/airflow/example_dags/example_branch_datetime_operator.py
[2024-07-02T17:08:38.232+0000] {processor.py:743} INFO - Processing file /home/jacksonlmakl/data_flow_tool/airflow_home/airflow_venv/lib/python3.8/site-packages/airflow/example_dags/example_branch_datetime_operator.py for tasks to queue
[2024-07-02T17:08:38.233+0000] {logging_mixin.py:137} INFO - [2024-07-02T17:08:38.233+0000] {dagbag.py:538} INFO - Filling up the DagBag from /home/jacksonlmakl/data_flow_tool/airflow_home/airflow_venv/lib/python3.8/site-packages/airflow/example_dags/example_branch_datetime_operator.py
[2024-07-02T17:08:38.254+0000] {processor.py:753} INFO - DAG(s) dict_keys(['example_branch_datetime_operator_3', 'example_branch_datetime_operator_2', 'example_branch_datetime_operator']) retrieved from /home/jacksonlmakl/data_flow_tool/airflow_home/airflow_venv/lib/python3.8/site-packages/airflow/example_dags/example_branch_datetime_operator.py
[2024-07-02T17:08:38.361+0000] {logging_mixin.py:137} INFO - [2024-07-02T17:08:38.361+0000] {manager.py:504} INFO - Created Permission View: can read on DAG:example_branch_datetime_operator_3
[2024-07-02T17:08:38.373+0000] {logging_mixin.py:137} INFO - [2024-07-02T17:08:38.372+0000] {manager.py:504} INFO - Created Permission View: can delete on DAG:example_branch_datetime_operator_3
[2024-07-02T17:08:38.382+0000] {logging_mixin.py:137} INFO - [2024-07-02T17:08:38.382+0000] {manager.py:504} INFO - Created Permission View: can edit on DAG:example_branch_datetime_operator_3
[2024-07-02T17:08:38.403+0000] {logging_mixin.py:137} INFO - [2024-07-02T17:08:38.403+0000] {manager.py:504} INFO - Created Permission View: can read on DAG:example_branch_datetime_operator_2
[2024-07-02T17:08:38.412+0000] {logging_mixin.py:137} INFO - [2024-07-02T17:08:38.412+0000] {manager.py:504} INFO - Created Permission View: can delete on DAG:example_branch_datetime_operator_2
[2024-07-02T17:08:38.421+0000] {logging_mixin.py:137} INFO - [2024-07-02T17:08:38.420+0000] {manager.py:504} INFO - Created Permission View: can edit on DAG:example_branch_datetime_operator_2
[2024-07-02T17:08:38.439+0000] {logging_mixin.py:137} INFO - [2024-07-02T17:08:38.439+0000] {manager.py:504} INFO - Created Permission View: can read on DAG:example_branch_datetime_operator
[2024-07-02T17:08:38.448+0000] {logging_mixin.py:137} INFO - [2024-07-02T17:08:38.447+0000] {manager.py:504} INFO - Created Permission View: can delete on DAG:example_branch_datetime_operator
[2024-07-02T17:08:38.456+0000] {logging_mixin.py:137} INFO - [2024-07-02T17:08:38.456+0000] {manager.py:504} INFO - Created Permission View: can edit on DAG:example_branch_datetime_operator
[2024-07-02T17:08:38.456+0000] {logging_mixin.py:137} INFO - [2024-07-02T17:08:38.456+0000] {dag.py:2690} INFO - Sync 3 DAGs
[2024-07-02T17:08:38.466+0000] {logging_mixin.py:137} INFO - [2024-07-02T17:08:38.466+0000] {dag.py:2711} INFO - Creating ORM DAG for example_branch_datetime_operator_2
[2024-07-02T17:08:38.467+0000] {logging_mixin.py:137} INFO - [2024-07-02T17:08:38.467+0000] {dag.py:2711} INFO - Creating ORM DAG for example_branch_datetime_operator
[2024-07-02T17:08:38.467+0000] {logging_mixin.py:137} INFO - [2024-07-02T17:08:38.467+0000] {dag.py:2711} INFO - Creating ORM DAG for example_branch_datetime_operator_3
[2024-07-02T17:08:38.477+0000] {logging_mixin.py:137} INFO - [2024-07-02T17:08:38.477+0000] {dag.py:3437} INFO - Setting next_dagrun for example_branch_datetime_operator to 2024-07-01T00:00:00+00:00, run_after=2024-07-02T00:00:00+00:00
[2024-07-02T17:08:38.479+0000] {logging_mixin.py:137} INFO - [2024-07-02T17:08:38.479+0000] {dag.py:3437} INFO - Setting next_dagrun for example_branch_datetime_operator_2 to 2024-07-01T00:00:00+00:00, run_after=2024-07-02T00:00:00+00:00
[2024-07-02T17:08:38.481+0000] {logging_mixin.py:137} INFO - [2024-07-02T17:08:38.481+0000] {dag.py:3437} INFO - Setting next_dagrun for example_branch_datetime_operator_3 to 2024-07-01T00:00:00+00:00, run_after=2024-07-02T00:00:00+00:00
[2024-07-02T17:08:38.503+0000] {processor.py:175} INFO - Processing /home/jacksonlmakl/data_flow_tool/airflow_home/airflow_venv/lib/python3.8/site-packages/airflow/example_dags/example_branch_datetime_operator.py took 0.276 seconds
