[2024-07-02T17:08:43.229+0000] {processor.py:153} INFO - Started process (PID=7246) to work on /home/jacksonlmakl/data_flow_tool/airflow_home/airflow_venv/lib/python3.8/site-packages/airflow/example_dags/example_datasets.py
[2024-07-02T17:08:43.230+0000] {processor.py:743} INFO - Processing file /home/jacksonlmakl/data_flow_tool/airflow_home/airflow_venv/lib/python3.8/site-packages/airflow/example_dags/example_datasets.py for tasks to queue
[2024-07-02T17:08:43.231+0000] {logging_mixin.py:137} INFO - [2024-07-02T17:08:43.231+0000] {dagbag.py:538} INFO - Filling up the DagBag from /home/jacksonlmakl/data_flow_tool/airflow_home/airflow_venv/lib/python3.8/site-packages/airflow/example_dags/example_datasets.py
[2024-07-02T17:08:43.251+0000] {processor.py:753} INFO - DAG(s) dict_keys(['dataset_consumes_1', 'dataset_produces_2', 'dataset_consumes_1_never_scheduled', 'dataset_consumes_unknown_never_scheduled', 'dataset_produces_1', 'dataset_consumes_1_and_2']) retrieved from /home/jacksonlmakl/data_flow_tool/airflow_home/airflow_venv/lib/python3.8/site-packages/airflow/example_dags/example_datasets.py
[2024-07-02T17:08:43.360+0000] {logging_mixin.py:137} INFO - [2024-07-02T17:08:43.360+0000] {manager.py:504} INFO - Created Permission View: can read on DAG:dataset_consumes_1
[2024-07-02T17:08:43.372+0000] {logging_mixin.py:137} INFO - [2024-07-02T17:08:43.371+0000] {manager.py:504} INFO - Created Permission View: can delete on DAG:dataset_consumes_1
[2024-07-02T17:08:43.381+0000] {logging_mixin.py:137} INFO - [2024-07-02T17:08:43.381+0000] {manager.py:504} INFO - Created Permission View: can edit on DAG:dataset_consumes_1
[2024-07-02T17:08:43.400+0000] {logging_mixin.py:137} INFO - [2024-07-02T17:08:43.400+0000] {manager.py:504} INFO - Created Permission View: can read on DAG:dataset_produces_2
[2024-07-02T17:08:43.410+0000] {logging_mixin.py:137} INFO - [2024-07-02T17:08:43.409+0000] {manager.py:504} INFO - Created Permission View: can delete on DAG:dataset_produces_2
[2024-07-02T17:08:43.418+0000] {logging_mixin.py:137} INFO - [2024-07-02T17:08:43.418+0000] {manager.py:504} INFO - Created Permission View: can edit on DAG:dataset_produces_2
[2024-07-02T17:08:43.437+0000] {logging_mixin.py:137} INFO - [2024-07-02T17:08:43.437+0000] {manager.py:504} INFO - Created Permission View: can read on DAG:dataset_consumes_1_never_scheduled
[2024-07-02T17:08:43.446+0000] {logging_mixin.py:137} INFO - [2024-07-02T17:08:43.445+0000] {manager.py:504} INFO - Created Permission View: can delete on DAG:dataset_consumes_1_never_scheduled
[2024-07-02T17:08:43.454+0000] {logging_mixin.py:137} INFO - [2024-07-02T17:08:43.454+0000] {manager.py:504} INFO - Created Permission View: can edit on DAG:dataset_consumes_1_never_scheduled
[2024-07-02T17:08:43.473+0000] {logging_mixin.py:137} INFO - [2024-07-02T17:08:43.473+0000] {manager.py:504} INFO - Created Permission View: can read on DAG:dataset_consumes_unknown_never_scheduled
[2024-07-02T17:08:43.481+0000] {logging_mixin.py:137} INFO - [2024-07-02T17:08:43.480+0000] {manager.py:504} INFO - Created Permission View: can delete on DAG:dataset_consumes_unknown_never_scheduled
[2024-07-02T17:08:43.488+0000] {logging_mixin.py:137} INFO - [2024-07-02T17:08:43.488+0000] {manager.py:504} INFO - Created Permission View: can edit on DAG:dataset_consumes_unknown_never_scheduled
[2024-07-02T17:08:43.506+0000] {logging_mixin.py:137} INFO - [2024-07-02T17:08:43.506+0000] {manager.py:504} INFO - Created Permission View: can read on DAG:dataset_produces_1
[2024-07-02T17:08:43.515+0000] {logging_mixin.py:137} INFO - [2024-07-02T17:08:43.515+0000] {manager.py:504} INFO - Created Permission View: can delete on DAG:dataset_produces_1
[2024-07-02T17:08:43.524+0000] {logging_mixin.py:137} INFO - [2024-07-02T17:08:43.523+0000] {manager.py:504} INFO - Created Permission View: can edit on DAG:dataset_produces_1
[2024-07-02T17:08:43.543+0000] {logging_mixin.py:137} INFO - [2024-07-02T17:08:43.542+0000] {manager.py:504} INFO - Created Permission View: can read on DAG:dataset_consumes_1_and_2
[2024-07-02T17:08:43.551+0000] {logging_mixin.py:137} INFO - [2024-07-02T17:08:43.551+0000] {manager.py:504} INFO - Created Permission View: can delete on DAG:dataset_consumes_1_and_2
[2024-07-02T17:08:43.559+0000] {logging_mixin.py:137} INFO - [2024-07-02T17:08:43.559+0000] {manager.py:504} INFO - Created Permission View: can edit on DAG:dataset_consumes_1_and_2
[2024-07-02T17:08:43.560+0000] {logging_mixin.py:137} INFO - [2024-07-02T17:08:43.560+0000] {dag.py:2690} INFO - Sync 6 DAGs
[2024-07-02T17:08:43.570+0000] {logging_mixin.py:137} INFO - [2024-07-02T17:08:43.570+0000] {dag.py:2711} INFO - Creating ORM DAG for dataset_consumes_1
[2024-07-02T17:08:43.571+0000] {logging_mixin.py:137} INFO - [2024-07-02T17:08:43.571+0000] {dag.py:2711} INFO - Creating ORM DAG for dataset_produces_2
[2024-07-02T17:08:43.571+0000] {logging_mixin.py:137} INFO - [2024-07-02T17:08:43.571+0000] {dag.py:2711} INFO - Creating ORM DAG for dataset_produces_1
[2024-07-02T17:08:43.572+0000] {logging_mixin.py:137} INFO - [2024-07-02T17:08:43.571+0000] {dag.py:2711} INFO - Creating ORM DAG for dataset_consumes_1_and_2
[2024-07-02T17:08:43.572+0000] {logging_mixin.py:137} INFO - [2024-07-02T17:08:43.572+0000] {dag.py:2711} INFO - Creating ORM DAG for dataset_consumes_1_never_scheduled
[2024-07-02T17:08:43.572+0000] {logging_mixin.py:137} INFO - [2024-07-02T17:08:43.572+0000] {dag.py:2711} INFO - Creating ORM DAG for dataset_consumes_unknown_never_scheduled
[2024-07-02T17:08:43.582+0000] {logging_mixin.py:137} INFO - [2024-07-02T17:08:43.582+0000] {dag.py:3437} INFO - Setting next_dagrun for dataset_consumes_1 to None, run_after=None
[2024-07-02T17:08:43.583+0000] {logging_mixin.py:137} INFO - [2024-07-02T17:08:43.583+0000] {dag.py:3437} INFO - Setting next_dagrun for dataset_consumes_1_and_2 to None, run_after=None
[2024-07-02T17:08:43.583+0000] {logging_mixin.py:137} INFO - [2024-07-02T17:08:43.583+0000] {dag.py:3437} INFO - Setting next_dagrun for dataset_consumes_1_never_scheduled to None, run_after=None
[2024-07-02T17:08:43.584+0000] {logging_mixin.py:137} INFO - [2024-07-02T17:08:43.583+0000] {dag.py:3437} INFO - Setting next_dagrun for dataset_consumes_unknown_never_scheduled to None, run_after=None
[2024-07-02T17:08:43.585+0000] {logging_mixin.py:137} INFO - [2024-07-02T17:08:43.585+0000] {dag.py:3437} INFO - Setting next_dagrun for dataset_produces_1 to 2024-07-01T00:00:00+00:00, run_after=2024-07-02T00:00:00+00:00
[2024-07-02T17:08:43.586+0000] {logging_mixin.py:137} INFO - [2024-07-02T17:08:43.586+0000] {dag.py:3437} INFO - Setting next_dagrun for dataset_produces_2 to None, run_after=None
[2024-07-02T17:08:43.618+0000] {processor.py:175} INFO - Processing /home/jacksonlmakl/data_flow_tool/airflow_home/airflow_venv/lib/python3.8/site-packages/airflow/example_dags/example_datasets.py took 0.393 seconds
