[2024-07-02T17:07:25.457+0000] {processor.py:153} INFO - Started process (PID=7151) to work on /home/jacksonlmakl/data_flow_tool/airflow_home/airflow_venv/lib/python3.8/site-packages/airflow/example_dags/example_sla_dag.py
[2024-07-02T17:07:25.459+0000] {processor.py:743} INFO - Processing file /home/jacksonlmakl/data_flow_tool/airflow_home/airflow_venv/lib/python3.8/site-packages/airflow/example_dags/example_sla_dag.py for tasks to queue
[2024-07-02T17:07:25.459+0000] {logging_mixin.py:137} INFO - [2024-07-02T17:07:25.459+0000] {dagbag.py:538} INFO - Filling up the DagBag from /home/jacksonlmakl/data_flow_tool/airflow_home/airflow_venv/lib/python3.8/site-packages/airflow/example_dags/example_sla_dag.py
[2024-07-02T17:07:25.489+0000] {processor.py:753} INFO - DAG(s) dict_keys(['example_sla_dag']) retrieved from /home/jacksonlmakl/data_flow_tool/airflow_home/airflow_venv/lib/python3.8/site-packages/airflow/example_dags/example_sla_dag.py
[2024-07-02T17:07:25.597+0000] {logging_mixin.py:137} INFO - [2024-07-02T17:07:25.597+0000] {manager.py:504} INFO - Created Permission View: can read on DAG:example_sla_dag
[2024-07-02T17:07:25.608+0000] {logging_mixin.py:137} INFO - [2024-07-02T17:07:25.607+0000] {manager.py:504} INFO - Created Permission View: can delete on DAG:example_sla_dag
[2024-07-02T17:07:25.617+0000] {logging_mixin.py:137} INFO - [2024-07-02T17:07:25.616+0000] {manager.py:504} INFO - Created Permission View: can edit on DAG:example_sla_dag
[2024-07-02T17:07:25.617+0000] {logging_mixin.py:137} INFO - [2024-07-02T17:07:25.617+0000] {dag.py:2690} INFO - Sync 1 DAGs
[2024-07-02T17:07:25.628+0000] {logging_mixin.py:137} INFO - [2024-07-02T17:07:25.628+0000] {dag.py:2711} INFO - Creating ORM DAG for example_sla_dag
[2024-07-02T17:07:25.642+0000] {logging_mixin.py:137} INFO - [2024-07-02T17:07:25.641+0000] {dag.py:3437} INFO - Setting next_dagrun for example_sla_dag to 2024-07-02T17:04:00+00:00, run_after=2024-07-02T17:06:00+00:00
[2024-07-02T17:07:25.662+0000] {processor.py:175} INFO - Processing /home/jacksonlmakl/data_flow_tool/airflow_home/airflow_venv/lib/python3.8/site-packages/airflow/example_dags/example_sla_dag.py took 0.209 seconds
[2024-07-02T17:08:18.743+0000] {processor.py:153} INFO - Started process (PID=7227) to work on /home/jacksonlmakl/data_flow_tool/airflow_home/airflow_venv/lib/python3.8/site-packages/airflow/example_dags/example_sla_dag.py
[2024-07-02T17:08:18.744+0000] {processor.py:743} INFO - Processing file /home/jacksonlmakl/data_flow_tool/airflow_home/airflow_venv/lib/python3.8/site-packages/airflow/example_dags/example_sla_dag.py for tasks to queue
[2024-07-02T17:08:18.745+0000] {logging_mixin.py:137} INFO - [2024-07-02T17:08:18.745+0000] {dagbag.py:538} INFO - Filling up the DagBag from /home/jacksonlmakl/data_flow_tool/airflow_home/airflow_venv/lib/python3.8/site-packages/airflow/example_dags/example_sla_dag.py
[2024-07-02T17:08:18.773+0000] {processor.py:753} INFO - DAG(s) dict_keys(['example_sla_dag']) retrieved from /home/jacksonlmakl/data_flow_tool/airflow_home/airflow_venv/lib/python3.8/site-packages/airflow/example_dags/example_sla_dag.py
[2024-07-02T17:08:18.793+0000] {logging_mixin.py:137} INFO - [2024-07-02T17:08:18.793+0000] {dag.py:2690} INFO - Sync 1 DAGs
[2024-07-02T17:08:18.818+0000] {logging_mixin.py:137} INFO - [2024-07-02T17:08:18.818+0000] {dag.py:3437} INFO - Setting next_dagrun for example_sla_dag to 2024-07-02T17:06:00+00:00, run_after=2024-07-02T17:08:00+00:00
[2024-07-02T17:08:18.840+0000] {processor.py:175} INFO - Processing /home/jacksonlmakl/data_flow_tool/airflow_home/airflow_venv/lib/python3.8/site-packages/airflow/example_dags/example_sla_dag.py took 0.101 seconds
[2024-07-02T17:09:25.630+0000] {processor.py:153} INFO - Started process (PID=7299) to work on /home/jacksonlmakl/data_flow_tool/airflow_home/airflow_venv/lib/python3.8/site-packages/airflow/example_dags/example_sla_dag.py
[2024-07-02T17:09:25.632+0000] {processor.py:743} INFO - Processing file /home/jacksonlmakl/data_flow_tool/airflow_home/airflow_venv/lib/python3.8/site-packages/airflow/example_dags/example_sla_dag.py for tasks to queue
[2024-07-02T17:09:25.633+0000] {logging_mixin.py:137} INFO - [2024-07-02T17:09:25.633+0000] {dagbag.py:538} INFO - Filling up the DagBag from /home/jacksonlmakl/data_flow_tool/airflow_home/airflow_venv/lib/python3.8/site-packages/airflow/example_dags/example_sla_dag.py
[2024-07-02T17:09:25.662+0000] {processor.py:753} INFO - DAG(s) dict_keys(['example_sla_dag']) retrieved from /home/jacksonlmakl/data_flow_tool/airflow_home/airflow_venv/lib/python3.8/site-packages/airflow/example_dags/example_sla_dag.py
[2024-07-02T17:09:25.681+0000] {logging_mixin.py:137} INFO - [2024-07-02T17:09:25.681+0000] {dag.py:2690} INFO - Sync 1 DAGs
[2024-07-02T17:09:25.706+0000] {logging_mixin.py:137} INFO - [2024-07-02T17:09:25.706+0000] {dag.py:3437} INFO - Setting next_dagrun for example_sla_dag to 2024-07-02T17:06:00+00:00, run_after=2024-07-02T17:08:00+00:00
[2024-07-02T17:09:25.727+0000] {processor.py:175} INFO - Processing /home/jacksonlmakl/data_flow_tool/airflow_home/airflow_venv/lib/python3.8/site-packages/airflow/example_dags/example_sla_dag.py took 0.101 seconds
