[2024-07-02T17:06:20.435+0000] {processor.py:153} INFO - Started process (PID=7047) to work on /home/jacksonlmakl/data_flow_tool/airflow_home/airflow_venv/lib/python3.8/site-packages/airflow/example_dags/example_python_operator.py
[2024-07-02T17:06:20.436+0000] {processor.py:743} INFO - Processing file /home/jacksonlmakl/data_flow_tool/airflow_home/airflow_venv/lib/python3.8/site-packages/airflow/example_dags/example_python_operator.py for tasks to queue
[2024-07-02T17:06:20.437+0000] {logging_mixin.py:137} INFO - [2024-07-02T17:06:20.437+0000] {dagbag.py:538} INFO - Filling up the DagBag from /home/jacksonlmakl/data_flow_tool/airflow_home/airflow_venv/lib/python3.8/site-packages/airflow/example_dags/example_python_operator.py
[2024-07-02T17:06:20.462+0000] {logging_mixin.py:137} INFO - [2024-07-02T17:06:20.461+0000] {taskmixin.py:205} WARNING - Dependency <Task(_PythonDecoratedOperator): print_the_context>, log_sql_query already registered for DAG: example_python_operator
[2024-07-02T17:06:20.462+0000] {logging_mixin.py:137} INFO - [2024-07-02T17:06:20.462+0000] {taskmixin.py:205} WARNING - Dependency <Task(_PythonDecoratedOperator): log_sql_query>, print_the_context already registered for DAG: example_python_operator
[2024-07-02T17:06:20.462+0000] {logging_mixin.py:137} INFO - [2024-07-02T17:06:20.462+0000] {taskmixin.py:205} WARNING - Dependency <Task(_PythonDecoratedOperator): print_the_context>, log_sql_query already registered for DAG: example_python_operator
[2024-07-02T17:06:20.463+0000] {logging_mixin.py:137} INFO - [2024-07-02T17:06:20.462+0000] {taskmixin.py:205} WARNING - Dependency <Task(_PythonDecoratedOperator): log_sql_query>, print_the_context already registered for DAG: example_python_operator
[2024-07-02T17:06:20.463+0000] {logging_mixin.py:137} INFO - [2024-07-02T17:06:20.463+0000] {taskmixin.py:205} WARNING - Dependency <Task(_PythonDecoratedOperator): print_the_context>, log_sql_query already registered for DAG: example_python_operator
[2024-07-02T17:06:20.463+0000] {logging_mixin.py:137} INFO - [2024-07-02T17:06:20.463+0000] {taskmixin.py:205} WARNING - Dependency <Task(_PythonDecoratedOperator): log_sql_query>, print_the_context already registered for DAG: example_python_operator
[2024-07-02T17:06:20.464+0000] {logging_mixin.py:137} INFO - [2024-07-02T17:06:20.464+0000] {taskmixin.py:205} WARNING - Dependency <Task(_PythonDecoratedOperator): print_the_context>, log_sql_query already registered for DAG: example_python_operator
[2024-07-02T17:06:20.464+0000] {logging_mixin.py:137} INFO - [2024-07-02T17:06:20.464+0000] {taskmixin.py:205} WARNING - Dependency <Task(_PythonDecoratedOperator): log_sql_query>, print_the_context already registered for DAG: example_python_operator
[2024-07-02T17:06:20.464+0000] {logging_mixin.py:137} INFO - [2024-07-02T17:06:20.464+0000] {example_python_operator.py:90} WARNING - The virtalenv_python example task requires virtualenv, please install it.
[2024-07-02T17:06:20.470+0000] {processor.py:753} INFO - DAG(s) dict_keys(['example_python_operator']) retrieved from /home/jacksonlmakl/data_flow_tool/airflow_home/airflow_venv/lib/python3.8/site-packages/airflow/example_dags/example_python_operator.py
[2024-07-02T17:06:20.577+0000] {logging_mixin.py:137} INFO - [2024-07-02T17:06:20.577+0000] {manager.py:504} INFO - Created Permission View: can delete on DAG:example_python_operator
[2024-07-02T17:06:20.587+0000] {logging_mixin.py:137} INFO - [2024-07-02T17:06:20.587+0000] {manager.py:504} INFO - Created Permission View: can read on DAG:example_python_operator
[2024-07-02T17:06:20.596+0000] {logging_mixin.py:137} INFO - [2024-07-02T17:06:20.596+0000] {manager.py:504} INFO - Created Permission View: can edit on DAG:example_python_operator
[2024-07-02T17:06:20.596+0000] {logging_mixin.py:137} INFO - [2024-07-02T17:06:20.596+0000] {dag.py:2690} INFO - Sync 1 DAGs
[2024-07-02T17:06:20.607+0000] {logging_mixin.py:137} INFO - [2024-07-02T17:06:20.607+0000] {dag.py:2711} INFO - Creating ORM DAG for example_python_operator
[2024-07-02T17:06:20.617+0000] {logging_mixin.py:137} INFO - [2024-07-02T17:06:20.617+0000] {dag.py:3437} INFO - Setting next_dagrun for example_python_operator to None, run_after=None
[2024-07-02T17:06:20.640+0000] {processor.py:175} INFO - Processing /home/jacksonlmakl/data_flow_tool/airflow_home/airflow_venv/lib/python3.8/site-packages/airflow/example_dags/example_python_operator.py took 0.209 seconds
[2024-07-02T17:07:17.603+0000] {processor.py:153} INFO - Started process (PID=7144) to work on /home/jacksonlmakl/data_flow_tool/airflow_home/airflow_venv/lib/python3.8/site-packages/airflow/example_dags/example_python_operator.py
[2024-07-02T17:07:17.605+0000] {processor.py:743} INFO - Processing file /home/jacksonlmakl/data_flow_tool/airflow_home/airflow_venv/lib/python3.8/site-packages/airflow/example_dags/example_python_operator.py for tasks to queue
[2024-07-02T17:07:17.605+0000] {logging_mixin.py:137} INFO - [2024-07-02T17:07:17.605+0000] {dagbag.py:538} INFO - Filling up the DagBag from /home/jacksonlmakl/data_flow_tool/airflow_home/airflow_venv/lib/python3.8/site-packages/airflow/example_dags/example_python_operator.py
[2024-07-02T17:07:17.627+0000] {logging_mixin.py:137} INFO - [2024-07-02T17:07:17.627+0000] {taskmixin.py:205} WARNING - Dependency <Task(_PythonDecoratedOperator): print_the_context>, log_sql_query already registered for DAG: example_python_operator
[2024-07-02T17:07:17.628+0000] {logging_mixin.py:137} INFO - [2024-07-02T17:07:17.628+0000] {taskmixin.py:205} WARNING - Dependency <Task(_PythonDecoratedOperator): log_sql_query>, print_the_context already registered for DAG: example_python_operator
[2024-07-02T17:07:17.628+0000] {logging_mixin.py:137} INFO - [2024-07-02T17:07:17.628+0000] {taskmixin.py:205} WARNING - Dependency <Task(_PythonDecoratedOperator): print_the_context>, log_sql_query already registered for DAG: example_python_operator
[2024-07-02T17:07:17.628+0000] {logging_mixin.py:137} INFO - [2024-07-02T17:07:17.628+0000] {taskmixin.py:205} WARNING - Dependency <Task(_PythonDecoratedOperator): log_sql_query>, print_the_context already registered for DAG: example_python_operator
[2024-07-02T17:07:17.629+0000] {logging_mixin.py:137} INFO - [2024-07-02T17:07:17.629+0000] {taskmixin.py:205} WARNING - Dependency <Task(_PythonDecoratedOperator): print_the_context>, log_sql_query already registered for DAG: example_python_operator
[2024-07-02T17:07:17.629+0000] {logging_mixin.py:137} INFO - [2024-07-02T17:07:17.629+0000] {taskmixin.py:205} WARNING - Dependency <Task(_PythonDecoratedOperator): log_sql_query>, print_the_context already registered for DAG: example_python_operator
[2024-07-02T17:07:17.630+0000] {logging_mixin.py:137} INFO - [2024-07-02T17:07:17.630+0000] {taskmixin.py:205} WARNING - Dependency <Task(_PythonDecoratedOperator): print_the_context>, log_sql_query already registered for DAG: example_python_operator
[2024-07-02T17:07:17.630+0000] {logging_mixin.py:137} INFO - [2024-07-02T17:07:17.630+0000] {taskmixin.py:205} WARNING - Dependency <Task(_PythonDecoratedOperator): log_sql_query>, print_the_context already registered for DAG: example_python_operator
[2024-07-02T17:07:17.630+0000] {logging_mixin.py:137} INFO - [2024-07-02T17:07:17.630+0000] {example_python_operator.py:90} WARNING - The virtalenv_python example task requires virtualenv, please install it.
[2024-07-02T17:07:17.636+0000] {processor.py:753} INFO - DAG(s) dict_keys(['example_python_operator']) retrieved from /home/jacksonlmakl/data_flow_tool/airflow_home/airflow_venv/lib/python3.8/site-packages/airflow/example_dags/example_python_operator.py
[2024-07-02T17:07:17.655+0000] {logging_mixin.py:137} INFO - [2024-07-02T17:07:17.655+0000] {dag.py:2690} INFO - Sync 1 DAGs
[2024-07-02T17:07:17.678+0000] {logging_mixin.py:137} INFO - [2024-07-02T17:07:17.678+0000] {dag.py:3437} INFO - Setting next_dagrun for example_python_operator to None, run_after=None
[2024-07-02T17:07:17.700+0000] {processor.py:175} INFO - Processing /home/jacksonlmakl/data_flow_tool/airflow_home/airflow_venv/lib/python3.8/site-packages/airflow/example_dags/example_python_operator.py took 0.101 seconds
[2024-07-02T17:08:11.955+0000] {processor.py:153} INFO - Started process (PID=7220) to work on /home/jacksonlmakl/data_flow_tool/airflow_home/airflow_venv/lib/python3.8/site-packages/airflow/example_dags/example_python_operator.py
[2024-07-02T17:08:11.957+0000] {processor.py:743} INFO - Processing file /home/jacksonlmakl/data_flow_tool/airflow_home/airflow_venv/lib/python3.8/site-packages/airflow/example_dags/example_python_operator.py for tasks to queue
[2024-07-02T17:08:11.958+0000] {logging_mixin.py:137} INFO - [2024-07-02T17:08:11.957+0000] {dagbag.py:538} INFO - Filling up the DagBag from /home/jacksonlmakl/data_flow_tool/airflow_home/airflow_venv/lib/python3.8/site-packages/airflow/example_dags/example_python_operator.py
[2024-07-02T17:08:11.979+0000] {logging_mixin.py:137} INFO - [2024-07-02T17:08:11.979+0000] {taskmixin.py:205} WARNING - Dependency <Task(_PythonDecoratedOperator): print_the_context>, log_sql_query already registered for DAG: example_python_operator
[2024-07-02T17:08:11.979+0000] {logging_mixin.py:137} INFO - [2024-07-02T17:08:11.979+0000] {taskmixin.py:205} WARNING - Dependency <Task(_PythonDecoratedOperator): log_sql_query>, print_the_context already registered for DAG: example_python_operator
[2024-07-02T17:08:11.980+0000] {logging_mixin.py:137} INFO - [2024-07-02T17:08:11.980+0000] {taskmixin.py:205} WARNING - Dependency <Task(_PythonDecoratedOperator): print_the_context>, log_sql_query already registered for DAG: example_python_operator
[2024-07-02T17:08:11.980+0000] {logging_mixin.py:137} INFO - [2024-07-02T17:08:11.980+0000] {taskmixin.py:205} WARNING - Dependency <Task(_PythonDecoratedOperator): log_sql_query>, print_the_context already registered for DAG: example_python_operator
[2024-07-02T17:08:11.981+0000] {logging_mixin.py:137} INFO - [2024-07-02T17:08:11.981+0000] {taskmixin.py:205} WARNING - Dependency <Task(_PythonDecoratedOperator): print_the_context>, log_sql_query already registered for DAG: example_python_operator
[2024-07-02T17:08:11.981+0000] {logging_mixin.py:137} INFO - [2024-07-02T17:08:11.981+0000] {taskmixin.py:205} WARNING - Dependency <Task(_PythonDecoratedOperator): log_sql_query>, print_the_context already registered for DAG: example_python_operator
[2024-07-02T17:08:11.981+0000] {logging_mixin.py:137} INFO - [2024-07-02T17:08:11.981+0000] {taskmixin.py:205} WARNING - Dependency <Task(_PythonDecoratedOperator): print_the_context>, log_sql_query already registered for DAG: example_python_operator
[2024-07-02T17:08:11.982+0000] {logging_mixin.py:137} INFO - [2024-07-02T17:08:11.982+0000] {taskmixin.py:205} WARNING - Dependency <Task(_PythonDecoratedOperator): log_sql_query>, print_the_context already registered for DAG: example_python_operator
[2024-07-02T17:08:11.982+0000] {logging_mixin.py:137} INFO - [2024-07-02T17:08:11.982+0000] {example_python_operator.py:90} WARNING - The virtalenv_python example task requires virtualenv, please install it.
[2024-07-02T17:08:11.988+0000] {processor.py:753} INFO - DAG(s) dict_keys(['example_python_operator']) retrieved from /home/jacksonlmakl/data_flow_tool/airflow_home/airflow_venv/lib/python3.8/site-packages/airflow/example_dags/example_python_operator.py
[2024-07-02T17:08:12.007+0000] {logging_mixin.py:137} INFO - [2024-07-02T17:08:12.007+0000] {dag.py:2690} INFO - Sync 1 DAGs
[2024-07-02T17:08:12.028+0000] {logging_mixin.py:137} INFO - [2024-07-02T17:08:12.028+0000] {dag.py:3437} INFO - Setting next_dagrun for example_python_operator to None, run_after=None
[2024-07-02T17:08:12.050+0000] {processor.py:175} INFO - Processing /home/jacksonlmakl/data_flow_tool/airflow_home/airflow_venv/lib/python3.8/site-packages/airflow/example_dags/example_python_operator.py took 0.099 seconds
[2024-07-02T17:09:18.043+0000] {processor.py:153} INFO - Started process (PID=7292) to work on /home/jacksonlmakl/data_flow_tool/airflow_home/airflow_venv/lib/python3.8/site-packages/airflow/example_dags/example_python_operator.py
[2024-07-02T17:09:18.045+0000] {processor.py:743} INFO - Processing file /home/jacksonlmakl/data_flow_tool/airflow_home/airflow_venv/lib/python3.8/site-packages/airflow/example_dags/example_python_operator.py for tasks to queue
[2024-07-02T17:09:18.046+0000] {logging_mixin.py:137} INFO - [2024-07-02T17:09:18.045+0000] {dagbag.py:538} INFO - Filling up the DagBag from /home/jacksonlmakl/data_flow_tool/airflow_home/airflow_venv/lib/python3.8/site-packages/airflow/example_dags/example_python_operator.py
[2024-07-02T17:09:18.067+0000] {logging_mixin.py:137} INFO - [2024-07-02T17:09:18.067+0000] {taskmixin.py:205} WARNING - Dependency <Task(_PythonDecoratedOperator): print_the_context>, log_sql_query already registered for DAG: example_python_operator
[2024-07-02T17:09:18.067+0000] {logging_mixin.py:137} INFO - [2024-07-02T17:09:18.067+0000] {taskmixin.py:205} WARNING - Dependency <Task(_PythonDecoratedOperator): log_sql_query>, print_the_context already registered for DAG: example_python_operator
[2024-07-02T17:09:18.068+0000] {logging_mixin.py:137} INFO - [2024-07-02T17:09:18.068+0000] {taskmixin.py:205} WARNING - Dependency <Task(_PythonDecoratedOperator): print_the_context>, log_sql_query already registered for DAG: example_python_operator
[2024-07-02T17:09:18.068+0000] {logging_mixin.py:137} INFO - [2024-07-02T17:09:18.068+0000] {taskmixin.py:205} WARNING - Dependency <Task(_PythonDecoratedOperator): log_sql_query>, print_the_context already registered for DAG: example_python_operator
[2024-07-02T17:09:18.069+0000] {logging_mixin.py:137} INFO - [2024-07-02T17:09:18.069+0000] {taskmixin.py:205} WARNING - Dependency <Task(_PythonDecoratedOperator): print_the_context>, log_sql_query already registered for DAG: example_python_operator
[2024-07-02T17:09:18.069+0000] {logging_mixin.py:137} INFO - [2024-07-02T17:09:18.069+0000] {taskmixin.py:205} WARNING - Dependency <Task(_PythonDecoratedOperator): log_sql_query>, print_the_context already registered for DAG: example_python_operator
[2024-07-02T17:09:18.070+0000] {logging_mixin.py:137} INFO - [2024-07-02T17:09:18.070+0000] {taskmixin.py:205} WARNING - Dependency <Task(_PythonDecoratedOperator): print_the_context>, log_sql_query already registered for DAG: example_python_operator
[2024-07-02T17:09:18.070+0000] {logging_mixin.py:137} INFO - [2024-07-02T17:09:18.070+0000] {taskmixin.py:205} WARNING - Dependency <Task(_PythonDecoratedOperator): log_sql_query>, print_the_context already registered for DAG: example_python_operator
[2024-07-02T17:09:18.070+0000] {logging_mixin.py:137} INFO - [2024-07-02T17:09:18.070+0000] {example_python_operator.py:90} WARNING - The virtalenv_python example task requires virtualenv, please install it.
[2024-07-02T17:09:18.076+0000] {processor.py:753} INFO - DAG(s) dict_keys(['example_python_operator']) retrieved from /home/jacksonlmakl/data_flow_tool/airflow_home/airflow_venv/lib/python3.8/site-packages/airflow/example_dags/example_python_operator.py
[2024-07-02T17:09:18.095+0000] {logging_mixin.py:137} INFO - [2024-07-02T17:09:18.095+0000] {dag.py:2690} INFO - Sync 1 DAGs
[2024-07-02T17:09:18.117+0000] {logging_mixin.py:137} INFO - [2024-07-02T17:09:18.117+0000] {dag.py:3437} INFO - Setting next_dagrun for example_python_operator to None, run_after=None
[2024-07-02T17:09:18.138+0000] {processor.py:175} INFO - Processing /home/jacksonlmakl/data_flow_tool/airflow_home/airflow_venv/lib/python3.8/site-packages/airflow/example_dags/example_python_operator.py took 0.100 seconds
