[2024-07-02T17:07:21.458+0000] {processor.py:153} INFO - Started process (PID=7147) to work on /home/jacksonlmakl/data_flow_tool/airflow_home/airflow_venv/lib/python3.8/site-packages/airflow/example_dags/example_trigger_target_dag.py
[2024-07-02T17:07:21.459+0000] {processor.py:743} INFO - Processing file /home/jacksonlmakl/data_flow_tool/airflow_home/airflow_venv/lib/python3.8/site-packages/airflow/example_dags/example_trigger_target_dag.py for tasks to queue
[2024-07-02T17:07:21.460+0000] {logging_mixin.py:137} INFO - [2024-07-02T17:07:21.460+0000] {dagbag.py:538} INFO - Filling up the DagBag from /home/jacksonlmakl/data_flow_tool/airflow_home/airflow_venv/lib/python3.8/site-packages/airflow/example_dags/example_trigger_target_dag.py
[2024-07-02T17:07:21.487+0000] {processor.py:753} INFO - DAG(s) dict_keys(['example_trigger_target_dag']) retrieved from /home/jacksonlmakl/data_flow_tool/airflow_home/airflow_venv/lib/python3.8/site-packages/airflow/example_dags/example_trigger_target_dag.py
[2024-07-02T17:07:21.592+0000] {logging_mixin.py:137} INFO - [2024-07-02T17:07:21.591+0000] {manager.py:504} INFO - Created Permission View: can read on DAG:example_trigger_target_dag
[2024-07-02T17:07:21.602+0000] {logging_mixin.py:137} INFO - [2024-07-02T17:07:21.602+0000] {manager.py:504} INFO - Created Permission View: can delete on DAG:example_trigger_target_dag
[2024-07-02T17:07:21.611+0000] {logging_mixin.py:137} INFO - [2024-07-02T17:07:21.611+0000] {manager.py:504} INFO - Created Permission View: can edit on DAG:example_trigger_target_dag
[2024-07-02T17:07:21.612+0000] {logging_mixin.py:137} INFO - [2024-07-02T17:07:21.612+0000] {dag.py:2690} INFO - Sync 1 DAGs
[2024-07-02T17:07:21.622+0000] {logging_mixin.py:137} INFO - [2024-07-02T17:07:21.622+0000] {dag.py:2711} INFO - Creating ORM DAG for example_trigger_target_dag
[2024-07-02T17:07:21.633+0000] {logging_mixin.py:137} INFO - [2024-07-02T17:07:21.633+0000] {dag.py:3437} INFO - Setting next_dagrun for example_trigger_target_dag to None, run_after=None
[2024-07-02T17:07:21.654+0000] {processor.py:175} INFO - Processing /home/jacksonlmakl/data_flow_tool/airflow_home/airflow_venv/lib/python3.8/site-packages/airflow/example_dags/example_trigger_target_dag.py took 0.200 seconds
[2024-07-02T17:08:14.629+0000] {processor.py:153} INFO - Started process (PID=7223) to work on /home/jacksonlmakl/data_flow_tool/airflow_home/airflow_venv/lib/python3.8/site-packages/airflow/example_dags/example_trigger_target_dag.py
[2024-07-02T17:08:14.631+0000] {processor.py:743} INFO - Processing file /home/jacksonlmakl/data_flow_tool/airflow_home/airflow_venv/lib/python3.8/site-packages/airflow/example_dags/example_trigger_target_dag.py for tasks to queue
[2024-07-02T17:08:14.632+0000] {logging_mixin.py:137} INFO - [2024-07-02T17:08:14.632+0000] {dagbag.py:538} INFO - Filling up the DagBag from /home/jacksonlmakl/data_flow_tool/airflow_home/airflow_venv/lib/python3.8/site-packages/airflow/example_dags/example_trigger_target_dag.py
[2024-07-02T17:08:14.659+0000] {processor.py:753} INFO - DAG(s) dict_keys(['example_trigger_target_dag']) retrieved from /home/jacksonlmakl/data_flow_tool/airflow_home/airflow_venv/lib/python3.8/site-packages/airflow/example_dags/example_trigger_target_dag.py
[2024-07-02T17:08:14.678+0000] {logging_mixin.py:137} INFO - [2024-07-02T17:08:14.678+0000] {dag.py:2690} INFO - Sync 1 DAGs
[2024-07-02T17:08:14.700+0000] {logging_mixin.py:137} INFO - [2024-07-02T17:08:14.700+0000] {dag.py:3437} INFO - Setting next_dagrun for example_trigger_target_dag to None, run_after=None
[2024-07-02T17:08:14.720+0000] {processor.py:175} INFO - Processing /home/jacksonlmakl/data_flow_tool/airflow_home/airflow_venv/lib/python3.8/site-packages/airflow/example_dags/example_trigger_target_dag.py took 0.095 seconds
[2024-07-02T17:09:20.750+0000] {processor.py:153} INFO - Started process (PID=7295) to work on /home/jacksonlmakl/data_flow_tool/airflow_home/airflow_venv/lib/python3.8/site-packages/airflow/example_dags/example_trigger_target_dag.py
[2024-07-02T17:09:20.752+0000] {processor.py:743} INFO - Processing file /home/jacksonlmakl/data_flow_tool/airflow_home/airflow_venv/lib/python3.8/site-packages/airflow/example_dags/example_trigger_target_dag.py for tasks to queue
[2024-07-02T17:09:20.753+0000] {logging_mixin.py:137} INFO - [2024-07-02T17:09:20.753+0000] {dagbag.py:538} INFO - Filling up the DagBag from /home/jacksonlmakl/data_flow_tool/airflow_home/airflow_venv/lib/python3.8/site-packages/airflow/example_dags/example_trigger_target_dag.py
[2024-07-02T17:09:20.779+0000] {processor.py:753} INFO - DAG(s) dict_keys(['example_trigger_target_dag']) retrieved from /home/jacksonlmakl/data_flow_tool/airflow_home/airflow_venv/lib/python3.8/site-packages/airflow/example_dags/example_trigger_target_dag.py
[2024-07-02T17:09:20.799+0000] {logging_mixin.py:137} INFO - [2024-07-02T17:09:20.798+0000] {dag.py:2690} INFO - Sync 1 DAGs
[2024-07-02T17:09:20.821+0000] {logging_mixin.py:137} INFO - [2024-07-02T17:09:20.820+0000] {dag.py:3437} INFO - Setting next_dagrun for example_trigger_target_dag to None, run_after=None
[2024-07-02T17:09:20.843+0000] {processor.py:175} INFO - Processing /home/jacksonlmakl/data_flow_tool/airflow_home/airflow_venv/lib/python3.8/site-packages/airflow/example_dags/example_trigger_target_dag.py took 0.097 seconds
