[2024-07-02T17:06:10.088+0000] {processor.py:153} INFO - Started process (PID=7037) to work on /home/jacksonlmakl/data_flow_tool/airflow_home/airflow_venv/lib/python3.8/site-packages/airflow/example_dags/example_subdag_operator.py
[2024-07-02T17:06:10.089+0000] {processor.py:743} INFO - Processing file /home/jacksonlmakl/data_flow_tool/airflow_home/airflow_venv/lib/python3.8/site-packages/airflow/example_dags/example_subdag_operator.py for tasks to queue
[2024-07-02T17:06:10.090+0000] {logging_mixin.py:137} INFO - [2024-07-02T17:06:10.090+0000] {dagbag.py:538} INFO - Filling up the DagBag from /home/jacksonlmakl/data_flow_tool/airflow_home/airflow_venv/lib/python3.8/site-packages/airflow/example_dags/example_subdag_operator.py
[2024-07-02T17:06:10.120+0000] {processor.py:753} INFO - DAG(s) dict_keys(['example_subdag_operator.section-1', 'example_subdag_operator.section-2', 'example_subdag_operator']) retrieved from /home/jacksonlmakl/data_flow_tool/airflow_home/airflow_venv/lib/python3.8/site-packages/airflow/example_dags/example_subdag_operator.py
[2024-07-02T17:06:10.223+0000] {logging_mixin.py:137} INFO - [2024-07-02T17:06:10.223+0000] {manager.py:504} INFO - Created Permission View: can delete on DAG:example_subdag_operator
[2024-07-02T17:06:10.234+0000] {logging_mixin.py:137} INFO - [2024-07-02T17:06:10.234+0000] {manager.py:504} INFO - Created Permission View: can read on DAG:example_subdag_operator
[2024-07-02T17:06:10.243+0000] {logging_mixin.py:137} INFO - [2024-07-02T17:06:10.243+0000] {manager.py:504} INFO - Created Permission View: can edit on DAG:example_subdag_operator
[2024-07-02T17:06:10.244+0000] {logging_mixin.py:137} INFO - [2024-07-02T17:06:10.244+0000] {dag.py:2690} INFO - Sync 3 DAGs
[2024-07-02T17:06:10.255+0000] {logging_mixin.py:137} INFO - [2024-07-02T17:06:10.255+0000] {dag.py:2711} INFO - Creating ORM DAG for example_subdag_operator
[2024-07-02T17:06:10.256+0000] {logging_mixin.py:137} INFO - [2024-07-02T17:06:10.255+0000] {dag.py:2711} INFO - Creating ORM DAG for example_subdag_operator.section-2
[2024-07-02T17:06:10.256+0000] {logging_mixin.py:137} INFO - [2024-07-02T17:06:10.256+0000] {dag.py:2711} INFO - Creating ORM DAG for example_subdag_operator.section-1
[2024-07-02T17:06:10.266+0000] {logging_mixin.py:137} INFO - [2024-07-02T17:06:10.266+0000] {dag.py:3437} INFO - Setting next_dagrun for example_subdag_operator to 2022-01-01T00:00:00+00:00, run_after=2022-01-01T00:00:00+00:00
[2024-07-02T17:06:10.266+0000] {logging_mixin.py:137} INFO - [2024-07-02T17:06:10.266+0000] {dag.py:3437} INFO - Setting next_dagrun for example_subdag_operator.section-1 to None, run_after=None
[2024-07-02T17:06:10.267+0000] {logging_mixin.py:137} INFO - [2024-07-02T17:06:10.266+0000] {dag.py:3437} INFO - Setting next_dagrun for example_subdag_operator.section-2 to None, run_after=None
[2024-07-02T17:06:10.273+0000] {logging_mixin.py:137} INFO - [2024-07-02T17:06:10.273+0000] {dag.py:2690} INFO - Sync 2 DAGs
[2024-07-02T17:06:10.279+0000] {logging_mixin.py:137} INFO - [2024-07-02T17:06:10.279+0000] {dag.py:3437} INFO - Setting next_dagrun for example_subdag_operator.section-1 to None, run_after=None
[2024-07-02T17:06:10.282+0000] {logging_mixin.py:137} INFO - [2024-07-02T17:06:10.282+0000] {dag.py:3437} INFO - Setting next_dagrun for example_subdag_operator.section-2 to None, run_after=None
[2024-07-02T17:06:10.299+0000] {processor.py:175} INFO - Processing /home/jacksonlmakl/data_flow_tool/airflow_home/airflow_venv/lib/python3.8/site-packages/airflow/example_dags/example_subdag_operator.py took 0.219 seconds
[2024-07-02T17:07:03.685+0000] {processor.py:153} INFO - Started process (PID=7128) to work on /home/jacksonlmakl/data_flow_tool/airflow_home/airflow_venv/lib/python3.8/site-packages/airflow/example_dags/example_subdag_operator.py
[2024-07-02T17:07:03.687+0000] {processor.py:743} INFO - Processing file /home/jacksonlmakl/data_flow_tool/airflow_home/airflow_venv/lib/python3.8/site-packages/airflow/example_dags/example_subdag_operator.py for tasks to queue
[2024-07-02T17:07:03.687+0000] {logging_mixin.py:137} INFO - [2024-07-02T17:07:03.687+0000] {dagbag.py:538} INFO - Filling up the DagBag from /home/jacksonlmakl/data_flow_tool/airflow_home/airflow_venv/lib/python3.8/site-packages/airflow/example_dags/example_subdag_operator.py
[2024-07-02T17:07:03.717+0000] {processor.py:753} INFO - DAG(s) dict_keys(['example_subdag_operator.section-1', 'example_subdag_operator.section-2', 'example_subdag_operator']) retrieved from /home/jacksonlmakl/data_flow_tool/airflow_home/airflow_venv/lib/python3.8/site-packages/airflow/example_dags/example_subdag_operator.py
[2024-07-02T17:07:03.733+0000] {logging_mixin.py:137} INFO - [2024-07-02T17:07:03.733+0000] {dag.py:2690} INFO - Sync 3 DAGs
[2024-07-02T17:07:03.754+0000] {logging_mixin.py:137} INFO - [2024-07-02T17:07:03.754+0000] {dag.py:3437} INFO - Setting next_dagrun for example_subdag_operator to 2022-01-01T00:00:00+00:00, run_after=2022-01-01T00:00:00+00:00
[2024-07-02T17:07:03.757+0000] {logging_mixin.py:137} INFO - [2024-07-02T17:07:03.757+0000] {dag.py:3437} INFO - Setting next_dagrun for example_subdag_operator.section-1 to None, run_after=None
[2024-07-02T17:07:03.758+0000] {logging_mixin.py:137} INFO - [2024-07-02T17:07:03.758+0000] {dag.py:3437} INFO - Setting next_dagrun for example_subdag_operator.section-2 to None, run_after=None
[2024-07-02T17:07:03.764+0000] {logging_mixin.py:137} INFO - [2024-07-02T17:07:03.764+0000] {dag.py:2690} INFO - Sync 2 DAGs
[2024-07-02T17:07:03.768+0000] {logging_mixin.py:137} INFO - [2024-07-02T17:07:03.767+0000] {dag.py:3437} INFO - Setting next_dagrun for example_subdag_operator.section-1 to None, run_after=None
[2024-07-02T17:07:03.768+0000] {logging_mixin.py:137} INFO - [2024-07-02T17:07:03.768+0000] {dag.py:3437} INFO - Setting next_dagrun for example_subdag_operator.section-2 to None, run_after=None
[2024-07-02T17:07:03.783+0000] {processor.py:175} INFO - Processing /home/jacksonlmakl/data_flow_tool/airflow_home/airflow_venv/lib/python3.8/site-packages/airflow/example_dags/example_subdag_operator.py took 0.106 seconds
[2024-07-02T17:08:01.409+0000] {processor.py:153} INFO - Started process (PID=7210) to work on /home/jacksonlmakl/data_flow_tool/airflow_home/airflow_venv/lib/python3.8/site-packages/airflow/example_dags/example_subdag_operator.py
[2024-07-02T17:08:01.410+0000] {processor.py:743} INFO - Processing file /home/jacksonlmakl/data_flow_tool/airflow_home/airflow_venv/lib/python3.8/site-packages/airflow/example_dags/example_subdag_operator.py for tasks to queue
[2024-07-02T17:08:01.411+0000] {logging_mixin.py:137} INFO - [2024-07-02T17:08:01.411+0000] {dagbag.py:538} INFO - Filling up the DagBag from /home/jacksonlmakl/data_flow_tool/airflow_home/airflow_venv/lib/python3.8/site-packages/airflow/example_dags/example_subdag_operator.py
[2024-07-02T17:08:01.443+0000] {processor.py:753} INFO - DAG(s) dict_keys(['example_subdag_operator.section-1', 'example_subdag_operator.section-2', 'example_subdag_operator']) retrieved from /home/jacksonlmakl/data_flow_tool/airflow_home/airflow_venv/lib/python3.8/site-packages/airflow/example_dags/example_subdag_operator.py
[2024-07-02T17:08:01.460+0000] {logging_mixin.py:137} INFO - [2024-07-02T17:08:01.460+0000] {dag.py:2690} INFO - Sync 3 DAGs
[2024-07-02T17:08:01.483+0000] {logging_mixin.py:137} INFO - [2024-07-02T17:08:01.483+0000] {dag.py:3437} INFO - Setting next_dagrun for example_subdag_operator to 2022-01-01T00:00:00+00:00, run_after=2022-01-01T00:00:00+00:00
[2024-07-02T17:08:01.486+0000] {logging_mixin.py:137} INFO - [2024-07-02T17:08:01.486+0000] {dag.py:3437} INFO - Setting next_dagrun for example_subdag_operator.section-1 to None, run_after=None
[2024-07-02T17:08:01.487+0000] {logging_mixin.py:137} INFO - [2024-07-02T17:08:01.487+0000] {dag.py:3437} INFO - Setting next_dagrun for example_subdag_operator.section-2 to None, run_after=None
[2024-07-02T17:08:01.493+0000] {logging_mixin.py:137} INFO - [2024-07-02T17:08:01.493+0000] {dag.py:2690} INFO - Sync 2 DAGs
[2024-07-02T17:08:01.497+0000] {logging_mixin.py:137} INFO - [2024-07-02T17:08:01.497+0000] {dag.py:3437} INFO - Setting next_dagrun for example_subdag_operator.section-1 to None, run_after=None
[2024-07-02T17:08:01.497+0000] {logging_mixin.py:137} INFO - [2024-07-02T17:08:01.497+0000] {dag.py:3437} INFO - Setting next_dagrun for example_subdag_operator.section-2 to None, run_after=None
[2024-07-02T17:08:01.513+0000] {processor.py:175} INFO - Processing /home/jacksonlmakl/data_flow_tool/airflow_home/airflow_venv/lib/python3.8/site-packages/airflow/example_dags/example_subdag_operator.py took 0.112 seconds
[2024-07-02T17:08:57.485+0000] {processor.py:153} INFO - Started process (PID=7262) to work on /home/jacksonlmakl/data_flow_tool/airflow_home/airflow_venv/lib/python3.8/site-packages/airflow/example_dags/example_subdag_operator.py
[2024-07-02T17:08:57.487+0000] {processor.py:743} INFO - Processing file /home/jacksonlmakl/data_flow_tool/airflow_home/airflow_venv/lib/python3.8/site-packages/airflow/example_dags/example_subdag_operator.py for tasks to queue
[2024-07-02T17:08:57.487+0000] {logging_mixin.py:137} INFO - [2024-07-02T17:08:57.487+0000] {dagbag.py:538} INFO - Filling up the DagBag from /home/jacksonlmakl/data_flow_tool/airflow_home/airflow_venv/lib/python3.8/site-packages/airflow/example_dags/example_subdag_operator.py
[2024-07-02T17:08:57.518+0000] {processor.py:753} INFO - DAG(s) dict_keys(['example_subdag_operator.section-1', 'example_subdag_operator.section-2', 'example_subdag_operator']) retrieved from /home/jacksonlmakl/data_flow_tool/airflow_home/airflow_venv/lib/python3.8/site-packages/airflow/example_dags/example_subdag_operator.py
[2024-07-02T17:08:57.534+0000] {logging_mixin.py:137} INFO - [2024-07-02T17:08:57.534+0000] {dag.py:2690} INFO - Sync 3 DAGs
[2024-07-02T17:08:57.556+0000] {logging_mixin.py:137} INFO - [2024-07-02T17:08:57.556+0000] {dag.py:3437} INFO - Setting next_dagrun for example_subdag_operator to 2022-01-01T00:00:00+00:00, run_after=2022-01-01T00:00:00+00:00
[2024-07-02T17:08:57.559+0000] {logging_mixin.py:137} INFO - [2024-07-02T17:08:57.559+0000] {dag.py:3437} INFO - Setting next_dagrun for example_subdag_operator.section-1 to None, run_after=None
[2024-07-02T17:08:57.560+0000] {logging_mixin.py:137} INFO - [2024-07-02T17:08:57.560+0000] {dag.py:3437} INFO - Setting next_dagrun for example_subdag_operator.section-2 to None, run_after=None
[2024-07-02T17:08:57.566+0000] {logging_mixin.py:137} INFO - [2024-07-02T17:08:57.565+0000] {dag.py:2690} INFO - Sync 2 DAGs
[2024-07-02T17:08:57.570+0000] {logging_mixin.py:137} INFO - [2024-07-02T17:08:57.569+0000] {dag.py:3437} INFO - Setting next_dagrun for example_subdag_operator.section-1 to None, run_after=None
[2024-07-02T17:08:57.570+0000] {logging_mixin.py:137} INFO - [2024-07-02T17:08:57.570+0000] {dag.py:3437} INFO - Setting next_dagrun for example_subdag_operator.section-2 to None, run_after=None
[2024-07-02T17:08:57.585+0000] {processor.py:175} INFO - Processing /home/jacksonlmakl/data_flow_tool/airflow_home/airflow_venv/lib/python3.8/site-packages/airflow/example_dags/example_subdag_operator.py took 0.104 seconds
