[2024-07-02T17:07:25.084+0000] {processor.py:153} INFO - Started process (PID=7150) to work on /home/jacksonlmakl/data_flow_tool/airflow_home/airflow_venv/lib/python3.8/site-packages/airflow/example_dags/tutorial_taskflow_api.py
[2024-07-02T17:07:25.085+0000] {processor.py:743} INFO - Processing file /home/jacksonlmakl/data_flow_tool/airflow_home/airflow_venv/lib/python3.8/site-packages/airflow/example_dags/tutorial_taskflow_api.py for tasks to queue
[2024-07-02T17:07:25.086+0000] {logging_mixin.py:137} INFO - [2024-07-02T17:07:25.086+0000] {dagbag.py:538} INFO - Filling up the DagBag from /home/jacksonlmakl/data_flow_tool/airflow_home/airflow_venv/lib/python3.8/site-packages/airflow/example_dags/tutorial_taskflow_api.py
[2024-07-02T17:07:25.112+0000] {processor.py:753} INFO - DAG(s) dict_keys(['tutorial_taskflow_api']) retrieved from /home/jacksonlmakl/data_flow_tool/airflow_home/airflow_venv/lib/python3.8/site-packages/airflow/example_dags/tutorial_taskflow_api.py
[2024-07-02T17:07:25.222+0000] {logging_mixin.py:137} INFO - [2024-07-02T17:07:25.221+0000] {manager.py:504} INFO - Created Permission View: can read on DAG:tutorial_taskflow_api
[2024-07-02T17:07:25.233+0000] {logging_mixin.py:137} INFO - [2024-07-02T17:07:25.233+0000] {manager.py:504} INFO - Created Permission View: can delete on DAG:tutorial_taskflow_api
[2024-07-02T17:07:25.243+0000] {logging_mixin.py:137} INFO - [2024-07-02T17:07:25.243+0000] {manager.py:504} INFO - Created Permission View: can edit on DAG:tutorial_taskflow_api
[2024-07-02T17:07:25.244+0000] {logging_mixin.py:137} INFO - [2024-07-02T17:07:25.243+0000] {dag.py:2690} INFO - Sync 1 DAGs
[2024-07-02T17:07:25.254+0000] {logging_mixin.py:137} INFO - [2024-07-02T17:07:25.254+0000] {dag.py:2711} INFO - Creating ORM DAG for tutorial_taskflow_api
[2024-07-02T17:07:25.265+0000] {logging_mixin.py:137} INFO - [2024-07-02T17:07:25.265+0000] {dag.py:3437} INFO - Setting next_dagrun for tutorial_taskflow_api to None, run_after=None
[2024-07-02T17:07:25.286+0000] {processor.py:175} INFO - Processing /home/jacksonlmakl/data_flow_tool/airflow_home/airflow_venv/lib/python3.8/site-packages/airflow/example_dags/tutorial_taskflow_api.py took 0.206 seconds
[2024-07-02T17:08:17.489+0000] {processor.py:153} INFO - Started process (PID=7226) to work on /home/jacksonlmakl/data_flow_tool/airflow_home/airflow_venv/lib/python3.8/site-packages/airflow/example_dags/tutorial_taskflow_api.py
[2024-07-02T17:08:17.491+0000] {processor.py:743} INFO - Processing file /home/jacksonlmakl/data_flow_tool/airflow_home/airflow_venv/lib/python3.8/site-packages/airflow/example_dags/tutorial_taskflow_api.py for tasks to queue
[2024-07-02T17:08:17.491+0000] {logging_mixin.py:137} INFO - [2024-07-02T17:08:17.491+0000] {dagbag.py:538} INFO - Filling up the DagBag from /home/jacksonlmakl/data_flow_tool/airflow_home/airflow_venv/lib/python3.8/site-packages/airflow/example_dags/tutorial_taskflow_api.py
[2024-07-02T17:08:17.517+0000] {processor.py:753} INFO - DAG(s) dict_keys(['tutorial_taskflow_api']) retrieved from /home/jacksonlmakl/data_flow_tool/airflow_home/airflow_venv/lib/python3.8/site-packages/airflow/example_dags/tutorial_taskflow_api.py
[2024-07-02T17:08:17.537+0000] {logging_mixin.py:137} INFO - [2024-07-02T17:08:17.537+0000] {dag.py:2690} INFO - Sync 1 DAGs
[2024-07-02T17:08:17.559+0000] {logging_mixin.py:137} INFO - [2024-07-02T17:08:17.559+0000] {dag.py:3437} INFO - Setting next_dagrun for tutorial_taskflow_api to None, run_after=None
[2024-07-02T17:08:17.581+0000] {processor.py:175} INFO - Processing /home/jacksonlmakl/data_flow_tool/airflow_home/airflow_venv/lib/python3.8/site-packages/airflow/example_dags/tutorial_taskflow_api.py took 0.096 seconds
[2024-07-02T17:09:24.388+0000] {processor.py:153} INFO - Started process (PID=7298) to work on /home/jacksonlmakl/data_flow_tool/airflow_home/airflow_venv/lib/python3.8/site-packages/airflow/example_dags/tutorial_taskflow_api.py
[2024-07-02T17:09:24.389+0000] {processor.py:743} INFO - Processing file /home/jacksonlmakl/data_flow_tool/airflow_home/airflow_venv/lib/python3.8/site-packages/airflow/example_dags/tutorial_taskflow_api.py for tasks to queue
[2024-07-02T17:09:24.390+0000] {logging_mixin.py:137} INFO - [2024-07-02T17:09:24.390+0000] {dagbag.py:538} INFO - Filling up the DagBag from /home/jacksonlmakl/data_flow_tool/airflow_home/airflow_venv/lib/python3.8/site-packages/airflow/example_dags/tutorial_taskflow_api.py
[2024-07-02T17:09:24.416+0000] {processor.py:753} INFO - DAG(s) dict_keys(['tutorial_taskflow_api']) retrieved from /home/jacksonlmakl/data_flow_tool/airflow_home/airflow_venv/lib/python3.8/site-packages/airflow/example_dags/tutorial_taskflow_api.py
[2024-07-02T17:09:24.435+0000] {logging_mixin.py:137} INFO - [2024-07-02T17:09:24.435+0000] {dag.py:2690} INFO - Sync 1 DAGs
[2024-07-02T17:09:24.456+0000] {logging_mixin.py:137} INFO - [2024-07-02T17:09:24.456+0000] {dag.py:3437} INFO - Setting next_dagrun for tutorial_taskflow_api to None, run_after=None
[2024-07-02T17:09:24.478+0000] {processor.py:175} INFO - Processing /home/jacksonlmakl/data_flow_tool/airflow_home/airflow_venv/lib/python3.8/site-packages/airflow/example_dags/tutorial_taskflow_api.py took 0.094 seconds
